[1.615s] Invoking command in '/home/krist/sensor_ws/src/camera_driver': PYTHONPATH=/home/krist/sensor_ws/build/camera_driver/prefix_override:/usr/lib/python3/dist-packages/colcon_core/task/python/colcon_distutils_commands:/home/krist/sensor_ws/install/camera_driver/lib/python3.10/site-packages:${PYTHONPATH} /usr/bin/python3 -W ignore:setup.py install is deprecated -W ignore:easy_install command is deprecated setup.py egg_info --egg-base ../../build/camera_driver build --build-base /home/krist/sensor_ws/build/camera_driver/build install --record /home/krist/sensor_ws/build/camera_driver/install.log --install-scripts $base/lib/camera_driver --single-version-externally-managed install_data
[1.917s] /home/krist/.local/lib/python3.10/site-packages/setuptools/dist.py:599: SetuptoolsDeprecationWarning: Invalid dash-separated key 'script-dir' in 'develop' (setup.cfg), please use the underscore name 'script_dir' instead.
[1.917s] !!
[1.917s] 
[1.917s]         ********************************************************************************
[1.917s]         Usage of dash-separated 'script-dir' will not be supported in future
[1.917s]         versions. Please use the underscore name 'script_dir' instead.
[1.917s] 
[1.918s]         This deprecation is overdue, please update your project and remove deprecated
[1.918s]         calls to avoid build errors in the future.
[1.918s] 
[1.918s]         See https://setuptools.pypa.io/en/latest/userguide/declarative_config.html for details.
[1.918s]         ********************************************************************************
[1.918s] 
[1.918s] !!
[1.918s]   opt = self._enforce_underscore(opt, section)
[1.955s] /home/krist/.local/lib/python3.10/site-packages/setuptools/_distutils/dist.py:289: UserWarning: Unknown distribution option: 'tests_require'
[1.955s]   warnings.warn(msg)
[2.026s] /home/krist/.local/lib/python3.10/site-packages/setuptools/dist.py:599: SetuptoolsDeprecationWarning: Invalid dash-separated key 'script-dir' in 'develop' (setup.cfg), please use the underscore name 'script_dir' instead.
[2.026s] !!
[2.026s] 
[2.026s]         ********************************************************************************
[2.027s]         Usage of dash-separated 'script-dir' will not be supported in future
[2.027s]         versions. Please use the underscore name 'script_dir' instead.
[2.027s]         (Affected: camera_driver).
[2.027s] 
[2.027s]         This deprecation is overdue, please update your project and remove deprecated
[2.027s]         calls to avoid build errors in the future.
[2.027s] 
[2.027s]         See https://setuptools.pypa.io/en/latest/userguide/declarative_config.html for details.
[2.027s]         ********************************************************************************
[2.028s] 
[2.028s] !!
[2.028s]   opt = self._enforce_underscore(opt, section)
[2.173s] running egg_info
[2.208s] writing ../../build/camera_driver/camera_driver.egg-info/PKG-INFO
[2.209s] writing dependency_links to ../../build/camera_driver/camera_driver.egg-info/dependency_links.txt
[2.210s] writing entry points to ../../build/camera_driver/camera_driver.egg-info/entry_points.txt
[2.210s] writing requirements to ../../build/camera_driver/camera_driver.egg-info/requires.txt
[2.211s] writing top-level names to ../../build/camera_driver/camera_driver.egg-info/top_level.txt
[2.285s] reading manifest file '../../build/camera_driver/camera_driver.egg-info/SOURCES.txt'
[2.288s] writing manifest file '../../build/camera_driver/camera_driver.egg-info/SOURCES.txt'
[2.288s] running build
[2.288s] running build_py
[2.289s] copying camera_driver/gst_node.py -> /home/krist/sensor_ws/build/camera_driver/build/lib/camera_driver
[2.289s] copying camera_driver/__init__.py -> /home/krist/sensor_ws/build/camera_driver/build/lib/camera_driver
[2.290s] running install
[2.298s] running install_lib
[2.335s] copying /home/krist/sensor_ws/build/camera_driver/build/lib/camera_driver/gst_node.py -> /home/krist/sensor_ws/install/camera_driver/lib/python3.10/site-packages/camera_driver
[2.336s] byte-compiling /home/krist/sensor_ws/install/camera_driver/lib/python3.10/site-packages/camera_driver/gst_node.py to gst_node.cpython-310.pyc
[2.340s] running install_data
[2.341s] copying resource/camera_driver -> /home/krist/sensor_ws/install/camera_driver/share/ament_index/resource_index/packages
[2.341s] copying package.xml -> /home/krist/sensor_ws/install/camera_driver/share/camera_driver
[2.342s] copying launch/camera_launch.py -> /home/krist/sensor_ws/install/camera_driver/share/camera_driver/launch
[2.342s] copying weights/rgb_best.pt -> /home/krist/sensor_ws/install/camera_driver/share/camera_driver/weights
[2.425s] copying weights/thermal_best.pt -> /home/krist/sensor_ws/install/camera_driver/share/camera_driver/weights
[2.503s] running install_egg_info
[2.544s] removing '/home/krist/sensor_ws/install/camera_driver/lib/python3.10/site-packages/camera_driver-0.0.0-py3.10.egg-info' (and everything under it)
[2.544s] Copying ../../build/camera_driver/camera_driver.egg-info to /home/krist/sensor_ws/install/camera_driver/lib/python3.10/site-packages/camera_driver-0.0.0-py3.10.egg-info
[2.547s] running install_scripts
[2.826s] Installing gst_node script to /home/krist/sensor_ws/install/camera_driver/lib/camera_driver
[2.827s] writing list of installed files to '/home/krist/sensor_ws/build/camera_driver/install.log'
[2.904s] Invoked command in '/home/krist/sensor_ws/src/camera_driver' returned '0': PYTHONPATH=/home/krist/sensor_ws/build/camera_driver/prefix_override:/usr/lib/python3/dist-packages/colcon_core/task/python/colcon_distutils_commands:/home/krist/sensor_ws/install/camera_driver/lib/python3.10/site-packages:${PYTHONPATH} /usr/bin/python3 -W ignore:setup.py install is deprecated -W ignore:easy_install command is deprecated setup.py egg_info --egg-base ../../build/camera_driver build --build-base /home/krist/sensor_ws/build/camera_driver/build install --record /home/krist/sensor_ws/build/camera_driver/install.log --install-scripts $base/lib/camera_driver --single-version-externally-managed install_data
