[1.745s] Invoking command in '/home/krist/sensor2_ws/src/camera_driver': PYTHONPATH=/home/krist/sensor2_ws/build/camera_driver/prefix_override:/usr/lib/python3/dist-packages/colcon_core/task/python/colcon_distutils_commands:/home/krist/sensor2_ws/install/camera_driver/lib/python3.10/site-packages:${PYTHONPATH} /usr/bin/python3 -W ignore:setup.py install is deprecated -W ignore:easy_install command is deprecated setup.py egg_info --egg-base ../../build/camera_driver build --build-base /home/krist/sensor2_ws/build/camera_driver/build install --record /home/krist/sensor2_ws/build/camera_driver/install.log --install-scripts $base/lib/camera_driver --single-version-externally-managed install_data
[2.065s] /home/krist/.local/lib/python3.10/site-packages/setuptools/dist.py:599: SetuptoolsDeprecationWarning: Invalid dash-separated key 'script-dir' in 'develop' (setup.cfg), please use the underscore name 'script_dir' instead.
[2.065s] !!
[2.065s] 
[2.065s]         ********************************************************************************
[2.066s]         Usage of dash-separated 'script-dir' will not be supported in future
[2.066s]         versions. Please use the underscore name 'script_dir' instead.
[2.066s] 
[2.066s]         This deprecation is overdue, please update your project and remove deprecated
[2.067s]         calls to avoid build errors in the future.
[2.067s] 
[2.067s]         See https://setuptools.pypa.io/en/latest/userguide/declarative_config.html for details.
[2.067s]         ********************************************************************************
[2.067s] 
[2.068s] !!
[2.068s]   opt = self._enforce_underscore(opt, section)
[2.105s] /home/krist/.local/lib/python3.10/site-packages/setuptools/_distutils/dist.py:289: UserWarning: Unknown distribution option: 'tests_require'
[2.105s]   warnings.warn(msg)
[2.181s] /home/krist/.local/lib/python3.10/site-packages/setuptools/dist.py:599: SetuptoolsDeprecationWarning: Invalid dash-separated key 'script-dir' in 'develop' (setup.cfg), please use the underscore name 'script_dir' instead.
[2.181s] !!
[2.182s] 
[2.182s]         ********************************************************************************
[2.182s]         Usage of dash-separated 'script-dir' will not be supported in future
[2.182s]         versions. Please use the underscore name 'script_dir' instead.
[2.183s]         (Affected: camera_driver).
[2.183s] 
[2.183s]         This deprecation is overdue, please update your project and remove deprecated
[2.183s]         calls to avoid build errors in the future.
[2.184s] 
[2.184s]         See https://setuptools.pypa.io/en/latest/userguide/declarative_config.html for details.
[2.184s]         ********************************************************************************
[2.184s] 
[2.184s] !!
[2.185s]   opt = self._enforce_underscore(opt, section)
[2.338s] running egg_info
[2.375s] writing ../../build/camera_driver/camera_driver.egg-info/PKG-INFO
[2.376s] writing dependency_links to ../../build/camera_driver/camera_driver.egg-info/dependency_links.txt
[2.377s] writing entry points to ../../build/camera_driver/camera_driver.egg-info/entry_points.txt
[2.377s] writing requirements to ../../build/camera_driver/camera_driver.egg-info/requires.txt
[2.378s] writing top-level names to ../../build/camera_driver/camera_driver.egg-info/top_level.txt
[2.459s] reading manifest file '../../build/camera_driver/camera_driver.egg-info/SOURCES.txt'
[2.462s] writing manifest file '../../build/camera_driver/camera_driver.egg-info/SOURCES.txt'
[2.462s] running build
[2.462s] running build_py
[2.463s] copying camera_driver/rgb_gst_node.py -> /home/krist/sensor2_ws/build/camera_driver/build/lib/camera_driver
[2.463s] copying camera_driver/__init__.py -> /home/krist/sensor2_ws/build/camera_driver/build/lib/camera_driver
[2.464s] running install
[2.472s] running install_lib
[2.514s] running install_data
[2.514s] copying resource/camera_driver -> /home/krist/sensor2_ws/install/camera_driver/share/ament_index/resource_index/packages
[2.515s] copying package.xml -> /home/krist/sensor2_ws/install/camera_driver/share/camera_driver
[2.515s] copying launch/camera_launch.py -> /home/krist/sensor2_ws/install/camera_driver/share/camera_driver/launch
[2.516s] copying weights/rgb_best.pt -> /home/krist/sensor2_ws/install/camera_driver/share/camera_driver/weights
[2.603s] copying weights/thermal_best.pt -> /home/krist/sensor2_ws/install/camera_driver/share/camera_driver/weights
[2.680s] running install_egg_info
[2.723s] removing '/home/krist/sensor2_ws/install/camera_driver/lib/python3.10/site-packages/camera_driver-0.0.0-py3.10.egg-info' (and everything under it)
[2.723s] Copying ../../build/camera_driver/camera_driver.egg-info to /home/krist/sensor2_ws/install/camera_driver/lib/python3.10/site-packages/camera_driver-0.0.0-py3.10.egg-info
[2.725s] running install_scripts
[3.030s] Installing rgb_gst_node script to /home/krist/sensor2_ws/install/camera_driver/lib/camera_driver
[3.031s] writing list of installed files to '/home/krist/sensor2_ws/build/camera_driver/install.log'
[3.106s] Invoked command in '/home/krist/sensor2_ws/src/camera_driver' returned '0': PYTHONPATH=/home/krist/sensor2_ws/build/camera_driver/prefix_override:/usr/lib/python3/dist-packages/colcon_core/task/python/colcon_distutils_commands:/home/krist/sensor2_ws/install/camera_driver/lib/python3.10/site-packages:${PYTHONPATH} /usr/bin/python3 -W ignore:setup.py install is deprecated -W ignore:easy_install command is deprecated setup.py egg_info --egg-base ../../build/camera_driver build --build-base /home/krist/sensor2_ws/build/camera_driver/build install --record /home/krist/sensor2_ws/build/camera_driver/install.log --install-scripts $base/lib/camera_driver --single-version-externally-managed install_data
