[0.035s] Invoking command in '/home/krist/sensor_ws/build/sllidar_ros2': CMAKE_PREFIX_PATH=/opt/ros/humble /usr/bin/cmake --build /home/krist/sensor_ws/build/sllidar_ros2 -- -j6 -l6
[0.398s] [ 70%] Built target sllidar_client
[0.399s] [100%] Built target sllidar_node
[0.431s] Invoked command in '/home/krist/sensor_ws/build/sllidar_ros2' returned '0': CMAKE_PREFIX_PATH=/opt/ros/humble /usr/bin/cmake --build /home/krist/sensor_ws/build/sllidar_ros2 -- -j6 -l6
[0.461s] Invoking command in '/home/krist/sensor_ws/build/sllidar_ros2': CMAKE_PREFIX_PATH=/opt/ros/humble /usr/bin/cmake --install /home/krist/sensor_ws/build/sllidar_ros2
[0.486s] -- Install configuration: ""
[0.487s] -- Up-to-date: /home/krist/sensor_ws/install/sllidar_ros2/share/sllidar_ros2/launch
[0.487s] -- Up-to-date: /home/krist/sensor_ws/install/sllidar_ros2/share/sllidar_ros2/launch/view_sllidar_a2m8_launch.py
[0.487s] -- Up-to-date: /home/krist/sensor_ws/install/sllidar_ros2/share/sllidar_ros2/launch/view_sllidar_a3_launch.py
[0.488s] -- Up-to-date: /home/krist/sensor_ws/install/sllidar_ros2/share/sllidar_ros2/launch/view_sllidar_s2e_launch.py
[0.488s] -- Up-to-date: /home/krist/sensor_ws/install/sllidar_ros2/share/sllidar_ros2/launch/sllidar_a1_launch.py
[0.488s] -- Up-to-date: /home/krist/sensor_ws/install/sllidar_ros2/share/sllidar_ros2/launch/view_sllidar_a2m7_launch.py
[0.488s] -- Up-to-date: /home/krist/sensor_ws/install/sllidar_ros2/share/sllidar_ros2/launch/sllidar_s3_launch.py
[0.488s] -- Up-to-date: /home/krist/sensor_ws/install/sllidar_ros2/share/sllidar_ros2/launch/sllidar_c1_launch.py
[0.489s] -- Up-to-date: /home/krist/sensor_ws/install/sllidar_ros2/share/sllidar_ros2/launch/sllidar_t1_launch.py
[0.489s] -- Up-to-date: /home/krist/sensor_ws/install/sllidar_ros2/share/sllidar_ros2/launch/sllidar_s1_tcp_launch.py
[0.489s] -- Up-to-date: /home/krist/sensor_ws/install/sllidar_ros2/share/sllidar_ros2/launch/view_sllidar_s3_launch.py
[0.489s] -- Up-to-date: /home/krist/sensor_ws/install/sllidar_ros2/share/sllidar_ros2/launch/view_sllidar_s2_launch.py
[0.489s] -- Installing: /home/krist/sensor_ws/install/sllidar_ros2/share/sllidar_ros2/launch/view_sllidar_c1_launch.py
[0.489s] -- Up-to-date: /home/krist/sensor_ws/install/sllidar_ros2/share/sllidar_ros2/launch/sllidar_s1_launch.py
[0.490s] -- Up-to-date: /home/krist/sensor_ws/install/sllidar_ros2/share/sllidar_ros2/launch/sllidar_s2_launch.py
[0.490s] -- Up-to-date: /home/krist/sensor_ws/install/sllidar_ros2/share/sllidar_ros2/launch/sllidar_s2e_launch.py
[0.490s] -- Up-to-date: /home/krist/sensor_ws/install/sllidar_ros2/share/sllidar_ros2/launch/view_sllidar_s1_launch.py
[0.490s] -- Up-to-date: /home/krist/sensor_ws/install/sllidar_ros2/share/sllidar_ros2/launch/view_sllidar_t1_launch.py
[0.490s] -- Up-to-date: /home/krist/sensor_ws/install/sllidar_ros2/share/sllidar_ros2/launch/sllidar_a2m7_launch.py
[0.490s] -- Up-to-date: /home/krist/sensor_ws/install/sllidar_ros2/share/sllidar_ros2/launch/view_sllidar_s1_tcp_launch.py
[0.490s] -- Up-to-date: /home/krist/sensor_ws/install/sllidar_ros2/share/sllidar_ros2/launch/view_sllidar_a2m12_launch.py
[0.491s] -- Up-to-date: /home/krist/sensor_ws/install/sllidar_ros2/share/sllidar_ros2/launch/sllidar_a2m12_launch .py
[0.491s] -- Up-to-date: /home/krist/sensor_ws/install/sllidar_ros2/share/sllidar_ros2/launch/sllidar_a3_launch.py
[0.491s] -- Up-to-date: /home/krist/sensor_ws/install/sllidar_ros2/share/sllidar_ros2/launch/sllidar_a2m8_launch.py
[0.491s] -- Up-to-date: /home/krist/sensor_ws/install/sllidar_ros2/share/sllidar_ros2/launch/view_sllidar_a1_launch.py
[0.491s] -- Up-to-date: /home/krist/sensor_ws/install/sllidar_ros2/share/sllidar_ros2/rviz
[0.491s] -- Up-to-date: /home/krist/sensor_ws/install/sllidar_ros2/share/sllidar_ros2/rviz/sllidar_ros2.rviz
[0.492s] -- Up-to-date: /home/krist/sensor_ws/install/sllidar_ros2/lib/sllidar_ros2/sllidar_node
[0.494s] -- Up-to-date: /home/krist/sensor_ws/install/sllidar_ros2/lib/sllidar_ros2/sllidar_client
[0.495s] -- Up-to-date: /home/krist/sensor_ws/install/sllidar_ros2/share/ament_index/resource_index/package_run_dependencies/sllidar_ros2
[0.496s] -- Up-to-date: /home/krist/sensor_ws/install/sllidar_ros2/share/ament_index/resource_index/parent_prefix_path/sllidar_ros2
[0.496s] -- Up-to-date: /home/krist/sensor_ws/install/sllidar_ros2/share/sllidar_ros2/environment/ament_prefix_path.sh
[0.496s] -- Up-to-date: /home/krist/sensor_ws/install/sllidar_ros2/share/sllidar_ros2/environment/ament_prefix_path.dsv
[0.497s] -- Up-to-date: /home/krist/sensor_ws/install/sllidar_ros2/share/sllidar_ros2/environment/path.sh
[0.497s] -- Up-to-date: /home/krist/sensor_ws/install/sllidar_ros2/share/sllidar_ros2/environment/path.dsv
[0.497s] -- Up-to-date: /home/krist/sensor_ws/install/sllidar_ros2/share/sllidar_ros2/local_setup.bash
[0.497s] -- Up-to-date: /home/krist/sensor_ws/install/sllidar_ros2/share/sllidar_ros2/local_setup.sh
[0.497s] -- Up-to-date: /home/krist/sensor_ws/install/sllidar_ros2/share/sllidar_ros2/local_setup.zsh
[0.498s] -- Up-to-date: /home/krist/sensor_ws/install/sllidar_ros2/share/sllidar_ros2/local_setup.dsv
[0.498s] -- Installing: /home/krist/sensor_ws/install/sllidar_ros2/share/sllidar_ros2/package.dsv
[0.499s] -- Up-to-date: /home/krist/sensor_ws/install/sllidar_ros2/share/ament_index/resource_index/packages/sllidar_ros2
[0.499s] -- Up-to-date: /home/krist/sensor_ws/install/sllidar_ros2/share/sllidar_ros2/cmake/ament_cmake_export_dependencies-extras.cmake
[0.499s] -- Up-to-date: /home/krist/sensor_ws/install/sllidar_ros2/share/sllidar_ros2/cmake/ament_cmake_export_include_directories-extras.cmake
[0.499s] -- Up-to-date: /home/krist/sensor_ws/install/sllidar_ros2/share/sllidar_ros2/cmake/sllidar_ros2Config.cmake
[0.500s] -- Up-to-date: /home/krist/sensor_ws/install/sllidar_ros2/share/sllidar_ros2/cmake/sllidar_ros2Config-version.cmake
[0.500s] -- Up-to-date: /home/krist/sensor_ws/install/sllidar_ros2/share/sllidar_ros2/package.xml
[0.505s] Invoked command in '/home/krist/sensor_ws/build/sllidar_ros2' returned '0': CMAKE_PREFIX_PATH=/opt/ros/humble /usr/bin/cmake --install /home/krist/sensor_ws/build/sllidar_ros2
