running egg_info
creating ../../build/camera_driver/camera_driver.egg-info
writing ../../build/camera_driver/camera_driver.egg-info/PKG-INFO
writing dependency_links to ../../build/camera_driver/camera_driver.egg-info/dependency_links.txt
writing entry points to ../../build/camera_driver/camera_driver.egg-info/entry_points.txt
writing requirements to ../../build/camera_driver/camera_driver.egg-info/requires.txt
writing top-level names to ../../build/camera_driver/camera_driver.egg-info/top_level.txt
writing manifest file '../../build/camera_driver/camera_driver.egg-info/SOURCES.txt'
reading manifest file '../../build/camera_driver/camera_driver.egg-info/SOURCES.txt'
writing manifest file '../../build/camera_driver/camera_driver.egg-info/SOURCES.txt'
running build
running build_py
creating /home/krist/sensor_ws/build/camera_driver/build
creating /home/krist/sensor_ws/build/camera_driver/build/lib
creating /home/krist/sensor_ws/build/camera_driver/build/lib/camera_driver
copying camera_driver/gst_node.py -> /home/krist/sensor_ws/build/camera_driver/build/lib/camera_driver
copying camera_driver/__init__.py -> /home/krist/sensor_ws/build/camera_driver/build/lib/camera_driver
running install
running install_lib
creating /home/krist/sensor_ws/install/camera_driver/lib/python3.10/site-packages/camera_driver
copying /home/krist/sensor_ws/build/camera_driver/build/lib/camera_driver/gst_node.py -> /home/krist/sensor_ws/install/camera_driver/lib/python3.10/site-packages/camera_driver
copying /home/krist/sensor_ws/build/camera_driver/build/lib/camera_driver/__init__.py -> /home/krist/sensor_ws/install/camera_driver/lib/python3.10/site-packages/camera_driver
byte-compiling /home/krist/sensor_ws/install/camera_driver/lib/python3.10/site-packages/camera_driver/gst_node.py to gst_node.cpython-310.pyc
byte-compiling /home/krist/sensor_ws/install/camera_driver/lib/python3.10/site-packages/camera_driver/__init__.py to __init__.cpython-310.pyc
running install_data
creating /home/krist/sensor_ws/install/camera_driver/share/ament_index
creating /home/krist/sensor_ws/install/camera_driver/share/ament_index/resource_index
creating /home/krist/sensor_ws/install/camera_driver/share/ament_index/resource_index/packages
copying resource/camera_driver -> /home/krist/sensor_ws/install/camera_driver/share/ament_index/resource_index/packages
copying package.xml -> /home/krist/sensor_ws/install/camera_driver/share/camera_driver
creating /home/krist/sensor_ws/install/camera_driver/share/camera_driver/launch
copying launch/camera_launch.py -> /home/krist/sensor_ws/install/camera_driver/share/camera_driver/launch
creating /home/krist/sensor_ws/install/camera_driver/share/camera_driver/weights
copying weights/rgb_best.pt -> /home/krist/sensor_ws/install/camera_driver/share/camera_driver/weights
copying weights/thermal_best.pt -> /home/krist/sensor_ws/install/camera_driver/share/camera_driver/weights
running install_egg_info
Copying ../../build/camera_driver/camera_driver.egg-info to /home/krist/sensor_ws/install/camera_driver/lib/python3.10/site-packages/camera_driver-0.0.0-py3.10.egg-info
running install_scripts
Installing gst_node script to /home/krist/sensor_ws/install/camera_driver/lib/camera_driver
writing list of installed files to '/home/krist/sensor_ws/build/camera_driver/install.log'
