[3.137s] Invoking command in '/home/krist/sensor_ws/src/camera_driver': PYTHONPATH=/home/krist/sensor_ws/build/camera_driver/prefix_override:/usr/lib/python3/dist-packages/colcon_core/task/python/colcon_distutils_commands:/home/krist/sensor_ws/install/camera_driver/lib/python3.10/site-packages:${PYTHONPATH} /usr/bin/python3 -W ignore:setup.py install is deprecated -W ignore:easy_install command is deprecated setup.py egg_info --egg-base ../../build/camera_driver build --build-base /home/krist/sensor_ws/build/camera_driver/build install --record /home/krist/sensor_ws/build/camera_driver/install.log --install-scripts $base/lib/camera_driver --single-version-externally-managed install_data
[3.732s] /usr/lib/python3/dist-packages/setuptools/dist.py:723: UserWarning: Usage of dash-separated 'script-dir' will not be supported in future versions. Please use the underscore name 'script_dir' instead
[3.732s]   warnings.warn(
[3.757s] running egg_info
[3.758s] creating ../../build/camera_driver/camera_driver.egg-info
[3.760s] writing ../../build/camera_driver/camera_driver.egg-info/PKG-INFO
[3.760s] writing dependency_links to ../../build/camera_driver/camera_driver.egg-info/dependency_links.txt
[3.761s] writing entry points to ../../build/camera_driver/camera_driver.egg-info/entry_points.txt
[3.761s] writing requirements to ../../build/camera_driver/camera_driver.egg-info/requires.txt
[3.761s] writing top-level names to ../../build/camera_driver/camera_driver.egg-info/top_level.txt
[3.762s] writing manifest file '../../build/camera_driver/camera_driver.egg-info/SOURCES.txt'
[3.768s] reading manifest file '../../build/camera_driver/camera_driver.egg-info/SOURCES.txt'
[3.770s] writing manifest file '../../build/camera_driver/camera_driver.egg-info/SOURCES.txt'
[3.771s] running build
[3.771s] running build_py
[3.771s] creating /home/krist/sensor_ws/build/camera_driver/build
[3.771s] creating /home/krist/sensor_ws/build/camera_driver/build/lib
[3.771s] creating /home/krist/sensor_ws/build/camera_driver/build/lib/camera_driver
[3.772s] copying camera_driver/gst_node.py -> /home/krist/sensor_ws/build/camera_driver/build/lib/camera_driver
[3.772s] copying camera_driver/__init__.py -> /home/krist/sensor_ws/build/camera_driver/build/lib/camera_driver
[3.773s] running install
[3.774s] running install_lib
[3.776s] creating /home/krist/sensor_ws/install/camera_driver/lib/python3.10/site-packages/camera_driver
[3.776s] copying /home/krist/sensor_ws/build/camera_driver/build/lib/camera_driver/gst_node.py -> /home/krist/sensor_ws/install/camera_driver/lib/python3.10/site-packages/camera_driver
[3.777s] copying /home/krist/sensor_ws/build/camera_driver/build/lib/camera_driver/__init__.py -> /home/krist/sensor_ws/install/camera_driver/lib/python3.10/site-packages/camera_driver
[3.778s] byte-compiling /home/krist/sensor_ws/install/camera_driver/lib/python3.10/site-packages/camera_driver/gst_node.py to gst_node.cpython-310.pyc
[3.782s] byte-compiling /home/krist/sensor_ws/install/camera_driver/lib/python3.10/site-packages/camera_driver/__init__.py to __init__.cpython-310.pyc
[3.783s] running install_data
[3.783s] creating /home/krist/sensor_ws/install/camera_driver/share/ament_index
[3.783s] creating /home/krist/sensor_ws/install/camera_driver/share/ament_index/resource_index
[3.784s] creating /home/krist/sensor_ws/install/camera_driver/share/ament_index/resource_index/packages
[3.784s] copying resource/camera_driver -> /home/krist/sensor_ws/install/camera_driver/share/ament_index/resource_index/packages
[3.785s] copying package.xml -> /home/krist/sensor_ws/install/camera_driver/share/camera_driver
[3.785s] creating /home/krist/sensor_ws/install/camera_driver/share/camera_driver/launch
[3.786s] copying launch/camera_launch.py -> /home/krist/sensor_ws/install/camera_driver/share/camera_driver/launch
[3.786s] creating /home/krist/sensor_ws/install/camera_driver/share/camera_driver/weights
[3.786s] copying weights/rgb_best.pt -> /home/krist/sensor_ws/install/camera_driver/share/camera_driver/weights
[4.312s] copying weights/thermal_best.pt -> /home/krist/sensor_ws/install/camera_driver/share/camera_driver/weights
[4.794s] running install_egg_info
[4.803s] Copying ../../build/camera_driver/camera_driver.egg-info to /home/krist/sensor_ws/install/camera_driver/lib/python3.10/site-packages/camera_driver-0.0.0-py3.10.egg-info
[4.806s] running install_scripts
[4.874s] Installing gst_node script to /home/krist/sensor_ws/install/camera_driver/lib/camera_driver
[4.875s] writing list of installed files to '/home/krist/sensor_ws/build/camera_driver/install.log'
[4.984s] Invoked command in '/home/krist/sensor_ws/src/camera_driver' returned '0': PYTHONPATH=/home/krist/sensor_ws/build/camera_driver/prefix_override:/usr/lib/python3/dist-packages/colcon_core/task/python/colcon_distutils_commands:/home/krist/sensor_ws/install/camera_driver/lib/python3.10/site-packages:${PYTHONPATH} /usr/bin/python3 -W ignore:setup.py install is deprecated -W ignore:easy_install command is deprecated setup.py egg_info --egg-base ../../build/camera_driver build --build-base /home/krist/sensor_ws/build/camera_driver/build install --record /home/krist/sensor_ws/build/camera_driver/install.log --install-scripts $base/lib/camera_driver --single-version-externally-managed install_data
