[1.957s] Invoking command in '/home/krist/sensor_ws/src/camera_driver': PYTHONPATH=/home/krist/sensor_ws/build/camera_driver/prefix_override:/usr/lib/python3/dist-packages/colcon_core/task/python/colcon_distutils_commands:/home/krist/sensor_ws/install/camera_driver/lib/python3.10/site-packages:${PYTHONPATH} /usr/bin/python3 -W ignore:setup.py install is deprecated -W ignore:easy_install command is deprecated setup.py egg_info --egg-base ../../build/camera_driver build --build-base /home/krist/sensor_ws/build/camera_driver/build install --record /home/krist/sensor_ws/build/camera_driver/install.log --install-scripts $base/lib/camera_driver --single-version-externally-managed install_data
[2.306s] /home/krist/.local/lib/python3.10/site-packages/setuptools/dist.py:599: SetuptoolsDeprecationWarning: Invalid dash-separated key 'script-dir' in 'develop' (setup.cfg), please use the underscore name 'script_dir' instead.
[2.306s] !!
[2.307s] 
[2.307s]         ********************************************************************************
[2.307s]         Usage of dash-separated 'script-dir' will not be supported in future
[2.307s]         versions. Please use the underscore name 'script_dir' instead.
[2.307s] 
[2.307s]         This deprecation is overdue, please update your project and remove deprecated
[2.307s]         calls to avoid build errors in the future.
[2.308s] 
[2.308s]         See https://setuptools.pypa.io/en/latest/userguide/declarative_config.html for details.
[2.308s]         ********************************************************************************
[2.308s] 
[2.308s] !!
[2.308s]   opt = self._enforce_underscore(opt, section)
[2.350s] /home/krist/.local/lib/python3.10/site-packages/setuptools/_distutils/dist.py:289: UserWarning: Unknown distribution option: 'tests_require'
[2.350s]   warnings.warn(msg)
[2.429s] /home/krist/.local/lib/python3.10/site-packages/setuptools/dist.py:599: SetuptoolsDeprecationWarning: Invalid dash-separated key 'script-dir' in 'develop' (setup.cfg), please use the underscore name 'script_dir' instead.
[2.429s] !!
[2.429s] 
[2.429s]         ********************************************************************************
[2.429s]         Usage of dash-separated 'script-dir' will not be supported in future
[2.429s]         versions. Please use the underscore name 'script_dir' instead.
[2.429s]         (Affected: camera_driver).
[2.430s] 
[2.430s]         This deprecation is overdue, please update your project and remove deprecated
[2.430s]         calls to avoid build errors in the future.
[2.430s] 
[2.430s]         See https://setuptools.pypa.io/en/latest/userguide/declarative_config.html for details.
[2.430s]         ********************************************************************************
[2.430s] 
[2.431s] !!
[2.431s]   opt = self._enforce_underscore(opt, section)
[2.593s] running egg_info
[2.632s] writing ../../build/camera_driver/camera_driver.egg-info/PKG-INFO
[2.635s] writing dependency_links to ../../build/camera_driver/camera_driver.egg-info/dependency_links.txt
[2.636s] writing entry points to ../../build/camera_driver/camera_driver.egg-info/entry_points.txt
[2.636s] writing requirements to ../../build/camera_driver/camera_driver.egg-info/requires.txt
[2.637s] writing top-level names to ../../build/camera_driver/camera_driver.egg-info/top_level.txt
[2.721s] reading manifest file '../../build/camera_driver/camera_driver.egg-info/SOURCES.txt'
[2.725s] writing manifest file '../../build/camera_driver/camera_driver.egg-info/SOURCES.txt'
[2.725s] running build
[2.725s] running build_py
[2.727s] copying camera_driver/survey_gst_node.py -> /home/krist/sensor_ws/build/camera_driver/build/lib/camera_driver
[2.728s] copying camera_driver/gst_node.py -> /home/krist/sensor_ws/build/camera_driver/build/lib/camera_driver
[2.729s] copying camera_driver/__init__.py -> /home/krist/sensor_ws/build/camera_driver/build/lib/camera_driver
[2.730s] running install
[2.740s] running install_lib
[2.783s] copying /home/krist/sensor_ws/build/camera_driver/build/lib/camera_driver/survey_gst_node.py -> /home/krist/sensor_ws/install/camera_driver/lib/python3.10/site-packages/camera_driver
[2.784s] copying /home/krist/sensor_ws/build/camera_driver/build/lib/camera_driver/gst_node.py -> /home/krist/sensor_ws/install/camera_driver/lib/python3.10/site-packages/camera_driver
[2.786s] byte-compiling /home/krist/sensor_ws/install/camera_driver/lib/python3.10/site-packages/camera_driver/survey_gst_node.py to survey_gst_node.cpython-310.pyc
[2.789s]   File "/home/krist/sensor_ws/install/camera_driver/lib/python3.10/site-packages/camera_driver/survey_gst_node.py", line 170
[2.790s]     "sensor_type": self.camera_type.upper() 
[2.790s]                    
[2.790s] SyntaxError: invalid syntax. Perhaps you forgot a comma?
[2.790s] 
[2.790s] byte-compiling /home/krist/sensor_ws/install/camera_driver/lib/python3.10/site-packages/camera_driver/gst_node.py to gst_node.cpython-310.pyc
[2.793s] running install_data
[2.795s] copying resource/camera_driver -> /home/krist/sensor_ws/install/camera_driver/share/ament_index/resource_index/packages
[2.795s] copying package.xml -> /home/krist/sensor_ws/install/camera_driver/share/camera_driver
[2.796s] copying launch/camera_launch.py -> /home/krist/sensor_ws/install/camera_driver/share/camera_driver/launch
[2.797s] copying weights/rgb_best.pt -> /home/krist/sensor_ws/install/camera_driver/share/camera_driver/weights
[3.274s] copying weights/thermal_best.pt -> /home/krist/sensor_ws/install/camera_driver/share/camera_driver/weights
[3.747s] running install_egg_info
[3.808s] removing '/home/krist/sensor_ws/install/camera_driver/lib/python3.10/site-packages/camera_driver-0.0.0-py3.10.egg-info' (and everything under it)
[3.809s] Copying ../../build/camera_driver/camera_driver.egg-info to /home/krist/sensor_ws/install/camera_driver/lib/python3.10/site-packages/camera_driver-0.0.0-py3.10.egg-info
[3.812s] running install_scripts
[4.137s] Installing gst_node script to /home/krist/sensor_ws/install/camera_driver/lib/camera_driver
[4.139s] Installing survey_gst_node script to /home/krist/sensor_ws/install/camera_driver/lib/camera_driver
[4.140s] writing list of installed files to '/home/krist/sensor_ws/build/camera_driver/install.log'
[4.262s] Invoked command in '/home/krist/sensor_ws/src/camera_driver' returned '0': PYTHONPATH=/home/krist/sensor_ws/build/camera_driver/prefix_override:/usr/lib/python3/dist-packages/colcon_core/task/python/colcon_distutils_commands:/home/krist/sensor_ws/install/camera_driver/lib/python3.10/site-packages:${PYTHONPATH} /usr/bin/python3 -W ignore:setup.py install is deprecated -W ignore:easy_install command is deprecated setup.py egg_info --egg-base ../../build/camera_driver build --build-base /home/krist/sensor_ws/build/camera_driver/build install --record /home/krist/sensor_ws/build/camera_driver/install.log --install-scripts $base/lib/camera_driver --single-version-externally-managed install_data
