[1.916s] Invoking command in '/home/krist/sensor_ws/src/camera_driver': PYTHONPATH=/home/krist/sensor_ws/build/camera_driver/prefix_override:/usr/lib/python3/dist-packages/colcon_core/task/python/colcon_distutils_commands:/home/krist/sensor_ws/install/camera_driver/lib/python3.10/site-packages:${PYTHONPATH} /usr/bin/python3 -W ignore:setup.py install is deprecated -W ignore:easy_install command is deprecated setup.py egg_info --egg-base ../../build/camera_driver build --build-base /home/krist/sensor_ws/build/camera_driver/build install --record /home/krist/sensor_ws/build/camera_driver/install.log --install-scripts $base/lib/camera_driver --single-version-externally-managed install_data
[2.234s] /home/krist/.local/lib/python3.10/site-packages/setuptools/dist.py:599: SetuptoolsDeprecationWarning: Invalid dash-separated key 'script-dir' in 'develop' (setup.cfg), please use the underscore name 'script_dir' instead.
[2.234s] !!
[2.235s] 
[2.235s]         ********************************************************************************
[2.235s]         Usage of dash-separated 'script-dir' will not be supported in future
[2.235s]         versions. Please use the underscore name 'script_dir' instead.
[2.235s] 
[2.235s]         This deprecation is overdue, please update your project and remove deprecated
[2.235s]         calls to avoid build errors in the future.
[2.235s] 
[2.236s]         See https://setuptools.pypa.io/en/latest/userguide/declarative_config.html for details.
[2.236s]         ********************************************************************************
[2.236s] 
[2.236s] !!
[2.236s]   opt = self._enforce_underscore(opt, section)
[2.276s] /home/krist/.local/lib/python3.10/site-packages/setuptools/_distutils/dist.py:289: UserWarning: Unknown distribution option: 'tests_require'
[2.277s]   warnings.warn(msg)
[2.352s] /home/krist/.local/lib/python3.10/site-packages/setuptools/dist.py:599: SetuptoolsDeprecationWarning: Invalid dash-separated key 'script-dir' in 'develop' (setup.cfg), please use the underscore name 'script_dir' instead.
[2.353s] !!
[2.353s] 
[2.353s]         ********************************************************************************
[2.353s]         Usage of dash-separated 'script-dir' will not be supported in future
[2.354s]         versions. Please use the underscore name 'script_dir' instead.
[2.354s]         (Affected: camera_driver).
[2.354s] 
[2.354s]         This deprecation is overdue, please update your project and remove deprecated
[2.355s]         calls to avoid build errors in the future.
[2.355s] 
[2.355s]         See https://setuptools.pypa.io/en/latest/userguide/declarative_config.html for details.
[2.355s]         ********************************************************************************
[2.355s] 
[2.356s] !!
[2.356s]   opt = self._enforce_underscore(opt, section)
[2.510s] running egg_info
[2.547s] writing ../../build/camera_driver/camera_driver.egg-info/PKG-INFO
[2.550s] writing dependency_links to ../../build/camera_driver/camera_driver.egg-info/dependency_links.txt
[2.551s] writing entry points to ../../build/camera_driver/camera_driver.egg-info/entry_points.txt
[2.551s] writing requirements to ../../build/camera_driver/camera_driver.egg-info/requires.txt
[2.551s] writing top-level names to ../../build/camera_driver/camera_driver.egg-info/top_level.txt
[2.631s] reading manifest file '../../build/camera_driver/camera_driver.egg-info/SOURCES.txt'
[2.634s] writing manifest file '../../build/camera_driver/camera_driver.egg-info/SOURCES.txt'
[2.634s] running build
[2.634s] running build_py
[2.636s] copying camera_driver/survey_gst_node.py -> /home/krist/sensor_ws/build/camera_driver/build/lib/camera_driver
[2.637s] copying camera_driver/gst_node.py -> /home/krist/sensor_ws/build/camera_driver/build/lib/camera_driver
[2.637s] copying camera_driver/__init__.py -> /home/krist/sensor_ws/build/camera_driver/build/lib/camera_driver
[2.638s] running install
[2.648s] running install_lib
[2.687s] copying /home/krist/sensor_ws/build/camera_driver/build/lib/camera_driver/gst_node.py -> /home/krist/sensor_ws/install/camera_driver/lib/python3.10/site-packages/camera_driver
[2.688s] byte-compiling /home/krist/sensor_ws/install/camera_driver/lib/python3.10/site-packages/camera_driver/gst_node.py to gst_node.cpython-310.pyc
[2.691s] running install_data
[2.692s] copying resource/camera_driver -> /home/krist/sensor_ws/install/camera_driver/share/ament_index/resource_index/packages
[2.692s] copying package.xml -> /home/krist/sensor_ws/install/camera_driver/share/camera_driver
[2.693s] copying launch/camera_launch.py -> /home/krist/sensor_ws/install/camera_driver/share/camera_driver/launch
[2.694s] copying weights/rgb_best.pt -> /home/krist/sensor_ws/install/camera_driver/share/camera_driver/weights
[3.170s] copying weights/thermal_best.pt -> /home/krist/sensor_ws/install/camera_driver/share/camera_driver/weights
[3.659s] running install_egg_info
[3.723s] removing '/home/krist/sensor_ws/install/camera_driver/lib/python3.10/site-packages/camera_driver-0.0.0-py3.10.egg-info' (and everything under it)
[3.725s] Copying ../../build/camera_driver/camera_driver.egg-info to /home/krist/sensor_ws/install/camera_driver/lib/python3.10/site-packages/camera_driver-0.0.0-py3.10.egg-info
[3.730s] running install_scripts
[4.023s] Installing gst_node script to /home/krist/sensor_ws/install/camera_driver/lib/camera_driver
[4.024s] Installing survey_gst_node script to /home/krist/sensor_ws/install/camera_driver/lib/camera_driver
[4.027s] writing list of installed files to '/home/krist/sensor_ws/build/camera_driver/install.log'
[4.108s] Invoked command in '/home/krist/sensor_ws/src/camera_driver' returned '0': PYTHONPATH=/home/krist/sensor_ws/build/camera_driver/prefix_override:/usr/lib/python3/dist-packages/colcon_core/task/python/colcon_distutils_commands:/home/krist/sensor_ws/install/camera_driver/lib/python3.10/site-packages:${PYTHONPATH} /usr/bin/python3 -W ignore:setup.py install is deprecated -W ignore:easy_install command is deprecated setup.py egg_info --egg-base ../../build/camera_driver build --build-base /home/krist/sensor_ws/build/camera_driver/build install --record /home/krist/sensor_ws/build/camera_driver/install.log --install-scripts $base/lib/camera_driver --single-version-externally-managed install_data
