[0.523s] Invoking command in '/home/krist/sensor2_ws/build/sllidar_ros2': CMAKE_PREFIX_PATH=${CMAKE_PREFIX_PATH}:/home/krist/mini_fence_ws/install/mini_fence:/home/krist/sensor_ws/install/lidar_driver:/home/krist/sensor_ws/install/drone_avoidance:/home/krist/camera_ws/install/video_processor:/opt/ros/humble /usr/bin/cmake /home/krist/sensor2_ws/src/sllidar_ros2 -DCMAKE_INSTALL_PREFIX=/home/krist/sensor2_ws/install/sllidar_ros2
[0.639s] -- The C compiler identification is GNU 11.4.0
[0.754s] -- The CXX compiler identification is GNU 11.4.0
[0.775s] -- Detecting C compiler ABI info
[0.918s] -- Detecting C compiler ABI info - done
[0.939s] -- Check for working C compiler: /usr/bin/cc - skipped
[0.939s] -- Detecting C compile features
[0.940s] -- Detecting C compile features - done
[0.949s] -- Detecting CXX compiler ABI info
[1.102s] -- Detecting CXX compiler ABI info - done
[1.125s] -- Check for working CXX compiler: /usr/bin/c++ - skipped
[1.126s] -- Detecting CXX compile features
[1.127s] -- Detecting CXX compile features - done
[1.138s] -- Found ament_cmake: 1.3.13 (/opt/ros/humble/share/ament_cmake/cmake)
[1.996s] -- Found Python3: /usr/bin/python3 (found version "3.10.12") found components: Interpreter 
[2.199s] -- Found rclcpp: 16.0.18 (/opt/ros/humble/share/rclcpp/cmake)
[2.290s] -- Found rosidl_generator_c: 3.1.8 (/opt/ros/humble/share/rosidl_generator_c/cmake)
[2.300s] -- Found rosidl_adapter: 3.1.8 (/opt/ros/humble/share/rosidl_adapter/cmake)
[2.318s] -- Found rosidl_generator_cpp: 3.1.8 (/opt/ros/humble/share/rosidl_generator_cpp/cmake)
[2.343s] -- Using all available rosidl_typesupport_c: rosidl_typesupport_fastrtps_c;rosidl_typesupport_introspection_c
[2.376s] -- Using all available rosidl_typesupport_cpp: rosidl_typesupport_fastrtps_cpp;rosidl_typesupport_introspection_cpp
[2.466s] -- Found rmw_implementation_cmake: 6.1.2 (/opt/ros/humble/share/rmw_implementation_cmake/cmake)
[2.472s] -- Found rmw_fastrtps_cpp: 6.2.10 (/opt/ros/humble/share/rmw_fastrtps_cpp/cmake)
[2.642s] -- Found OpenSSL: /usr/lib/aarch64-linux-gnu/libcrypto.so (found version "3.0.2")  
[2.705s] -- Found FastRTPS: /opt/ros/humble/include  
[2.795s] -- Using RMW implementation 'rmw_fastrtps_cpp' as default
[2.814s] -- Looking for pthread.h
[2.964s] -- Looking for pthread.h - found
[2.965s] -- Performing Test CMAKE_HAVE_LIBC_PTHREAD
[3.133s] -- Performing Test CMAKE_HAVE_LIBC_PTHREAD - Success
[3.136s] -- Found Threads: TRUE  
[3.252s] -- Found sensor_msgs: 4.9.1 (/opt/ros/humble/share/sensor_msgs/cmake)
[3.311s] -- Found std_srvs: 4.9.1 (/opt/ros/humble/share/std_srvs/cmake)
[3.482s] -- Configuring done
[3.512s] -- Generating done
[3.523s] -- Build files have been written to: /home/krist/sensor2_ws/build/sllidar_ros2
