[2.343s] Invoking command in '/home/krist/sensor2_ws/src/camera_driver': PYTHONPATH=/home/krist/sensor2_ws/build/camera_driver/prefix_override:/usr/lib/python3/dist-packages/colcon_core/task/python/colcon_distutils_commands:/home/krist/sensor2_ws/install/camera_driver/lib/python3.10/site-packages:${PYTHONPATH} /usr/bin/python3 -W ignore:setup.py install is deprecated -W ignore:easy_install command is deprecated setup.py egg_info --egg-base ../../build/camera_driver build --build-base /home/krist/sensor2_ws/build/camera_driver/build install --record /home/krist/sensor2_ws/build/camera_driver/install.log --install-scripts $base/lib/camera_driver --single-version-externally-managed install_data
[2.676s] /home/krist/.local/lib/python3.10/site-packages/setuptools/dist.py:599: SetuptoolsDeprecationWarning: Invalid dash-separated key 'script-dir' in 'develop' (setup.cfg), please use the underscore name 'script_dir' instead.
[2.677s] !!
[2.677s] 
[2.677s]         ********************************************************************************
[2.678s]         Usage of dash-separated 'script-dir' will not be supported in future
[2.678s]         versions. Please use the underscore name 'script_dir' instead.
[2.678s] 
[2.678s]         This deprecation is overdue, please update your project and remove deprecated
[2.678s]         calls to avoid build errors in the future.
[2.679s] 
[2.679s]         See https://setuptools.pypa.io/en/latest/userguide/declarative_config.html for details.
[2.679s]         ********************************************************************************
[2.679s] 
[2.679s] !!
[2.680s]   opt = self._enforce_underscore(opt, section)
[2.720s] /home/krist/.local/lib/python3.10/site-packages/setuptools/_distutils/dist.py:289: UserWarning: Unknown distribution option: 'tests_require'
[2.720s]   warnings.warn(msg)
[2.803s] /home/krist/.local/lib/python3.10/site-packages/setuptools/dist.py:599: SetuptoolsDeprecationWarning: Invalid dash-separated key 'script-dir' in 'develop' (setup.cfg), please use the underscore name 'script_dir' instead.
[2.804s] !!
[2.804s] 
[2.804s]         ********************************************************************************
[2.804s]         Usage of dash-separated 'script-dir' will not be supported in future
[2.805s]         versions. Please use the underscore name 'script_dir' instead.
[2.805s]         (Affected: camera_driver).
[2.805s] 
[2.805s]         This deprecation is overdue, please update your project and remove deprecated
[2.805s]         calls to avoid build errors in the future.
[2.806s] 
[2.806s]         See https://setuptools.pypa.io/en/latest/userguide/declarative_config.html for details.
[2.806s]         ********************************************************************************
[2.806s] 
[2.806s] !!
[2.807s]   opt = self._enforce_underscore(opt, section)
[2.965s] running egg_info
[3.003s] creating ../../build/camera_driver/camera_driver.egg-info
[3.003s] writing ../../build/camera_driver/camera_driver.egg-info/PKG-INFO
[3.004s] writing dependency_links to ../../build/camera_driver/camera_driver.egg-info/dependency_links.txt
[3.005s] writing entry points to ../../build/camera_driver/camera_driver.egg-info/entry_points.txt
[3.005s] writing requirements to ../../build/camera_driver/camera_driver.egg-info/requires.txt
[3.005s] writing top-level names to ../../build/camera_driver/camera_driver.egg-info/top_level.txt
[3.006s] writing manifest file '../../build/camera_driver/camera_driver.egg-info/SOURCES.txt'
[3.085s] reading manifest file '../../build/camera_driver/camera_driver.egg-info/SOURCES.txt'
[3.087s] writing manifest file '../../build/camera_driver/camera_driver.egg-info/SOURCES.txt'
[3.088s] running build
[3.088s] running build_py
[3.088s] creating /home/krist/sensor2_ws/build/camera_driver/build/lib/camera_driver
[3.089s] copying camera_driver/rgb_gst_node.py -> /home/krist/sensor2_ws/build/camera_driver/build/lib/camera_driver
[3.089s] copying camera_driver/__init__.py -> /home/krist/sensor2_ws/build/camera_driver/build/lib/camera_driver
[3.090s] running install
[3.098s] running install_lib
[3.138s] creating /home/krist/sensor2_ws/install/camera_driver/lib/python3.10/site-packages/camera_driver
[3.138s] copying /home/krist/sensor2_ws/build/camera_driver/build/lib/camera_driver/rgb_gst_node.py -> /home/krist/sensor2_ws/install/camera_driver/lib/python3.10/site-packages/camera_driver
[3.138s] copying /home/krist/sensor2_ws/build/camera_driver/build/lib/camera_driver/__init__.py -> /home/krist/sensor2_ws/install/camera_driver/lib/python3.10/site-packages/camera_driver
[3.139s] byte-compiling /home/krist/sensor2_ws/install/camera_driver/lib/python3.10/site-packages/camera_driver/rgb_gst_node.py to rgb_gst_node.cpython-310.pyc
[3.141s] byte-compiling /home/krist/sensor2_ws/install/camera_driver/lib/python3.10/site-packages/camera_driver/__init__.py to __init__.cpython-310.pyc
[3.142s] running install_data
[3.142s] creating /home/krist/sensor2_ws/install/camera_driver/share/ament_index/resource_index/packages
[3.143s] copying resource/camera_driver -> /home/krist/sensor2_ws/install/camera_driver/share/ament_index/resource_index/packages
[3.143s] copying package.xml -> /home/krist/sensor2_ws/install/camera_driver/share/camera_driver
[3.143s] creating /home/krist/sensor2_ws/install/camera_driver/share/camera_driver/launch
[3.144s] copying launch/camera_launch.py -> /home/krist/sensor2_ws/install/camera_driver/share/camera_driver/launch
[3.144s] creating /home/krist/sensor2_ws/install/camera_driver/share/camera_driver/weights
[3.144s] copying weights/rgb_best.pt -> /home/krist/sensor2_ws/install/camera_driver/share/camera_driver/weights
[3.221s] copying weights/thermal_best.pt -> /home/krist/sensor2_ws/install/camera_driver/share/camera_driver/weights
[3.288s] running install_egg_info
[3.330s] Copying ../../build/camera_driver/camera_driver.egg-info to /home/krist/sensor2_ws/install/camera_driver/lib/python3.10/site-packages/camera_driver-0.0.0-py3.10.egg-info
[3.332s] running install_scripts
[3.637s] Installing gst_node script to /home/krist/sensor2_ws/install/camera_driver/lib/camera_driver
[3.638s] writing list of installed files to '/home/krist/sensor2_ws/build/camera_driver/install.log'
[3.714s] Invoked command in '/home/krist/sensor2_ws/src/camera_driver' returned '0': PYTHONPATH=/home/krist/sensor2_ws/build/camera_driver/prefix_override:/usr/lib/python3/dist-packages/colcon_core/task/python/colcon_distutils_commands:/home/krist/sensor2_ws/install/camera_driver/lib/python3.10/site-packages:${PYTHONPATH} /usr/bin/python3 -W ignore:setup.py install is deprecated -W ignore:easy_install command is deprecated setup.py egg_info --egg-base ../../build/camera_driver build --build-base /home/krist/sensor2_ws/build/camera_driver/build install --record /home/krist/sensor2_ws/build/camera_driver/install.log --install-scripts $base/lib/camera_driver --single-version-externally-managed install_data
