[1.638s] Invoking command in '/home/krist/sensor_ws/src/sensor_fusion': PYTHONPATH=/home/krist/sensor_ws/build/sensor_fusion/prefix_override:/usr/lib/python3/dist-packages/colcon_core/task/python/colcon_distutils_commands:/home/krist/sensor_ws/install/sensor_fusion/lib/python3.10/site-packages:${PYTHONPATH} /usr/bin/python3 -W ignore:setup.py install is deprecated -W ignore:easy_install command is deprecated setup.py egg_info --egg-base ../../build/sensor_fusion build --build-base /home/krist/sensor_ws/build/sensor_fusion/build install --record /home/krist/sensor_ws/build/sensor_fusion/install.log --single-version-externally-managed install_data
[2.227s] running egg_info
[2.229s] writing ../../build/sensor_fusion/sensor_fusion.egg-info/PKG-INFO
[2.231s] writing dependency_links to ../../build/sensor_fusion/sensor_fusion.egg-info/dependency_links.txt
[2.232s] writing entry points to ../../build/sensor_fusion/sensor_fusion.egg-info/entry_points.txt
[2.232s] writing requirements to ../../build/sensor_fusion/sensor_fusion.egg-info/requires.txt
[2.232s] writing top-level names to ../../build/sensor_fusion/sensor_fusion.egg-info/top_level.txt
[2.237s] reading manifest file '../../build/sensor_fusion/sensor_fusion.egg-info/SOURCES.txt'
[2.239s] writing manifest file '../../build/sensor_fusion/sensor_fusion.egg-info/SOURCES.txt'
[2.240s] running build
[2.240s] running build_py
[2.242s] copying sensor_fusion/fusion_visualizer.py -> /home/krist/sensor_ws/build/sensor_fusion/build/lib/sensor_fusion
[2.243s] running install
[2.243s] running install_lib
[2.245s] copying /home/krist/sensor_ws/build/sensor_fusion/build/lib/sensor_fusion/fusion_visualizer.py -> /home/krist/sensor_ws/install/sensor_fusion/lib/python3.10/site-packages/sensor_fusion
[2.248s] byte-compiling /home/krist/sensor_ws/install/sensor_fusion/lib/python3.10/site-packages/sensor_fusion/fusion_visualizer.py to fusion_visualizer.cpython-310.pyc
[2.249s] running install_data
[2.252s] copying package.xml -> /home/krist/sensor_ws/install/sensor_fusion/share/sensor_fusion
[2.252s] copying launch/sensor_fusion.launch.py -> /home/krist/sensor_ws/install/sensor_fusion/share/sensor_fusion/launch
[2.253s] running install_egg_info
[2.257s] removing '/home/krist/sensor_ws/install/sensor_fusion/lib/python3.10/site-packages/sensor_fusion-0.0.0-py3.10.egg-info' (and everything under it)
[2.258s] Copying ../../build/sensor_fusion/sensor_fusion.egg-info to /home/krist/sensor_ws/install/sensor_fusion/lib/python3.10/site-packages/sensor_fusion-0.0.0-py3.10.egg-info
[2.260s] running install_scripts
[2.310s] Installing fusion_visualizer script to /home/krist/sensor_ws/install/sensor_fusion/lib/sensor_fusion
[2.311s] writing list of installed files to '/home/krist/sensor_ws/build/sensor_fusion/install.log'
[2.416s] Invoked command in '/home/krist/sensor_ws/src/sensor_fusion' returned '0': PYTHONPATH=/home/krist/sensor_ws/build/sensor_fusion/prefix_override:/usr/lib/python3/dist-packages/colcon_core/task/python/colcon_distutils_commands:/home/krist/sensor_ws/install/sensor_fusion/lib/python3.10/site-packages:${PYTHONPATH} /usr/bin/python3 -W ignore:setup.py install is deprecated -W ignore:easy_install command is deprecated setup.py egg_info --egg-base ../../build/sensor_fusion build --build-base /home/krist/sensor_ws/build/sensor_fusion/build install --record /home/krist/sensor_ws/build/sensor_fusion/install.log --single-version-externally-managed install_data
