running egg_info
writing ../../build/lidar_driver/lidar_driver.egg-info/PKG-INFO
writing dependency_links to ../../build/lidar_driver/lidar_driver.egg-info/dependency_links.txt
writing entry points to ../../build/lidar_driver/lidar_driver.egg-info/entry_points.txt
writing requirements to ../../build/lidar_driver/lidar_driver.egg-info/requires.txt
writing top-level names to ../../build/lidar_driver/lidar_driver.egg-info/top_level.txt
reading manifest file '../../build/lidar_driver/lidar_driver.egg-info/SOURCES.txt'
writing manifest file '../../build/lidar_driver/lidar_driver.egg-info/SOURCES.txt'
running build
running build_py
copying lidar_driver/mini_fence_node.py -> /home/krist/sensor_ws/build/lidar_driver/build/lib/lidar_driver
running install
running install_lib
copying /home/krist/sensor_ws/build/lidar_driver/build/lib/lidar_driver/mini_fence_node.py -> /home/krist/sensor_ws/install/lidar_driver/lib/python3.10/site-packages/lidar_driver
byte-compiling /home/krist/sensor_ws/install/lidar_driver/lib/python3.10/site-packages/lidar_driver/mini_fence_node.py to mini_fence_node.cpython-310.pyc
running install_data
running install_egg_info
removing '/home/krist/sensor_ws/install/lidar_driver/lib/python3.10/site-packages/lidar_driver-0.0.0-py3.10.egg-info' (and everything under it)
Copying ../../build/lidar_driver/lidar_driver.egg-info to /home/krist/sensor_ws/install/lidar_driver/lib/python3.10/site-packages/lidar_driver-0.0.0-py3.10.egg-info
running install_scripts
Installing mini_fence_node script to /home/krist/sensor_ws/install/lidar_driver/lib/lidar_driver
writing list of installed files to '/home/krist/sensor_ws/build/lidar_driver/install.log'
