[1.704s] Invoking command in '/home/krist/sensor_ws/src/lidar_driver': PYTHONPATH=/home/krist/sensor_ws/build/lidar_driver/prefix_override:/usr/lib/python3/dist-packages/colcon_core/task/python/colcon_distutils_commands:/home/krist/sensor_ws/install/lidar_driver/lib/python3.10/site-packages:${PYTHONPATH} /usr/bin/python3 -W ignore:setup.py install is deprecated -W ignore:easy_install command is deprecated setup.py egg_info --egg-base ../../build/lidar_driver build --build-base /home/krist/sensor_ws/build/lidar_driver/build install --record /home/krist/sensor_ws/build/lidar_driver/install.log --single-version-externally-managed install_data
[2.308s] running egg_info
[2.309s] writing ../../build/lidar_driver/lidar_driver.egg-info/PKG-INFO
[2.313s] writing dependency_links to ../../build/lidar_driver/lidar_driver.egg-info/dependency_links.txt
[2.313s] writing entry points to ../../build/lidar_driver/lidar_driver.egg-info/entry_points.txt
[2.314s] writing requirements to ../../build/lidar_driver/lidar_driver.egg-info/requires.txt
[2.314s] writing top-level names to ../../build/lidar_driver/lidar_driver.egg-info/top_level.txt
[2.319s] reading manifest file '../../build/lidar_driver/lidar_driver.egg-info/SOURCES.txt'
[2.322s] writing manifest file '../../build/lidar_driver/lidar_driver.egg-info/SOURCES.txt'
[2.322s] running build
[2.322s] running build_py
[2.324s] copying lidar_driver/mini_fence_node.py -> /home/krist/sensor_ws/build/lidar_driver/build/lib/lidar_driver
[2.326s] running install
[2.327s] running install_lib
[2.330s] copying /home/krist/sensor_ws/build/lidar_driver/build/lib/lidar_driver/mini_fence_node.py -> /home/krist/sensor_ws/install/lidar_driver/lib/python3.10/site-packages/lidar_driver
[2.332s] byte-compiling /home/krist/sensor_ws/install/lidar_driver/lib/python3.10/site-packages/lidar_driver/mini_fence_node.py to mini_fence_node.cpython-310.pyc
[2.334s] running install_data
[2.335s] running install_egg_info
[2.339s] removing '/home/krist/sensor_ws/install/lidar_driver/lib/python3.10/site-packages/lidar_driver-0.0.0-py3.10.egg-info' (and everything under it)
[2.340s] Copying ../../build/lidar_driver/lidar_driver.egg-info to /home/krist/sensor_ws/install/lidar_driver/lib/python3.10/site-packages/lidar_driver-0.0.0-py3.10.egg-info
[2.343s] running install_scripts
[2.395s] Installing mini_fence_node script to /home/krist/sensor_ws/install/lidar_driver/lib/lidar_driver
[2.396s] writing list of installed files to '/home/krist/sensor_ws/build/lidar_driver/install.log'
[2.504s] Invoked command in '/home/krist/sensor_ws/src/lidar_driver' returned '0': PYTHONPATH=/home/krist/sensor_ws/build/lidar_driver/prefix_override:/usr/lib/python3/dist-packages/colcon_core/task/python/colcon_distutils_commands:/home/krist/sensor_ws/install/lidar_driver/lib/python3.10/site-packages:${PYTHONPATH} /usr/bin/python3 -W ignore:setup.py install is deprecated -W ignore:easy_install command is deprecated setup.py egg_info --egg-base ../../build/lidar_driver build --build-base /home/krist/sensor_ws/build/lidar_driver/build install --record /home/krist/sensor_ws/build/lidar_driver/install.log --single-version-externally-managed install_data
