[1.878s] Invoking command in '/home/krist/sensor_ws/src/sensor_fusion': PYTHONPATH=/home/krist/sensor_ws/build/sensor_fusion/prefix_override:/usr/lib/python3/dist-packages/colcon_core/task/python/colcon_distutils_commands:/home/krist/sensor_ws/install/sensor_fusion/lib/python3.10/site-packages:${PYTHONPATH} /usr/bin/python3 -W ignore:setup.py install is deprecated -W ignore:easy_install command is deprecated setup.py egg_info --egg-base ../../build/sensor_fusion build --build-base /home/krist/sensor_ws/build/sensor_fusion/build install --record /home/krist/sensor_ws/build/sensor_fusion/install.log --single-version-externally-managed install_data
[2.269s] /home/krist/.local/lib/python3.10/site-packages/setuptools/_distutils/dist.py:289: UserWarning: Unknown distribution option: 'tests_require'
[2.269s]   warnings.warn(msg)
[2.518s] running egg_info
[2.558s] writing ../../build/sensor_fusion/sensor_fusion.egg-info/PKG-INFO
[2.561s] writing dependency_links to ../../build/sensor_fusion/sensor_fusion.egg-info/dependency_links.txt
[2.562s] writing entry points to ../../build/sensor_fusion/sensor_fusion.egg-info/entry_points.txt
[2.562s] writing requirements to ../../build/sensor_fusion/sensor_fusion.egg-info/requires.txt
[2.563s] writing top-level names to ../../build/sensor_fusion/sensor_fusion.egg-info/top_level.txt
[2.648s] reading manifest file '../../build/sensor_fusion/sensor_fusion.egg-info/SOURCES.txt'
[2.652s] writing manifest file '../../build/sensor_fusion/sensor_fusion.egg-info/SOURCES.txt'
[2.653s] running build
[2.653s] running build_py
[2.655s] copying sensor_fusion/fusion_visualizer.py -> /home/krist/sensor_ws/build/sensor_fusion/build/lib/sensor_fusion
[2.656s] copying sensor_fusion/__init__.py -> /home/krist/sensor_ws/build/sensor_fusion/build/lib/sensor_fusion
[2.657s] running install
[2.667s] running install_lib
[2.713s] running install_data
[2.714s] copying resource/sensor_fusion -> /home/krist/sensor_ws/install/sensor_fusion/share/ament_index/resource_index/packages
[2.715s] copying package.xml -> /home/krist/sensor_ws/install/sensor_fusion/share/sensor_fusion
[2.716s] copying launch/sensor_fusion.launch.py -> /home/krist/sensor_ws/install/sensor_fusion/share/sensor_fusion/launch
[2.716s] running install_egg_info
[2.761s] removing '/home/krist/sensor_ws/install/sensor_fusion/lib/python3.10/site-packages/sensor_fusion-0.0.0-py3.10.egg-info' (and everything under it)
[2.762s] Copying ../../build/sensor_fusion/sensor_fusion.egg-info to /home/krist/sensor_ws/install/sensor_fusion/lib/python3.10/site-packages/sensor_fusion-0.0.0-py3.10.egg-info
[2.765s] running install_scripts
[3.094s] Installing fusion_visualizer script to /home/krist/sensor_ws/install/sensor_fusion/lib/sensor_fusion
[3.097s] writing list of installed files to '/home/krist/sensor_ws/build/sensor_fusion/install.log'
[3.220s] Invoked command in '/home/krist/sensor_ws/src/sensor_fusion' returned '0': PYTHONPATH=/home/krist/sensor_ws/build/sensor_fusion/prefix_override:/usr/lib/python3/dist-packages/colcon_core/task/python/colcon_distutils_commands:/home/krist/sensor_ws/install/sensor_fusion/lib/python3.10/site-packages:${PYTHONPATH} /usr/bin/python3 -W ignore:setup.py install is deprecated -W ignore:easy_install command is deprecated setup.py egg_info --egg-base ../../build/sensor_fusion build --build-base /home/krist/sensor_ws/build/sensor_fusion/build install --record /home/krist/sensor_ws/build/sensor_fusion/install.log --single-version-externally-managed install_data
