[2.281s] Invoking command in '/home/krist/sensor_ws/src/camera_driver': PYTHONPATH=/home/krist/sensor_ws/build/camera_driver/prefix_override:/usr/lib/python3/dist-packages/colcon_core/task/python/colcon_distutils_commands:/home/krist/sensor_ws/install/camera_driver/lib/python3.10/site-packages:${PYTHONPATH} /usr/bin/python3 -W ignore:setup.py install is deprecated -W ignore:easy_install command is deprecated setup.py egg_info --egg-base ../../build/camera_driver build --build-base /home/krist/sensor_ws/build/camera_driver/build install --record /home/krist/sensor_ws/build/camera_driver/install.log --install-scripts $base/lib/camera_driver --single-version-externally-managed install_data
[2.676s] /home/krist/.local/lib/python3.10/site-packages/setuptools/dist.py:599: SetuptoolsDeprecationWarning: Invalid dash-separated key 'script-dir' in 'develop' (setup.cfg), please use the underscore name 'script_dir' instead.
[2.677s] !!
[2.677s] 
[2.677s]         ********************************************************************************
[2.677s]         Usage of dash-separated 'script-dir' will not be supported in future
[2.678s]         versions. Please use the underscore name 'script_dir' instead.
[2.678s] 
[2.678s]         This deprecation is overdue, please update your project and remove deprecated
[2.678s]         calls to avoid build errors in the future.
[2.678s] 
[2.679s]         See https://setuptools.pypa.io/en/latest/userguide/declarative_config.html for details.
[2.679s]         ********************************************************************************
[2.679s] 
[2.679s] !!
[2.679s]   opt = self._enforce_underscore(opt, section)
[2.726s] /home/krist/.local/lib/python3.10/site-packages/setuptools/_distutils/dist.py:289: UserWarning: Unknown distribution option: 'tests_require'
[2.726s]   warnings.warn(msg)
[2.819s] /home/krist/.local/lib/python3.10/site-packages/setuptools/dist.py:599: SetuptoolsDeprecationWarning: Invalid dash-separated key 'script-dir' in 'develop' (setup.cfg), please use the underscore name 'script_dir' instead.
[2.820s] !!
[2.820s] 
[2.820s]         ********************************************************************************
[2.820s]         Usage of dash-separated 'script-dir' will not be supported in future
[2.820s]         versions. Please use the underscore name 'script_dir' instead.
[2.820s]         (Affected: camera_driver).
[2.820s] 
[2.821s]         This deprecation is overdue, please update your project and remove deprecated
[2.821s]         calls to avoid build errors in the future.
[2.821s] 
[2.821s]         See https://setuptools.pypa.io/en/latest/userguide/declarative_config.html for details.
[2.822s]         ********************************************************************************
[2.822s] 
[2.822s] !!
[2.822s]   opt = self._enforce_underscore(opt, section)
[3.013s] running egg_info
[3.058s] writing ../../build/camera_driver/camera_driver.egg-info/PKG-INFO
[3.059s] writing dependency_links to ../../build/camera_driver/camera_driver.egg-info/dependency_links.txt
[3.061s] writing entry points to ../../build/camera_driver/camera_driver.egg-info/entry_points.txt
[3.062s] writing requirements to ../../build/camera_driver/camera_driver.egg-info/requires.txt
[3.062s] writing top-level names to ../../build/camera_driver/camera_driver.egg-info/top_level.txt
[3.159s] reading manifest file '../../build/camera_driver/camera_driver.egg-info/SOURCES.txt'
[3.164s] writing manifest file '../../build/camera_driver/camera_driver.egg-info/SOURCES.txt'
[3.164s] running build
[3.164s] running build_py
[3.167s] copying camera_driver/survey_gst_node.py -> /home/krist/sensor_ws/build/camera_driver/build/lib/camera_driver
[3.168s] copying camera_driver/gst_node.py -> /home/krist/sensor_ws/build/camera_driver/build/lib/camera_driver
[3.168s] copying camera_driver/__init__.py -> /home/krist/sensor_ws/build/camera_driver/build/lib/camera_driver
[3.169s] running install
[3.181s] running install_lib
[3.227s] copying /home/krist/sensor_ws/build/camera_driver/build/lib/camera_driver/gst_node.py -> /home/krist/sensor_ws/install/camera_driver/lib/python3.10/site-packages/camera_driver
[3.229s] byte-compiling /home/krist/sensor_ws/install/camera_driver/lib/python3.10/site-packages/camera_driver/gst_node.py to gst_node.cpython-310.pyc
[3.232s] running install_data
[3.234s] copying resource/camera_driver -> /home/krist/sensor_ws/install/camera_driver/share/ament_index/resource_index/packages
[3.235s] copying package.xml -> /home/krist/sensor_ws/install/camera_driver/share/camera_driver
[3.235s] copying launch/camera_launch.py -> /home/krist/sensor_ws/install/camera_driver/share/camera_driver/launch
[3.236s] copying weights/rgb_best.pt -> /home/krist/sensor_ws/install/camera_driver/share/camera_driver/weights
[3.715s] copying weights/thermal_best.pt -> /home/krist/sensor_ws/install/camera_driver/share/camera_driver/weights
[4.189s] running install_egg_info
[4.258s] removing '/home/krist/sensor_ws/install/camera_driver/lib/python3.10/site-packages/camera_driver-0.0.0-py3.10.egg-info' (and everything under it)
[4.259s] Copying ../../build/camera_driver/camera_driver.egg-info to /home/krist/sensor_ws/install/camera_driver/lib/python3.10/site-packages/camera_driver-0.0.0-py3.10.egg-info
[4.265s] running install_scripts
[4.606s] Installing gst_node script to /home/krist/sensor_ws/install/camera_driver/lib/camera_driver
[5.179s] Installing survey_gst_node script to /home/krist/sensor_ws/install/camera_driver/lib/camera_driver
[5.181s] writing list of installed files to '/home/krist/sensor_ws/build/camera_driver/install.log'
[5.306s] Invoked command in '/home/krist/sensor_ws/src/camera_driver' returned '0': PYTHONPATH=/home/krist/sensor_ws/build/camera_driver/prefix_override:/usr/lib/python3/dist-packages/colcon_core/task/python/colcon_distutils_commands:/home/krist/sensor_ws/install/camera_driver/lib/python3.10/site-packages:${PYTHONPATH} /usr/bin/python3 -W ignore:setup.py install is deprecated -W ignore:easy_install command is deprecated setup.py egg_info --egg-base ../../build/camera_driver build --build-base /home/krist/sensor_ws/build/camera_driver/build install --record /home/krist/sensor_ws/build/camera_driver/install.log --install-scripts $base/lib/camera_driver --single-version-externally-managed install_data
