[1.712s] Invoking command in '/home/krist/sensor2_ws/src/camera_driver': PYTHONPATH=/home/krist/sensor2_ws/build/camera_driver/prefix_override:/usr/lib/python3/dist-packages/colcon_core/task/python/colcon_distutils_commands:/home/krist/sensor2_ws/install/camera_driver/lib/python3.10/site-packages:${PYTHONPATH} /usr/bin/python3 -W ignore:setup.py install is deprecated -W ignore:easy_install command is deprecated setup.py egg_info --egg-base ../../build/camera_driver build --build-base /home/krist/sensor2_ws/build/camera_driver/build install --record /home/krist/sensor2_ws/build/camera_driver/install.log --install-scripts $base/lib/camera_driver --single-version-externally-managed install_data
[2.028s] /home/krist/.local/lib/python3.10/site-packages/setuptools/dist.py:599: SetuptoolsDeprecationWarning: Invalid dash-separated key 'script-dir' in 'develop' (setup.cfg), please use the underscore name 'script_dir' instead.
[2.028s] !!
[2.028s] 
[2.029s]         ********************************************************************************
[2.029s]         Usage of dash-separated 'script-dir' will not be supported in future
[2.029s]         versions. Please use the underscore name 'script_dir' instead.
[2.029s] 
[2.029s]         This deprecation is overdue, please update your project and remove deprecated
[2.029s]         calls to avoid build errors in the future.
[2.029s] 
[2.029s]         See https://setuptools.pypa.io/en/latest/userguide/declarative_config.html for details.
[2.029s]         ********************************************************************************
[2.030s] 
[2.030s] !!
[2.030s]   opt = self._enforce_underscore(opt, section)
[2.069s] /home/krist/.local/lib/python3.10/site-packages/setuptools/_distutils/dist.py:289: UserWarning: Unknown distribution option: 'tests_require'
[2.069s]   warnings.warn(msg)
[2.146s] /home/krist/.local/lib/python3.10/site-packages/setuptools/dist.py:599: SetuptoolsDeprecationWarning: Invalid dash-separated key 'script-dir' in 'develop' (setup.cfg), please use the underscore name 'script_dir' instead.
[2.146s] !!
[2.146s] 
[2.146s]         ********************************************************************************
[2.146s]         Usage of dash-separated 'script-dir' will not be supported in future
[2.146s]         versions. Please use the underscore name 'script_dir' instead.
[2.147s]         (Affected: camera_driver).
[2.147s] 
[2.147s]         This deprecation is overdue, please update your project and remove deprecated
[2.147s]         calls to avoid build errors in the future.
[2.147s] 
[2.147s]         See https://setuptools.pypa.io/en/latest/userguide/declarative_config.html for details.
[2.147s]         ********************************************************************************
[2.147s] 
[2.147s] !!
[2.148s]   opt = self._enforce_underscore(opt, section)
[2.306s] running egg_info
[2.345s] writing ../../build/camera_driver/camera_driver.egg-info/PKG-INFO
[2.346s] writing dependency_links to ../../build/camera_driver/camera_driver.egg-info/dependency_links.txt
[2.346s] writing entry points to ../../build/camera_driver/camera_driver.egg-info/entry_points.txt
[2.347s] writing requirements to ../../build/camera_driver/camera_driver.egg-info/requires.txt
[2.347s] writing top-level names to ../../build/camera_driver/camera_driver.egg-info/top_level.txt
[2.429s] reading manifest file '../../build/camera_driver/camera_driver.egg-info/SOURCES.txt'
[2.432s] writing manifest file '../../build/camera_driver/camera_driver.egg-info/SOURCES.txt'
[2.433s] running build
[2.433s] running build_py
[2.433s] copying camera_driver/rgb_gst_node.py -> /home/krist/sensor2_ws/build/camera_driver/build/lib/camera_driver
[2.434s] copying camera_driver/__init__.py -> /home/krist/sensor2_ws/build/camera_driver/build/lib/camera_driver
[2.434s] running install
[2.443s] running install_lib
[2.485s] running install_data
[2.485s] copying resource/camera_driver -> /home/krist/sensor2_ws/install/camera_driver/share/ament_index/resource_index/packages
[2.486s] copying package.xml -> /home/krist/sensor2_ws/install/camera_driver/share/camera_driver
[2.486s] copying launch/camera_launch.py -> /home/krist/sensor2_ws/install/camera_driver/share/camera_driver/launch
[2.487s] copying weights/rgb_best.pt -> /home/krist/sensor2_ws/install/camera_driver/share/camera_driver/weights
[2.577s] copying weights/thermal_best.pt -> /home/krist/sensor2_ws/install/camera_driver/share/camera_driver/weights
[2.659s] running install_egg_info
[2.702s] removing '/home/krist/sensor2_ws/install/camera_driver/lib/python3.10/site-packages/camera_driver-0.0.0-py3.10.egg-info' (and everything under it)
[2.702s] Copying ../../build/camera_driver/camera_driver.egg-info to /home/krist/sensor2_ws/install/camera_driver/lib/python3.10/site-packages/camera_driver-0.0.0-py3.10.egg-info
[2.704s] running install_scripts
[3.014s] Installing rgb_gst_node script to /home/krist/sensor2_ws/install/camera_driver/lib/camera_driver
[3.015s] writing list of installed files to '/home/krist/sensor2_ws/build/camera_driver/install.log'
[3.094s] Invoked command in '/home/krist/sensor2_ws/src/camera_driver' returned '0': PYTHONPATH=/home/krist/sensor2_ws/build/camera_driver/prefix_override:/usr/lib/python3/dist-packages/colcon_core/task/python/colcon_distutils_commands:/home/krist/sensor2_ws/install/camera_driver/lib/python3.10/site-packages:${PYTHONPATH} /usr/bin/python3 -W ignore:setup.py install is deprecated -W ignore:easy_install command is deprecated setup.py egg_info --egg-base ../../build/camera_driver build --build-base /home/krist/sensor2_ws/build/camera_driver/build install --record /home/krist/sensor2_ws/build/camera_driver/install.log --install-scripts $base/lib/camera_driver --single-version-externally-managed install_data
