[3.132s] Invoking command in '/home/krist/sensor_ws/src/lidar_driver': PYTHONPATH=/home/krist/sensor_ws/build/lidar_driver/prefix_override:/usr/lib/python3/dist-packages/colcon_core/task/python/colcon_distutils_commands:/home/krist/sensor_ws/install/lidar_driver/lib/python3.10/site-packages:${PYTHONPATH} /usr/bin/python3 -W ignore:setup.py install is deprecated -W ignore:easy_install command is deprecated setup.py egg_info --egg-base ../../build/lidar_driver build --build-base /home/krist/sensor_ws/build/lidar_driver/build install --record /home/krist/sensor_ws/build/lidar_driver/install.log --single-version-externally-managed install_data
[3.739s] running egg_info
[3.740s] creating ../../build/lidar_driver/lidar_driver.egg-info
[3.741s] writing ../../build/lidar_driver/lidar_driver.egg-info/PKG-INFO
[3.742s] writing dependency_links to ../../build/lidar_driver/lidar_driver.egg-info/dependency_links.txt
[3.742s] writing entry points to ../../build/lidar_driver/lidar_driver.egg-info/entry_points.txt
[3.743s] writing requirements to ../../build/lidar_driver/lidar_driver.egg-info/requires.txt
[3.743s] writing top-level names to ../../build/lidar_driver/lidar_driver.egg-info/top_level.txt
[3.743s] writing manifest file '../../build/lidar_driver/lidar_driver.egg-info/SOURCES.txt'
[3.748s] reading manifest file '../../build/lidar_driver/lidar_driver.egg-info/SOURCES.txt'
[3.750s] writing manifest file '../../build/lidar_driver/lidar_driver.egg-info/SOURCES.txt'
[3.750s] running build
[3.751s] running build_py
[3.751s] creating /home/krist/sensor_ws/build/lidar_driver/build
[3.751s] creating /home/krist/sensor_ws/build/lidar_driver/build/lib
[3.751s] creating /home/krist/sensor_ws/build/lidar_driver/build/lib/lidar_driver
[3.752s] copying lidar_driver/mini_fence_node.py -> /home/krist/sensor_ws/build/lidar_driver/build/lib/lidar_driver
[3.752s] copying lidar_driver/__init__.py -> /home/krist/sensor_ws/build/lidar_driver/build/lib/lidar_driver
[3.753s] running install
[3.754s] running install_lib
[3.755s] creating /home/krist/sensor_ws/install/lidar_driver/lib/python3.10/site-packages/lidar_driver
[3.756s] copying /home/krist/sensor_ws/build/lidar_driver/build/lib/lidar_driver/mini_fence_node.py -> /home/krist/sensor_ws/install/lidar_driver/lib/python3.10/site-packages/lidar_driver
[3.756s] copying /home/krist/sensor_ws/build/lidar_driver/build/lib/lidar_driver/__init__.py -> /home/krist/sensor_ws/install/lidar_driver/lib/python3.10/site-packages/lidar_driver
[3.762s] byte-compiling /home/krist/sensor_ws/install/lidar_driver/lib/python3.10/site-packages/lidar_driver/mini_fence_node.py to mini_fence_node.cpython-310.pyc
[3.764s] byte-compiling /home/krist/sensor_ws/install/lidar_driver/lib/python3.10/site-packages/lidar_driver/__init__.py to __init__.cpython-310.pyc
[3.765s] running install_data
[3.766s] creating /home/krist/sensor_ws/install/lidar_driver/share/ament_index
[3.766s] creating /home/krist/sensor_ws/install/lidar_driver/share/ament_index/resource_index
[3.766s] creating /home/krist/sensor_ws/install/lidar_driver/share/ament_index/resource_index/packages
[3.767s] copying resource/lidar_driver -> /home/krist/sensor_ws/install/lidar_driver/share/ament_index/resource_index/packages
[3.767s] copying package.xml -> /home/krist/sensor_ws/install/lidar_driver/share/lidar_driver
[3.767s] creating /home/krist/sensor_ws/install/lidar_driver/share/lidar_driver/launch
[3.768s] copying launch/mini_fence.launch.py -> /home/krist/sensor_ws/install/lidar_driver/share/lidar_driver/launch
[3.768s] running install_egg_info
[3.772s] Copying ../../build/lidar_driver/lidar_driver.egg-info to /home/krist/sensor_ws/install/lidar_driver/lib/python3.10/site-packages/lidar_driver-0.0.0-py3.10.egg-info
[3.775s] running install_scripts
[3.845s] Installing mini_fence_node script to /home/krist/sensor_ws/install/lidar_driver/lib/lidar_driver
[3.865s] writing list of installed files to '/home/krist/sensor_ws/build/lidar_driver/install.log'
[3.991s] Invoked command in '/home/krist/sensor_ws/src/lidar_driver' returned '0': PYTHONPATH=/home/krist/sensor_ws/build/lidar_driver/prefix_override:/usr/lib/python3/dist-packages/colcon_core/task/python/colcon_distutils_commands:/home/krist/sensor_ws/install/lidar_driver/lib/python3.10/site-packages:${PYTHONPATH} /usr/bin/python3 -W ignore:setup.py install is deprecated -W ignore:easy_install command is deprecated setup.py egg_info --egg-base ../../build/lidar_driver build --build-base /home/krist/sensor_ws/build/lidar_driver/build install --record /home/krist/sensor_ws/build/lidar_driver/install.log --single-version-externally-managed install_data
