[1.521s] Invoking command in '/home/krist/sensor_ws/src/camera_driver': PYTHONPATH=/home/krist/sensor_ws/build/camera_driver/prefix_override:/usr/lib/python3/dist-packages/colcon_core/task/python/colcon_distutils_commands:/home/krist/sensor_ws/install/camera_driver/lib/python3.10/site-packages:${PYTHONPATH} /usr/bin/python3 -W ignore:setup.py install is deprecated -W ignore:easy_install command is deprecated setup.py egg_info --egg-base ../../build/camera_driver build --build-base /home/krist/sensor_ws/build/camera_driver/build install --record /home/krist/sensor_ws/build/camera_driver/install.log --install-scripts $base/lib/camera_driver --single-version-externally-managed install_data
[1.814s] /home/krist/.local/lib/python3.10/site-packages/setuptools/dist.py:599: SetuptoolsDeprecationWarning: Invalid dash-separated key 'script-dir' in 'develop' (setup.cfg), please use the underscore name 'script_dir' instead.
[1.815s] !!
[1.815s] 
[1.815s]         ********************************************************************************
[1.815s]         Usage of dash-separated 'script-dir' will not be supported in future
[1.815s]         versions. Please use the underscore name 'script_dir' instead.
[1.815s] 
[1.815s]         This deprecation is overdue, please update your project and remove deprecated
[1.815s]         calls to avoid build errors in the future.
[1.816s] 
[1.816s]         See https://setuptools.pypa.io/en/latest/userguide/declarative_config.html for details.
[1.816s]         ********************************************************************************
[1.816s] 
[1.816s] !!
[1.816s]   opt = self._enforce_underscore(opt, section)
[1.853s] /home/krist/.local/lib/python3.10/site-packages/setuptools/_distutils/dist.py:289: UserWarning: Unknown distribution option: 'tests_require'
[1.853s]   warnings.warn(msg)
[1.924s] /home/krist/.local/lib/python3.10/site-packages/setuptools/dist.py:599: SetuptoolsDeprecationWarning: Invalid dash-separated key 'script-dir' in 'develop' (setup.cfg), please use the underscore name 'script_dir' instead.
[1.924s] !!
[1.924s] 
[1.924s]         ********************************************************************************
[1.924s]         Usage of dash-separated 'script-dir' will not be supported in future
[1.925s]         versions. Please use the underscore name 'script_dir' instead.
[1.925s]         (Affected: camera_driver).
[1.925s] 
[1.925s]         This deprecation is overdue, please update your project and remove deprecated
[1.925s]         calls to avoid build errors in the future.
[1.925s] 
[1.925s]         See https://setuptools.pypa.io/en/latest/userguide/declarative_config.html for details.
[1.925s]         ********************************************************************************
[1.925s] 
[1.926s] !!
[1.926s]   opt = self._enforce_underscore(opt, section)
[2.074s] running egg_info
[2.109s] writing ../../build/camera_driver/camera_driver.egg-info/PKG-INFO
[2.110s] writing dependency_links to ../../build/camera_driver/camera_driver.egg-info/dependency_links.txt
[2.110s] writing entry points to ../../build/camera_driver/camera_driver.egg-info/entry_points.txt
[2.111s] writing requirements to ../../build/camera_driver/camera_driver.egg-info/requires.txt
[2.111s] writing top-level names to ../../build/camera_driver/camera_driver.egg-info/top_level.txt
[2.186s] reading manifest file '../../build/camera_driver/camera_driver.egg-info/SOURCES.txt'
[2.188s] writing manifest file '../../build/camera_driver/camera_driver.egg-info/SOURCES.txt'
[2.189s] running build
[2.189s] running build_py
[2.190s] copying camera_driver/survey_gst_node.py -> /home/krist/sensor_ws/build/camera_driver/build/lib/camera_driver
[2.190s] copying camera_driver/gst_node.py -> /home/krist/sensor_ws/build/camera_driver/build/lib/camera_driver
[2.191s] copying camera_driver/__init__.py -> /home/krist/sensor_ws/build/camera_driver/build/lib/camera_driver
[2.191s] running install
[2.200s] running install_lib
[2.238s] copying /home/krist/sensor_ws/build/camera_driver/build/lib/camera_driver/survey_gst_node.py -> /home/krist/sensor_ws/install/camera_driver/lib/python3.10/site-packages/camera_driver
[2.239s] copying /home/krist/sensor_ws/build/camera_driver/build/lib/camera_driver/gst_node.py -> /home/krist/sensor_ws/install/camera_driver/lib/python3.10/site-packages/camera_driver
[2.240s] byte-compiling /home/krist/sensor_ws/install/camera_driver/lib/python3.10/site-packages/camera_driver/survey_gst_node.py to survey_gst_node.cpython-310.pyc
[2.244s] byte-compiling /home/krist/sensor_ws/install/camera_driver/lib/python3.10/site-packages/camera_driver/gst_node.py to gst_node.cpython-310.pyc
[2.246s] running install_data
[2.247s] copying resource/camera_driver -> /home/krist/sensor_ws/install/camera_driver/share/ament_index/resource_index/packages
[2.247s] copying package.xml -> /home/krist/sensor_ws/install/camera_driver/share/camera_driver
[2.248s] copying launch/camera_launch.py -> /home/krist/sensor_ws/install/camera_driver/share/camera_driver/launch
[2.248s] copying weights/rgb_best.pt -> /home/krist/sensor_ws/install/camera_driver/share/camera_driver/weights
[2.334s] copying weights/thermal_best.pt -> /home/krist/sensor_ws/install/camera_driver/share/camera_driver/weights
[2.419s] running install_egg_info
[2.460s] removing '/home/krist/sensor_ws/install/camera_driver/lib/python3.10/site-packages/camera_driver-0.0.0-py3.10.egg-info' (and everything under it)
[2.461s] Copying ../../build/camera_driver/camera_driver.egg-info to /home/krist/sensor_ws/install/camera_driver/lib/python3.10/site-packages/camera_driver-0.0.0-py3.10.egg-info
[2.463s] running install_scripts
[2.738s] Installing gst_node script to /home/krist/sensor_ws/install/camera_driver/lib/camera_driver
[2.739s] Installing survey_gst_node script to /home/krist/sensor_ws/install/camera_driver/lib/camera_driver
[2.740s] writing list of installed files to '/home/krist/sensor_ws/build/camera_driver/install.log'
[2.813s] Invoked command in '/home/krist/sensor_ws/src/camera_driver' returned '0': PYTHONPATH=/home/krist/sensor_ws/build/camera_driver/prefix_override:/usr/lib/python3/dist-packages/colcon_core/task/python/colcon_distutils_commands:/home/krist/sensor_ws/install/camera_driver/lib/python3.10/site-packages:${PYTHONPATH} /usr/bin/python3 -W ignore:setup.py install is deprecated -W ignore:easy_install command is deprecated setup.py egg_info --egg-base ../../build/camera_driver build --build-base /home/krist/sensor_ws/build/camera_driver/build install --record /home/krist/sensor_ws/build/camera_driver/install.log --install-scripts $base/lib/camera_driver --single-version-externally-managed install_data
