[1.696s] Invoking command in '/home/krist/sensor2_ws/src/camera_driver': PYTHONPATH=/home/krist/sensor2_ws/build/camera_driver/prefix_override:/usr/lib/python3/dist-packages/colcon_core/task/python/colcon_distutils_commands:/home/krist/sensor2_ws/install/camera_driver/lib/python3.10/site-packages:${PYTHONPATH} /usr/bin/python3 -W ignore:setup.py install is deprecated -W ignore:easy_install command is deprecated setup.py egg_info --egg-base ../../build/camera_driver build --build-base /home/krist/sensor2_ws/build/camera_driver/build install --record /home/krist/sensor2_ws/build/camera_driver/install.log --install-scripts $base/lib/camera_driver --single-version-externally-managed install_data
[2.022s] /home/krist/.local/lib/python3.10/site-packages/setuptools/dist.py:599: SetuptoolsDeprecationWarning: Invalid dash-separated key 'script-dir' in 'develop' (setup.cfg), please use the underscore name 'script_dir' instead.
[2.022s] !!
[2.022s] 
[2.022s]         ********************************************************************************
[2.022s]         Usage of dash-separated 'script-dir' will not be supported in future
[2.023s]         versions. Please use the underscore name 'script_dir' instead.
[2.023s] 
[2.023s]         This deprecation is overdue, please update your project and remove deprecated
[2.023s]         calls to avoid build errors in the future.
[2.023s] 
[2.023s]         See https://setuptools.pypa.io/en/latest/userguide/declarative_config.html for details.
[2.023s]         ********************************************************************************
[2.023s] 
[2.023s] !!
[2.024s]   opt = self._enforce_underscore(opt, section)
[2.066s] /home/krist/.local/lib/python3.10/site-packages/setuptools/_distutils/dist.py:289: UserWarning: Unknown distribution option: 'tests_require'
[2.067s]   warnings.warn(msg)
[2.143s] /home/krist/.local/lib/python3.10/site-packages/setuptools/dist.py:599: SetuptoolsDeprecationWarning: Invalid dash-separated key 'script-dir' in 'develop' (setup.cfg), please use the underscore name 'script_dir' instead.
[2.144s] !!
[2.144s] 
[2.144s]         ********************************************************************************
[2.144s]         Usage of dash-separated 'script-dir' will not be supported in future
[2.144s]         versions. Please use the underscore name 'script_dir' instead.
[2.144s]         (Affected: camera_driver).
[2.144s] 
[2.144s]         This deprecation is overdue, please update your project and remove deprecated
[2.144s]         calls to avoid build errors in the future.
[2.145s] 
[2.145s]         See https://setuptools.pypa.io/en/latest/userguide/declarative_config.html for details.
[2.145s]         ********************************************************************************
[2.145s] 
[2.145s] !!
[2.145s]   opt = self._enforce_underscore(opt, section)
[2.304s] running egg_info
[2.340s] writing ../../build/camera_driver/camera_driver.egg-info/PKG-INFO
[2.341s] writing dependency_links to ../../build/camera_driver/camera_driver.egg-info/dependency_links.txt
[2.342s] writing entry points to ../../build/camera_driver/camera_driver.egg-info/entry_points.txt
[2.343s] writing requirements to ../../build/camera_driver/camera_driver.egg-info/requires.txt
[2.343s] writing top-level names to ../../build/camera_driver/camera_driver.egg-info/top_level.txt
[2.421s] reading manifest file '../../build/camera_driver/camera_driver.egg-info/SOURCES.txt'
[2.424s] writing manifest file '../../build/camera_driver/camera_driver.egg-info/SOURCES.txt'
[2.424s] running build
[2.424s] running build_py
[2.425s] copying camera_driver/gst_node.py -> /home/krist/sensor2_ws/build/camera_driver/build/lib/camera_driver
[2.425s] copying camera_driver/__init__.py -> /home/krist/sensor2_ws/build/camera_driver/build/lib/camera_driver
[2.426s] running install
[2.435s] running install_lib
[2.474s] copying /home/krist/sensor2_ws/build/camera_driver/build/lib/camera_driver/gst_node.py -> /home/krist/sensor2_ws/install/camera_driver/lib/python3.10/site-packages/camera_driver
[2.475s] byte-compiling /home/krist/sensor2_ws/install/camera_driver/lib/python3.10/site-packages/camera_driver/gst_node.py to gst_node.cpython-310.pyc
[2.477s] running install_data
[2.478s] copying resource/camera_driver -> /home/krist/sensor2_ws/install/camera_driver/share/ament_index/resource_index/packages
[2.478s] copying package.xml -> /home/krist/sensor2_ws/install/camera_driver/share/camera_driver
[2.479s] copying launch/camera_launch.py -> /home/krist/sensor2_ws/install/camera_driver/share/camera_driver/launch
[2.479s] copying weights/rgb_best.pt -> /home/krist/sensor2_ws/install/camera_driver/share/camera_driver/weights
[2.798s] copying weights/thermal_best.pt -> /home/krist/sensor2_ws/install/camera_driver/share/camera_driver/weights
[2.887s] running install_egg_info
[2.929s] removing '/home/krist/sensor2_ws/install/camera_driver/lib/python3.10/site-packages/camera_driver-0.0.0-py3.10.egg-info' (and everything under it)
[2.930s] Copying ../../build/camera_driver/camera_driver.egg-info to /home/krist/sensor2_ws/install/camera_driver/lib/python3.10/site-packages/camera_driver-0.0.0-py3.10.egg-info
[2.932s] running install_scripts
[3.232s] Installing gst_node script to /home/krist/sensor2_ws/install/camera_driver/lib/camera_driver
[3.233s] writing list of installed files to '/home/krist/sensor2_ws/build/camera_driver/install.log'
[3.309s] Invoked command in '/home/krist/sensor2_ws/src/camera_driver' returned '0': PYTHONPATH=/home/krist/sensor2_ws/build/camera_driver/prefix_override:/usr/lib/python3/dist-packages/colcon_core/task/python/colcon_distutils_commands:/home/krist/sensor2_ws/install/camera_driver/lib/python3.10/site-packages:${PYTHONPATH} /usr/bin/python3 -W ignore:setup.py install is deprecated -W ignore:easy_install command is deprecated setup.py egg_info --egg-base ../../build/camera_driver build --build-base /home/krist/sensor2_ws/build/camera_driver/build install --record /home/krist/sensor2_ws/build/camera_driver/install.log --install-scripts $base/lib/camera_driver --single-version-externally-managed install_data
