[1.674s] Invoking command in '/home/krist/sensor2_ws/src/camera_driver': PYTHONPATH=/home/krist/sensor2_ws/build/camera_driver/prefix_override:/usr/lib/python3/dist-packages/colcon_core/task/python/colcon_distutils_commands:/home/krist/sensor2_ws/install/camera_driver/lib/python3.10/site-packages:${PYTHONPATH} /usr/bin/python3 -W ignore:setup.py install is deprecated -W ignore:easy_install command is deprecated setup.py egg_info --egg-base ../../build/camera_driver build --build-base /home/krist/sensor2_ws/build/camera_driver/build install --record /home/krist/sensor2_ws/build/camera_driver/install.log --install-scripts $base/lib/camera_driver --single-version-externally-managed install_data
[1.981s] /home/krist/.local/lib/python3.10/site-packages/setuptools/dist.py:599: SetuptoolsDeprecationWarning: Invalid dash-separated key 'script-dir' in 'develop' (setup.cfg), please use the underscore name 'script_dir' instead.
[1.981s] !!
[1.981s] 
[1.981s]         ********************************************************************************
[1.982s]         Usage of dash-separated 'script-dir' will not be supported in future
[1.982s]         versions. Please use the underscore name 'script_dir' instead.
[1.982s] 
[1.982s]         This deprecation is overdue, please update your project and remove deprecated
[1.982s]         calls to avoid build errors in the future.
[1.982s] 
[1.982s]         See https://setuptools.pypa.io/en/latest/userguide/declarative_config.html for details.
[1.982s]         ********************************************************************************
[1.982s] 
[1.983s] !!
[1.983s]   opt = self._enforce_underscore(opt, section)
[2.021s] /home/krist/.local/lib/python3.10/site-packages/setuptools/_distutils/dist.py:289: UserWarning: Unknown distribution option: 'tests_require'
[2.021s]   warnings.warn(msg)
[2.097s] /home/krist/.local/lib/python3.10/site-packages/setuptools/dist.py:599: SetuptoolsDeprecationWarning: Invalid dash-separated key 'script-dir' in 'develop' (setup.cfg), please use the underscore name 'script_dir' instead.
[2.097s] !!
[2.097s] 
[2.097s]         ********************************************************************************
[2.097s]         Usage of dash-separated 'script-dir' will not be supported in future
[2.097s]         versions. Please use the underscore name 'script_dir' instead.
[2.098s]         (Affected: camera_driver).
[2.098s] 
[2.098s]         This deprecation is overdue, please update your project and remove deprecated
[2.098s]         calls to avoid build errors in the future.
[2.098s] 
[2.098s]         See https://setuptools.pypa.io/en/latest/userguide/declarative_config.html for details.
[2.098s]         ********************************************************************************
[2.098s] 
[2.098s] !!
[2.099s]   opt = self._enforce_underscore(opt, section)
[2.252s] running egg_info
[2.289s] writing ../../build/camera_driver/camera_driver.egg-info/PKG-INFO
[2.291s] writing dependency_links to ../../build/camera_driver/camera_driver.egg-info/dependency_links.txt
[2.291s] writing entry points to ../../build/camera_driver/camera_driver.egg-info/entry_points.txt
[2.292s] writing requirements to ../../build/camera_driver/camera_driver.egg-info/requires.txt
[2.292s] writing top-level names to ../../build/camera_driver/camera_driver.egg-info/top_level.txt
[2.372s] reading manifest file '../../build/camera_driver/camera_driver.egg-info/SOURCES.txt'
[2.374s] writing manifest file '../../build/camera_driver/camera_driver.egg-info/SOURCES.txt'
[2.375s] running build
[2.375s] running build_py
[2.375s] copying camera_driver/gst_node.py -> /home/krist/sensor2_ws/build/camera_driver/build/lib/camera_driver
[2.376s] copying camera_driver/__init__.py -> /home/krist/sensor2_ws/build/camera_driver/build/lib/camera_driver
[2.377s] running install
[2.385s] running install_lib
[2.426s] running install_data
[2.427s] copying resource/camera_driver -> /home/krist/sensor2_ws/install/camera_driver/share/ament_index/resource_index/packages
[2.427s] copying package.xml -> /home/krist/sensor2_ws/install/camera_driver/share/camera_driver
[2.428s] copying launch/camera_launch.py -> /home/krist/sensor2_ws/install/camera_driver/share/camera_driver/launch
[2.428s] copying weights/rgb_best.pt -> /home/krist/sensor2_ws/install/camera_driver/share/camera_driver/weights
[2.517s] copying weights/thermal_best.pt -> /home/krist/sensor2_ws/install/camera_driver/share/camera_driver/weights
[2.599s] running install_egg_info
[2.642s] removing '/home/krist/sensor2_ws/install/camera_driver/lib/python3.10/site-packages/camera_driver-0.0.0-py3.10.egg-info' (and everything under it)
[2.643s] Copying ../../build/camera_driver/camera_driver.egg-info to /home/krist/sensor2_ws/install/camera_driver/lib/python3.10/site-packages/camera_driver-0.0.0-py3.10.egg-info
[2.645s] running install_scripts
[2.948s] Installing gst_node script to /home/krist/sensor2_ws/install/camera_driver/lib/camera_driver
[2.949s] writing list of installed files to '/home/krist/sensor2_ws/build/camera_driver/install.log'
[3.025s] Invoked command in '/home/krist/sensor2_ws/src/camera_driver' returned '0': PYTHONPATH=/home/krist/sensor2_ws/build/camera_driver/prefix_override:/usr/lib/python3/dist-packages/colcon_core/task/python/colcon_distutils_commands:/home/krist/sensor2_ws/install/camera_driver/lib/python3.10/site-packages:${PYTHONPATH} /usr/bin/python3 -W ignore:setup.py install is deprecated -W ignore:easy_install command is deprecated setup.py egg_info --egg-base ../../build/camera_driver build --build-base /home/krist/sensor2_ws/build/camera_driver/build install --record /home/krist/sensor2_ws/build/camera_driver/install.log --install-scripts $base/lib/camera_driver --single-version-externally-managed install_data
