[0.241s] DEBUG:colcon:Command line arguments: ['/usr/bin/colcon', 'build']
[0.242s] DEBUG:colcon:Parsed command line arguments: Namespace(log_base=None, log_level=None, verb_name='build', build_base='build', install_base='install', merge_install=False, symlink_install=False, test_result_base=None, continue_on_error=False, executor='parallel', parallel_workers=6, event_handlers=None, ignore_user_meta=False, metas=['./colcon.meta'], base_paths=['.'], packages_ignore=None, packages_ignore_regex=None, paths=None, packages_up_to=None, packages_up_to_regex=None, packages_above=None, packages_above_and_dependencies=None, packages_above_depth=None, packages_select_by_dep=None, packages_skip_by_dep=None, packages_skip_up_to=None, packages_select_build_failed=False, packages_skip_build_finished=False, packages_select_test_failures=False, packages_skip_test_passed=False, packages_select=None, packages_skip=None, packages_select_regex=None, packages_skip_regex=None, packages_start=None, packages_end=None, allow_overriding=[], cmake_args=None, cmake_target=None, cmake_target_skip_unavailable=False, cmake_clean_cache=False, cmake_clean_first=False, cmake_force_configure=False, ament_cmake_args=None, catkin_cmake_args=None, catkin_skip_building_tests=False, mixin_files=None, mixin=None, verb_parser=<colcon_mixin.mixin.mixin_argument.MixinArgumentDecorator object at 0xffff8c078c40>, verb_extension=<colcon_core.verb.build.BuildVerb object at 0xffff8c1fa2f0>, main=<bound method BuildVerb.main of <colcon_core.verb.build.BuildVerb object at 0xffff8c1fa2f0>>, mixin_verb=('build',))
[0.330s] Level 1:colcon.colcon_core.package_discovery:discover_packages(colcon_meta) check parameters
[0.330s] Level 1:colcon.colcon_core.package_discovery:discover_packages(recursive) check parameters
[0.330s] Level 1:colcon.colcon_core.package_discovery:discover_packages(ignore) check parameters
[0.330s] Level 1:colcon.colcon_core.package_discovery:discover_packages(path) check parameters
[0.331s] Level 1:colcon.colcon_core.package_discovery:discover_packages(colcon_meta) discover
[0.331s] Level 1:colcon.colcon_core.package_discovery:discover_packages(recursive) discover
[0.331s] INFO:colcon.colcon_core.package_discovery:Crawling recursively for packages in '/home/krist/sensor2_ws'
[0.331s] Level 1:colcon.colcon_core.package_identification:_identify(.) by extensions ['ignore', 'ignore_ament_install']
[0.331s] Level 1:colcon.colcon_core.package_identification:_identify(.) by extension 'ignore'
[0.331s] Level 1:colcon.colcon_core.package_identification:_identify(.) by extension 'ignore_ament_install'
[0.332s] Level 1:colcon.colcon_core.package_identification:_identify(.) by extensions ['colcon_pkg']
[0.332s] Level 1:colcon.colcon_core.package_identification:_identify(.) by extension 'colcon_pkg'
[0.332s] Level 1:colcon.colcon_core.package_identification:_identify(.) by extensions ['colcon_meta']
[0.332s] Level 1:colcon.colcon_core.package_identification:_identify(.) by extension 'colcon_meta'
[0.332s] Level 1:colcon.colcon_core.package_identification:_identify(.) by extensions ['ros']
[0.332s] Level 1:colcon.colcon_core.package_identification:_identify(.) by extension 'ros'
[0.361s] Level 1:colcon.colcon_core.package_identification:_identify(.) by extensions ['cmake', 'python']
[0.362s] Level 1:colcon.colcon_core.package_identification:_identify(.) by extension 'cmake'
[0.362s] Level 1:colcon.colcon_core.package_identification:_identify(.) by extension 'python'
[0.362s] Level 1:colcon.colcon_core.package_identification:_identify(.) by extensions ['python_setup_py']
[0.362s] Level 1:colcon.colcon_core.package_identification:_identify(.) by extension 'python_setup_py'
[0.362s] Level 1:colcon.colcon_core.package_identification:_identify(build) by extensions ['ignore', 'ignore_ament_install']
[0.363s] Level 1:colcon.colcon_core.package_identification:_identify(build) by extension 'ignore'
[0.363s] Level 1:colcon.colcon_core.package_identification:_identify(build) ignored
[0.363s] Level 1:colcon.colcon_core.package_identification:_identify(install) by extensions ['ignore', 'ignore_ament_install']
[0.363s] Level 1:colcon.colcon_core.package_identification:_identify(install) by extension 'ignore'
[0.363s] Level 1:colcon.colcon_core.package_identification:_identify(install) ignored
[0.363s] Level 1:colcon.colcon_core.package_identification:_identify(log) by extensions ['ignore', 'ignore_ament_install']
[0.364s] Level 1:colcon.colcon_core.package_identification:_identify(log) by extension 'ignore'
[0.364s] Level 1:colcon.colcon_core.package_identification:_identify(log) ignored
[0.364s] Level 1:colcon.colcon_core.package_identification:_identify(src) by extensions ['ignore', 'ignore_ament_install']
[0.364s] Level 1:colcon.colcon_core.package_identification:_identify(src) by extension 'ignore'
[0.364s] Level 1:colcon.colcon_core.package_identification:_identify(src) by extension 'ignore_ament_install'
[0.364s] Level 1:colcon.colcon_core.package_identification:_identify(src) by extensions ['colcon_pkg']
[0.364s] Level 1:colcon.colcon_core.package_identification:_identify(src) by extension 'colcon_pkg'
[0.365s] Level 1:colcon.colcon_core.package_identification:_identify(src) by extensions ['colcon_meta']
[0.365s] Level 1:colcon.colcon_core.package_identification:_identify(src) by extension 'colcon_meta'
[0.365s] Level 1:colcon.colcon_core.package_identification:_identify(src) by extensions ['ros']
[0.365s] Level 1:colcon.colcon_core.package_identification:_identify(src) by extension 'ros'
[0.365s] Level 1:colcon.colcon_core.package_identification:_identify(src) by extensions ['cmake', 'python']
[0.365s] Level 1:colcon.colcon_core.package_identification:_identify(src) by extension 'cmake'
[0.365s] Level 1:colcon.colcon_core.package_identification:_identify(src) by extension 'python'
[0.365s] Level 1:colcon.colcon_core.package_identification:_identify(src) by extensions ['python_setup_py']
[0.365s] Level 1:colcon.colcon_core.package_identification:_identify(src) by extension 'python_setup_py'
[0.365s] Level 1:colcon.colcon_core.package_identification:_identify(src/camera_driver) by extensions ['ignore', 'ignore_ament_install']
[0.366s] Level 1:colcon.colcon_core.package_identification:_identify(src/camera_driver) by extension 'ignore'
[0.366s] Level 1:colcon.colcon_core.package_identification:_identify(src/camera_driver) by extension 'ignore_ament_install'
[0.366s] Level 1:colcon.colcon_core.package_identification:_identify(src/camera_driver) by extensions ['colcon_pkg']
[0.366s] Level 1:colcon.colcon_core.package_identification:_identify(src/camera_driver) by extension 'colcon_pkg'
[0.366s] Level 1:colcon.colcon_core.package_identification:_identify(src/camera_driver) by extensions ['colcon_meta']
[0.366s] Level 1:colcon.colcon_core.package_identification:_identify(src/camera_driver) by extension 'colcon_meta'
[0.366s] Level 1:colcon.colcon_core.package_identification:_identify(src/camera_driver) by extensions ['ros']
[0.366s] Level 1:colcon.colcon_core.package_identification:_identify(src/camera_driver) by extension 'ros'
[0.366s] Level 1:colcon.colcon_core.package_identification:_identify(src/camera_driver) by extensions ['cmake', 'python']
[0.366s] Level 1:colcon.colcon_core.package_identification:_identify(src/camera_driver) by extension 'cmake'
[0.367s] Level 1:colcon.colcon_core.package_identification:_identify(src/camera_driver) by extension 'python'
[0.367s] Level 1:colcon.colcon_core.package_identification:_identify(src/camera_driver) by extensions ['python_setup_py']
[0.367s] Level 1:colcon.colcon_core.package_identification:_identify(src/camera_driver) by extension 'python_setup_py'
[0.367s] Level 1:colcon.colcon_core.package_identification:_identify(src/lidar_driver) by extensions ['ignore', 'ignore_ament_install']
[0.367s] Level 1:colcon.colcon_core.package_identification:_identify(src/lidar_driver) by extension 'ignore'
[0.367s] Level 1:colcon.colcon_core.package_identification:_identify(src/lidar_driver) by extension 'ignore_ament_install'
[0.367s] Level 1:colcon.colcon_core.package_identification:_identify(src/lidar_driver) by extensions ['colcon_pkg']
[0.367s] Level 1:colcon.colcon_core.package_identification:_identify(src/lidar_driver) by extension 'colcon_pkg'
[0.368s] Level 1:colcon.colcon_core.package_identification:_identify(src/lidar_driver) by extensions ['colcon_meta']
[0.368s] Level 1:colcon.colcon_core.package_identification:_identify(src/lidar_driver) by extension 'colcon_meta'
[0.368s] Level 1:colcon.colcon_core.package_identification:_identify(src/lidar_driver) by extensions ['ros']
[0.368s] Level 1:colcon.colcon_core.package_identification:_identify(src/lidar_driver) by extension 'ros'
[0.373s] DEBUG:colcon.colcon_core.package_identification:Package 'src/lidar_driver' with type 'ros.ament_python' and name 'lidar_driver'
[0.373s] Level 1:colcon.colcon_core.package_identification:_identify(src/sensor_fusion) by extensions ['ignore', 'ignore_ament_install']
[0.373s] Level 1:colcon.colcon_core.package_identification:_identify(src/sensor_fusion) by extension 'ignore'
[0.373s] Level 1:colcon.colcon_core.package_identification:_identify(src/sensor_fusion) by extension 'ignore_ament_install'
[0.374s] Level 1:colcon.colcon_core.package_identification:_identify(src/sensor_fusion) by extensions ['colcon_pkg']
[0.374s] Level 1:colcon.colcon_core.package_identification:_identify(src/sensor_fusion) by extension 'colcon_pkg'
[0.374s] Level 1:colcon.colcon_core.package_identification:_identify(src/sensor_fusion) by extensions ['colcon_meta']
[0.374s] Level 1:colcon.colcon_core.package_identification:_identify(src/sensor_fusion) by extension 'colcon_meta'
[0.374s] Level 1:colcon.colcon_core.package_identification:_identify(src/sensor_fusion) by extensions ['ros']
[0.374s] Level 1:colcon.colcon_core.package_identification:_identify(src/sensor_fusion) by extension 'ros'
[0.374s] Level 1:colcon.colcon_core.package_identification:_identify(src/sensor_fusion) by extensions ['cmake', 'python']
[0.374s] Level 1:colcon.colcon_core.package_identification:_identify(src/sensor_fusion) by extension 'cmake'
[0.374s] Level 1:colcon.colcon_core.package_identification:_identify(src/sensor_fusion) by extension 'python'
[0.374s] Level 1:colcon.colcon_core.package_identification:_identify(src/sensor_fusion) by extensions ['python_setup_py']
[0.374s] Level 1:colcon.colcon_core.package_identification:_identify(src/sensor_fusion) by extension 'python_setup_py'
[0.375s] Level 1:colcon.colcon_core.package_identification:_identify(src/sllidar_ros2) by extensions ['ignore', 'ignore_ament_install']
[0.375s] Level 1:colcon.colcon_core.package_identification:_identify(src/sllidar_ros2) by extension 'ignore'
[0.375s] Level 1:colcon.colcon_core.package_identification:_identify(src/sllidar_ros2) by extension 'ignore_ament_install'
[0.375s] Level 1:colcon.colcon_core.package_identification:_identify(src/sllidar_ros2) by extensions ['colcon_pkg']
[0.375s] Level 1:colcon.colcon_core.package_identification:_identify(src/sllidar_ros2) by extension 'colcon_pkg'
[0.375s] Level 1:colcon.colcon_core.package_identification:_identify(src/sllidar_ros2) by extensions ['colcon_meta']
[0.375s] Level 1:colcon.colcon_core.package_identification:_identify(src/sllidar_ros2) by extension 'colcon_meta'
[0.375s] Level 1:colcon.colcon_core.package_identification:_identify(src/sllidar_ros2) by extensions ['ros']
[0.376s] Level 1:colcon.colcon_core.package_identification:_identify(src/sllidar_ros2) by extension 'ros'
[0.377s] DEBUG:colcon.colcon_core.package_identification:Package 'src/sllidar_ros2' with type 'ros.ament_cmake' and name 'sllidar_ros2'
[0.377s] Level 1:colcon.colcon_core.package_discovery:discover_packages(recursive) using defaults
[0.377s] Level 1:colcon.colcon_core.package_discovery:discover_packages(ignore) discover
[0.377s] Level 1:colcon.colcon_core.package_discovery:discover_packages(ignore) using defaults
[0.377s] Level 1:colcon.colcon_core.package_discovery:discover_packages(path) discover
[0.378s] Level 1:colcon.colcon_core.package_discovery:discover_packages(path) using defaults
[0.420s] Level 1:colcon.colcon_core.package_discovery:discover_packages(prefix_path) check parameters
[0.421s] Level 1:colcon.colcon_core.package_discovery:discover_packages(prefix_path) discover
[0.425s] DEBUG:colcon.colcon_installed_package_information.package_discovery:Found 2 installed packages in /home/krist/mini_fence_ws/install
[0.426s] DEBUG:colcon.colcon_installed_package_information.package_discovery:Found 2 installed packages in /home/krist/sensor_ws/install
[0.426s] DEBUG:colcon.colcon_installed_package_information.package_discovery:Found 1 installed packages in /home/krist/camera_ws/install
[0.429s] DEBUG:colcon.colcon_installed_package_information.package_discovery:Found 359 installed packages in /opt/ros/humble
[0.432s] Level 1:colcon.colcon_core.package_discovery:discover_packages(prefix_path) using defaults
[0.529s] Level 5:colcon.colcon_core.verb:set package 'lidar_driver' build argument 'cmake_args' from command line to 'None'
[0.530s] Level 5:colcon.colcon_core.verb:set package 'lidar_driver' build argument 'cmake_target' from command line to 'None'
[0.530s] Level 5:colcon.colcon_core.verb:set package 'lidar_driver' build argument 'cmake_target_skip_unavailable' from command line to 'False'
[0.530s] Level 5:colcon.colcon_core.verb:set package 'lidar_driver' build argument 'cmake_clean_cache' from command line to 'False'
[0.530s] Level 5:colcon.colcon_core.verb:set package 'lidar_driver' build argument 'cmake_clean_first' from command line to 'False'
[0.530s] Level 5:colcon.colcon_core.verb:set package 'lidar_driver' build argument 'cmake_force_configure' from command line to 'False'
[0.530s] Level 5:colcon.colcon_core.verb:set package 'lidar_driver' build argument 'ament_cmake_args' from command line to 'None'
[0.530s] Level 5:colcon.colcon_core.verb:set package 'lidar_driver' build argument 'catkin_cmake_args' from command line to 'None'
[0.530s] Level 5:colcon.colcon_core.verb:set package 'lidar_driver' build argument 'catkin_skip_building_tests' from command line to 'False'
[0.530s] DEBUG:colcon.colcon_core.verb:Building package 'lidar_driver' with the following arguments: {'ament_cmake_args': None, 'build_base': '/home/krist/sensor2_ws/build/lidar_driver', 'catkin_cmake_args': None, 'catkin_skip_building_tests': False, 'cmake_args': None, 'cmake_clean_cache': False, 'cmake_clean_first': False, 'cmake_force_configure': False, 'cmake_target': None, 'cmake_target_skip_unavailable': False, 'install_base': '/home/krist/sensor2_ws/install/lidar_driver', 'merge_install': False, 'path': '/home/krist/sensor2_ws/src/lidar_driver', 'symlink_install': False, 'test_result_base': None}
[0.531s] Level 5:colcon.colcon_core.verb:set package 'sllidar_ros2' build argument 'cmake_args' from command line to 'None'
[0.531s] Level 5:colcon.colcon_core.verb:set package 'sllidar_ros2' build argument 'cmake_target' from command line to 'None'
[0.531s] Level 5:colcon.colcon_core.verb:set package 'sllidar_ros2' build argument 'cmake_target_skip_unavailable' from command line to 'False'
[0.531s] Level 5:colcon.colcon_core.verb:set package 'sllidar_ros2' build argument 'cmake_clean_cache' from command line to 'False'
[0.531s] Level 5:colcon.colcon_core.verb:set package 'sllidar_ros2' build argument 'cmake_clean_first' from command line to 'False'
[0.531s] Level 5:colcon.colcon_core.verb:set package 'sllidar_ros2' build argument 'cmake_force_configure' from command line to 'False'
[0.531s] Level 5:colcon.colcon_core.verb:set package 'sllidar_ros2' build argument 'ament_cmake_args' from command line to 'None'
[0.531s] Level 5:colcon.colcon_core.verb:set package 'sllidar_ros2' build argument 'catkin_cmake_args' from command line to 'None'
[0.531s] Level 5:colcon.colcon_core.verb:set package 'sllidar_ros2' build argument 'catkin_skip_building_tests' from command line to 'False'
[0.531s] DEBUG:colcon.colcon_core.verb:Building package 'sllidar_ros2' with the following arguments: {'ament_cmake_args': None, 'build_base': '/home/krist/sensor2_ws/build/sllidar_ros2', 'catkin_cmake_args': None, 'catkin_skip_building_tests': False, 'cmake_args': None, 'cmake_clean_cache': False, 'cmake_clean_first': False, 'cmake_force_configure': False, 'cmake_target': None, 'cmake_target_skip_unavailable': False, 'install_base': '/home/krist/sensor2_ws/install/sllidar_ros2', 'merge_install': False, 'path': '/home/krist/sensor2_ws/src/sllidar_ros2', 'symlink_install': False, 'test_result_base': None}
[0.532s] INFO:colcon.colcon_core.executor:Executing jobs using 'parallel' executor
[0.534s] DEBUG:colcon.colcon_parallel_executor.executor.parallel:run_until_complete
[0.535s] INFO:colcon.colcon_ros.task.ament_python.build:Building ROS package in '/home/krist/sensor2_ws/src/lidar_driver' with build type 'ament_python'
[0.535s] Level 1:colcon.colcon_core.shell:create_environment_hook('lidar_driver', 'ament_prefix_path')
[0.539s] INFO:colcon.colcon_core.plugin_system:Skipping extension 'colcon_core.shell.bat': Not used on non-Windows systems
[0.540s] INFO:colcon.colcon_core.shell:Creating environment hook '/home/krist/sensor2_ws/install/lidar_driver/share/lidar_driver/hook/ament_prefix_path.ps1'
[0.541s] INFO:colcon.colcon_core.shell:Creating environment descriptor '/home/krist/sensor2_ws/install/lidar_driver/share/lidar_driver/hook/ament_prefix_path.dsv'
[0.542s] INFO:colcon.colcon_core.shell:Creating environment hook '/home/krist/sensor2_ws/install/lidar_driver/share/lidar_driver/hook/ament_prefix_path.sh'
[0.544s] INFO:colcon.colcon_core.shell:Skip shell extension 'powershell' for command environment: Not usable outside of PowerShell
[0.544s] DEBUG:colcon.colcon_core.shell:Skip shell extension 'dsv' for command environment
[0.553s] INFO:colcon.colcon_ros.task.ament_cmake.build:Building ROS package in '/home/krist/sensor2_ws/src/sllidar_ros2' with build type 'ament_cmake'
[0.553s] INFO:colcon.colcon_cmake.task.cmake.build:Building CMake package in '/home/krist/sensor2_ws/src/sllidar_ros2'
[0.554s] INFO:colcon.colcon_core.shell:Skip shell extension 'powershell' for command environment: Not usable outside of PowerShell
[0.554s] DEBUG:colcon.colcon_core.shell:Skip shell extension 'dsv' for command environment
[1.075s] INFO:colcon.colcon_core.task.python.build:Building Python package in '/home/krist/sensor2_ws/src/lidar_driver'
[1.076s] INFO:colcon.colcon_core.shell:Skip shell extension 'powershell' for command environment: Not usable outside of PowerShell
[1.076s] DEBUG:colcon.colcon_core.shell:Skip shell extension 'dsv' for command environment
[1.094s] DEBUG:colcon.colcon_core.event_handler.log_command:Invoking command in '/home/krist/sensor2_ws/build/sllidar_ros2': CMAKE_PREFIX_PATH=${CMAKE_PREFIX_PATH}:/home/krist/mini_fence_ws/install/mini_fence:/home/krist/sensor_ws/install/lidar_driver:/home/krist/sensor_ws/install/drone_avoidance:/home/krist/camera_ws/install/video_processor:/opt/ros/humble /usr/bin/cmake --build /home/krist/sensor2_ws/build/sllidar_ros2 -- -j6 -l6
[2.563s] DEBUG:colcon.colcon_core.event_handler.log_command:Invoking command in '/home/krist/sensor2_ws/src/lidar_driver': PYTHONPATH=/home/krist/sensor2_ws/build/lidar_driver/prefix_override:/usr/lib/python3/dist-packages/colcon_core/task/python/colcon_distutils_commands:/home/krist/sensor2_ws/install/lidar_driver/lib/python3.10/site-packages:${PYTHONPATH} /usr/bin/python3 -W ignore:setup.py install is deprecated -W ignore:easy_install command is deprecated setup.py egg_info --egg-base ../../build/lidar_driver build --build-base /home/krist/sensor2_ws/build/lidar_driver/build install --record /home/krist/sensor2_ws/build/lidar_driver/install.log --single-version-externally-managed install_data
[4.374s] DEBUG:colcon.colcon_core.event_handler.log_command:Invoked command in '/home/krist/sensor2_ws/src/lidar_driver' returned '0': PYTHONPATH=/home/krist/sensor2_ws/build/lidar_driver/prefix_override:/usr/lib/python3/dist-packages/colcon_core/task/python/colcon_distutils_commands:/home/krist/sensor2_ws/install/lidar_driver/lib/python3.10/site-packages:${PYTHONPATH} /usr/bin/python3 -W ignore:setup.py install is deprecated -W ignore:easy_install command is deprecated setup.py egg_info --egg-base ../../build/lidar_driver build --build-base /home/krist/sensor2_ws/build/lidar_driver/build install --record /home/krist/sensor2_ws/build/lidar_driver/install.log --single-version-externally-managed install_data
[4.379s] Level 1:colcon.colcon_core.environment:checking '/home/krist/sensor2_ws/install/lidar_driver' for CMake module files
[4.380s] Level 1:colcon.colcon_core.environment:checking '/home/krist/sensor2_ws/install/lidar_driver' for CMake config files
[4.382s] Level 1:colcon.colcon_core.environment:checking '/home/krist/sensor2_ws/install/lidar_driver/lib'
[4.382s] Level 1:colcon.colcon_core.environment:checking '/home/krist/sensor2_ws/install/lidar_driver/bin'
[4.382s] Level 1:colcon.colcon_core.environment:checking '/home/krist/sensor2_ws/install/lidar_driver/lib/pkgconfig/lidar_driver.pc'
[4.383s] Level 1:colcon.colcon_core.environment:checking '/home/krist/sensor2_ws/install/lidar_driver/lib/python3.10/site-packages'
[4.383s] Level 1:colcon.colcon_core.shell:create_environment_hook('lidar_driver', 'pythonpath')
[4.384s] INFO:colcon.colcon_core.shell:Creating environment hook '/home/krist/sensor2_ws/install/lidar_driver/share/lidar_driver/hook/pythonpath.ps1'
[4.385s] INFO:colcon.colcon_core.shell:Creating environment descriptor '/home/krist/sensor2_ws/install/lidar_driver/share/lidar_driver/hook/pythonpath.dsv'
[4.385s] INFO:colcon.colcon_core.shell:Creating environment hook '/home/krist/sensor2_ws/install/lidar_driver/share/lidar_driver/hook/pythonpath.sh'
[4.387s] Level 1:colcon.colcon_core.environment:checking '/home/krist/sensor2_ws/install/lidar_driver/bin'
[4.387s] Level 1:colcon.colcon_core.environment:create_environment_scripts_only(lidar_driver)
[4.388s] INFO:colcon.colcon_core.shell:Creating package script '/home/krist/sensor2_ws/install/lidar_driver/share/lidar_driver/package.ps1'
[4.390s] INFO:colcon.colcon_core.shell:Creating package descriptor '/home/krist/sensor2_ws/install/lidar_driver/share/lidar_driver/package.dsv'
[4.391s] INFO:colcon.colcon_core.shell:Creating package script '/home/krist/sensor2_ws/install/lidar_driver/share/lidar_driver/package.sh'
[4.392s] INFO:colcon.colcon_core.shell:Creating package script '/home/krist/sensor2_ws/install/lidar_driver/share/lidar_driver/package.bash'
[4.394s] INFO:colcon.colcon_core.shell:Creating package script '/home/krist/sensor2_ws/install/lidar_driver/share/lidar_driver/package.zsh'
[4.395s] Level 1:colcon.colcon_core.environment:create_file_with_runtime_dependencies(/home/krist/sensor2_ws/install/lidar_driver/share/colcon-core/packages/lidar_driver)
[21.538s] DEBUG:colcon.colcon_core.event_handler.log_command:Invoked command in '/home/krist/sensor2_ws/build/sllidar_ros2' returned '0': CMAKE_PREFIX_PATH=${CMAKE_PREFIX_PATH}:/home/krist/mini_fence_ws/install/mini_fence:/home/krist/sensor_ws/install/lidar_driver:/home/krist/sensor_ws/install/drone_avoidance:/home/krist/camera_ws/install/video_processor:/opt/ros/humble /usr/bin/cmake --build /home/krist/sensor2_ws/build/sllidar_ros2 -- -j6 -l6
[21.565s] DEBUG:colcon.colcon_core.event_handler.log_command:Invoking command in '/home/krist/sensor2_ws/build/sllidar_ros2': CMAKE_PREFIX_PATH=${CMAKE_PREFIX_PATH}:/home/krist/mini_fence_ws/install/mini_fence:/home/krist/sensor_ws/install/lidar_driver:/home/krist/sensor_ws/install/drone_avoidance:/home/krist/camera_ws/install/video_processor:/opt/ros/humble /usr/bin/cmake --install /home/krist/sensor2_ws/build/sllidar_ros2
[21.625s] Level 1:colcon.colcon_core.environment:create_environment_scripts_only(sllidar_ros2)
[21.626s] Level 1:colcon.colcon_core.environment:checking '/home/krist/sensor2_ws/install/sllidar_ros2' for CMake module files
[21.627s] DEBUG:colcon.colcon_core.event_handler.log_command:Invoked command in '/home/krist/sensor2_ws/build/sllidar_ros2' returned '0': CMAKE_PREFIX_PATH=${CMAKE_PREFIX_PATH}:/home/krist/mini_fence_ws/install/mini_fence:/home/krist/sensor_ws/install/lidar_driver:/home/krist/sensor_ws/install/drone_avoidance:/home/krist/camera_ws/install/video_processor:/opt/ros/humble /usr/bin/cmake --install /home/krist/sensor2_ws/build/sllidar_ros2
[21.629s] Level 1:colcon.colcon_core.environment:checking '/home/krist/sensor2_ws/install/sllidar_ros2' for CMake config files
[21.630s] Level 1:colcon.colcon_core.shell:create_environment_hook('sllidar_ros2', 'cmake_prefix_path')
[21.631s] INFO:colcon.colcon_core.shell:Creating environment hook '/home/krist/sensor2_ws/install/sllidar_ros2/share/sllidar_ros2/hook/cmake_prefix_path.ps1'
[21.632s] INFO:colcon.colcon_core.shell:Creating environment descriptor '/home/krist/sensor2_ws/install/sllidar_ros2/share/sllidar_ros2/hook/cmake_prefix_path.dsv'
[21.634s] INFO:colcon.colcon_core.shell:Creating environment hook '/home/krist/sensor2_ws/install/sllidar_ros2/share/sllidar_ros2/hook/cmake_prefix_path.sh'
[21.636s] Level 1:colcon.colcon_core.environment:checking '/home/krist/sensor2_ws/install/sllidar_ros2/lib'
[21.636s] Level 1:colcon.colcon_core.environment:checking '/home/krist/sensor2_ws/install/sllidar_ros2/bin'
[21.636s] Level 1:colcon.colcon_core.environment:checking '/home/krist/sensor2_ws/install/sllidar_ros2/lib/pkgconfig/sllidar_ros2.pc'
[21.637s] Level 1:colcon.colcon_core.environment:checking '/home/krist/sensor2_ws/install/sllidar_ros2/lib/python3.10/site-packages'
[21.639s] Level 1:colcon.colcon_core.environment:checking '/home/krist/sensor2_ws/install/sllidar_ros2/bin'
[21.640s] INFO:colcon.colcon_core.shell:Creating package script '/home/krist/sensor2_ws/install/sllidar_ros2/share/sllidar_ros2/package.ps1'
[21.642s] INFO:colcon.colcon_core.shell:Creating package descriptor '/home/krist/sensor2_ws/install/sllidar_ros2/share/sllidar_ros2/package.dsv'
[21.643s] INFO:colcon.colcon_core.shell:Creating package script '/home/krist/sensor2_ws/install/sllidar_ros2/share/sllidar_ros2/package.sh'
[21.645s] INFO:colcon.colcon_core.shell:Creating package script '/home/krist/sensor2_ws/install/sllidar_ros2/share/sllidar_ros2/package.bash'
[21.646s] INFO:colcon.colcon_core.shell:Creating package script '/home/krist/sensor2_ws/install/sllidar_ros2/share/sllidar_ros2/package.zsh'
[21.647s] Level 1:colcon.colcon_core.environment:create_file_with_runtime_dependencies(/home/krist/sensor2_ws/install/sllidar_ros2/share/colcon-core/packages/sllidar_ros2)
[21.650s] Level 1:colcon.colcon_core.environment:create_environment_scripts_only(sllidar_ros2)
[21.651s] Level 1:colcon.colcon_core.environment:checking '/home/krist/sensor2_ws/install/sllidar_ros2' for CMake module files
[21.652s] Level 1:colcon.colcon_core.environment:checking '/home/krist/sensor2_ws/install/sllidar_ros2' for CMake config files
[21.653s] Level 1:colcon.colcon_core.shell:create_environment_hook('sllidar_ros2', 'cmake_prefix_path')
[21.654s] INFO:colcon.colcon_core.shell:Creating environment hook '/home/krist/sensor2_ws/install/sllidar_ros2/share/sllidar_ros2/hook/cmake_prefix_path.ps1'
[21.656s] INFO:colcon.colcon_core.shell:Creating environment descriptor '/home/krist/sensor2_ws/install/sllidar_ros2/share/sllidar_ros2/hook/cmake_prefix_path.dsv'
[21.657s] INFO:colcon.colcon_core.shell:Creating environment hook '/home/krist/sensor2_ws/install/sllidar_ros2/share/sllidar_ros2/hook/cmake_prefix_path.sh'
[21.659s] Level 1:colcon.colcon_core.environment:checking '/home/krist/sensor2_ws/install/sllidar_ros2/lib'
[21.659s] Level 1:colcon.colcon_core.environment:checking '/home/krist/sensor2_ws/install/sllidar_ros2/bin'
[21.659s] Level 1:colcon.colcon_core.environment:checking '/home/krist/sensor2_ws/install/sllidar_ros2/lib/pkgconfig/sllidar_ros2.pc'
[21.660s] Level 1:colcon.colcon_core.environment:checking '/home/krist/sensor2_ws/install/sllidar_ros2/lib/python3.10/site-packages'
[21.661s] Level 1:colcon.colcon_core.environment:checking '/home/krist/sensor2_ws/install/sllidar_ros2/bin'
[21.662s] INFO:colcon.colcon_core.shell:Creating package script '/home/krist/sensor2_ws/install/sllidar_ros2/share/sllidar_ros2/package.ps1'
[21.664s] INFO:colcon.colcon_core.shell:Creating package descriptor '/home/krist/sensor2_ws/install/sllidar_ros2/share/sllidar_ros2/package.dsv'
[21.666s] INFO:colcon.colcon_core.shell:Creating package script '/home/krist/sensor2_ws/install/sllidar_ros2/share/sllidar_ros2/package.sh'
[21.668s] INFO:colcon.colcon_core.shell:Creating package script '/home/krist/sensor2_ws/install/sllidar_ros2/share/sllidar_ros2/package.bash'
[21.670s] INFO:colcon.colcon_core.shell:Creating package script '/home/krist/sensor2_ws/install/sllidar_ros2/share/sllidar_ros2/package.zsh'
[21.671s] Level 1:colcon.colcon_core.environment:create_file_with_runtime_dependencies(/home/krist/sensor2_ws/install/sllidar_ros2/share/colcon-core/packages/sllidar_ros2)
[21.672s] DEBUG:colcon.colcon_parallel_executor.executor.parallel:closing loop
[21.673s] DEBUG:colcon.colcon_parallel_executor.executor.parallel:loop closed
[21.674s] DEBUG:colcon.colcon_parallel_executor.executor.parallel:run_until_complete finished with '0'
[21.675s] DEBUG:colcon.colcon_core.event_reactor:joining thread
[21.794s] INFO:colcon.colcon_core.plugin_system:Skipping extension 'colcon_notification.desktop_notification.terminal_notifier': Not used on non-Darwin systems
[21.794s] INFO:colcon.colcon_core.plugin_system:Skipping extension 'colcon_notification.desktop_notification.win32': Not used on non-Windows systems
[21.794s] INFO:colcon.colcon_notification.desktop_notification:Sending desktop notification using 'notify2'
[21.839s] DEBUG:colcon.colcon_core.event_reactor:joined thread
[21.840s] INFO:colcon.colcon_core.shell:Creating prefix script '/home/krist/sensor2_ws/install/local_setup.ps1'
[21.845s] INFO:colcon.colcon_core.shell:Creating prefix util module '/home/krist/sensor2_ws/install/_local_setup_util_ps1.py'
[21.850s] INFO:colcon.colcon_core.shell:Creating prefix chain script '/home/krist/sensor2_ws/install/setup.ps1'
[21.853s] INFO:colcon.colcon_core.shell:Creating prefix script '/home/krist/sensor2_ws/install/local_setup.sh'
[21.854s] INFO:colcon.colcon_core.shell:Creating prefix util module '/home/krist/sensor2_ws/install/_local_setup_util_sh.py'
[21.855s] INFO:colcon.colcon_core.shell:Creating prefix chain script '/home/krist/sensor2_ws/install/setup.sh'
[21.859s] INFO:colcon.colcon_core.shell:Creating prefix script '/home/krist/sensor2_ws/install/local_setup.bash'
[21.861s] INFO:colcon.colcon_core.shell:Creating prefix chain script '/home/krist/sensor2_ws/install/setup.bash'
[21.865s] INFO:colcon.colcon_core.shell:Creating prefix script '/home/krist/sensor2_ws/install/local_setup.zsh'
[21.866s] INFO:colcon.colcon_core.shell:Creating prefix chain script '/home/krist/sensor2_ws/install/setup.zsh'
