[2.208s] Invoking command in '/home/krist/sensor_ws/src/camera_driver': PYTHONPATH=/home/krist/sensor_ws/build/camera_driver/prefix_override:/usr/lib/python3/dist-packages/colcon_core/task/python/colcon_distutils_commands:/home/krist/sensor_ws/install/camera_driver/lib/python3.10/site-packages:${PYTHONPATH} /usr/bin/python3 -W ignore:setup.py install is deprecated -W ignore:easy_install command is deprecated setup.py egg_info --egg-base ../../build/camera_driver build --build-base /home/krist/sensor_ws/build/camera_driver/build install --record /home/krist/sensor_ws/build/camera_driver/install.log --install-scripts $base/lib/camera_driver --single-version-externally-managed install_data
[2.560s] /home/krist/.local/lib/python3.10/site-packages/setuptools/dist.py:599: SetuptoolsDeprecationWarning: Invalid dash-separated key 'script-dir' in 'develop' (setup.cfg), please use the underscore name 'script_dir' instead.
[2.560s] !!
[2.560s] 
[2.560s]         ********************************************************************************
[2.560s]         Usage of dash-separated 'script-dir' will not be supported in future
[2.561s]         versions. Please use the underscore name 'script_dir' instead.
[2.561s] 
[2.561s]         This deprecation is overdue, please update your project and remove deprecated
[2.561s]         calls to avoid build errors in the future.
[2.561s] 
[2.561s]         See https://setuptools.pypa.io/en/latest/userguide/declarative_config.html for details.
[2.561s]         ********************************************************************************
[2.561s] 
[2.562s] !!
[2.562s]   opt = self._enforce_underscore(opt, section)
[2.604s] /home/krist/.local/lib/python3.10/site-packages/setuptools/_distutils/dist.py:289: UserWarning: Unknown distribution option: 'tests_require'
[2.604s]   warnings.warn(msg)
[2.684s] /home/krist/.local/lib/python3.10/site-packages/setuptools/dist.py:599: SetuptoolsDeprecationWarning: Invalid dash-separated key 'script-dir' in 'develop' (setup.cfg), please use the underscore name 'script_dir' instead.
[2.684s] !!
[2.684s] 
[2.684s]         ********************************************************************************
[2.685s]         Usage of dash-separated 'script-dir' will not be supported in future
[2.685s]         versions. Please use the underscore name 'script_dir' instead.
[2.685s]         (Affected: camera_driver).
[2.685s] 
[2.685s]         This deprecation is overdue, please update your project and remove deprecated
[2.685s]         calls to avoid build errors in the future.
[2.685s] 
[2.685s]         See https://setuptools.pypa.io/en/latest/userguide/declarative_config.html for details.
[2.686s]         ********************************************************************************
[2.686s] 
[2.686s] !!
[2.686s]   opt = self._enforce_underscore(opt, section)
[2.851s] running egg_info
[2.891s] writing ../../build/camera_driver/camera_driver.egg-info/PKG-INFO
[2.895s] writing dependency_links to ../../build/camera_driver/camera_driver.egg-info/dependency_links.txt
[2.895s] writing entry points to ../../build/camera_driver/camera_driver.egg-info/entry_points.txt
[2.896s] writing requirements to ../../build/camera_driver/camera_driver.egg-info/requires.txt
[2.896s] writing top-level names to ../../build/camera_driver/camera_driver.egg-info/top_level.txt
[2.983s] reading manifest file '../../build/camera_driver/camera_driver.egg-info/SOURCES.txt'
[2.986s] writing manifest file '../../build/camera_driver/camera_driver.egg-info/SOURCES.txt'
[2.987s] running build
[2.987s] running build_py
[2.989s] copying camera_driver/survey_gst_node.py -> /home/krist/sensor_ws/build/camera_driver/build/lib/camera_driver
[2.990s] copying camera_driver/gst_node.py -> /home/krist/sensor_ws/build/camera_driver/build/lib/camera_driver
[2.990s] copying camera_driver/__init__.py -> /home/krist/sensor_ws/build/camera_driver/build/lib/camera_driver
[2.991s] running install
[3.001s] running install_lib
[3.045s] copying /home/krist/sensor_ws/build/camera_driver/build/lib/camera_driver/survey_gst_node.py -> /home/krist/sensor_ws/install/camera_driver/lib/python3.10/site-packages/camera_driver
[3.046s] copying /home/krist/sensor_ws/build/camera_driver/build/lib/camera_driver/gst_node.py -> /home/krist/sensor_ws/install/camera_driver/lib/python3.10/site-packages/camera_driver
[3.048s] byte-compiling /home/krist/sensor_ws/install/camera_driver/lib/python3.10/site-packages/camera_driver/survey_gst_node.py to survey_gst_node.cpython-310.pyc
[3.052s] byte-compiling /home/krist/sensor_ws/install/camera_driver/lib/python3.10/site-packages/camera_driver/gst_node.py to gst_node.cpython-310.pyc
[3.057s] running install_data
[3.058s] copying resource/camera_driver -> /home/krist/sensor_ws/install/camera_driver/share/ament_index/resource_index/packages
[3.059s] copying package.xml -> /home/krist/sensor_ws/install/camera_driver/share/camera_driver
[3.060s] copying launch/camera_launch.py -> /home/krist/sensor_ws/install/camera_driver/share/camera_driver/launch
[3.061s] copying weights/rgb_best.pt -> /home/krist/sensor_ws/install/camera_driver/share/camera_driver/weights
[3.554s] copying weights/thermal_best.pt -> /home/krist/sensor_ws/install/camera_driver/share/camera_driver/weights
[4.031s] running install_egg_info
[4.092s] removing '/home/krist/sensor_ws/install/camera_driver/lib/python3.10/site-packages/camera_driver-0.0.0-py3.10.egg-info' (and everything under it)
[4.095s] Copying ../../build/camera_driver/camera_driver.egg-info to /home/krist/sensor_ws/install/camera_driver/lib/python3.10/site-packages/camera_driver-0.0.0-py3.10.egg-info
[4.099s] running install_scripts
[4.428s] Installing gst_node script to /home/krist/sensor_ws/install/camera_driver/lib/camera_driver
[4.429s] Installing survey_gst_node script to /home/krist/sensor_ws/install/camera_driver/lib/camera_driver
[4.430s] writing list of installed files to '/home/krist/sensor_ws/build/camera_driver/install.log'
[4.553s] Invoked command in '/home/krist/sensor_ws/src/camera_driver' returned '0': PYTHONPATH=/home/krist/sensor_ws/build/camera_driver/prefix_override:/usr/lib/python3/dist-packages/colcon_core/task/python/colcon_distutils_commands:/home/krist/sensor_ws/install/camera_driver/lib/python3.10/site-packages:${PYTHONPATH} /usr/bin/python3 -W ignore:setup.py install is deprecated -W ignore:easy_install command is deprecated setup.py egg_info --egg-base ../../build/camera_driver build --build-base /home/krist/sensor_ws/build/camera_driver/build install --record /home/krist/sensor_ws/build/camera_driver/install.log --install-scripts $base/lib/camera_driver --single-version-externally-managed install_data
