[1.425s] DEBUG:colcon:Command line arguments: ['/usr/bin/colcon', 'build', '--packages-select', 'sensor_fusion']
[1.425s] DEBUG:colcon:Parsed command line arguments: Namespace(log_base=None, log_level=None, verb_name='build', build_base='build', install_base='install', merge_install=False, symlink_install=False, test_result_base=None, continue_on_error=False, executor='parallel', parallel_workers=6, event_handlers=None, ignore_user_meta=False, metas=['./colcon.meta'], base_paths=['.'], packages_ignore=None, packages_ignore_regex=None, paths=None, packages_up_to=None, packages_up_to_regex=None, packages_above=None, packages_above_and_dependencies=None, packages_above_depth=None, packages_select_by_dep=None, packages_skip_by_dep=None, packages_skip_up_to=None, packages_select_build_failed=False, packages_skip_build_finished=False, packages_select_test_failures=False, packages_skip_test_passed=False, packages_select=['sensor_fusion'], packages_skip=None, packages_select_regex=None, packages_skip_regex=None, packages_start=None, packages_end=None, allow_overriding=[], cmake_args=None, cmake_target=None, cmake_target_skip_unavailable=False, cmake_clean_cache=False, cmake_clean_first=False, cmake_force_configure=False, ament_cmake_args=None, catkin_cmake_args=None, catkin_skip_building_tests=False, mixin_files=None, mixin=None, verb_parser=<colcon_mixin.mixin.mixin_argument.MixinArgumentDecorator object at 0xffffa04b8970>, verb_extension=<colcon_core.verb.build.BuildVerb object at 0xffffa0666020>, main=<bound method BuildVerb.main of <colcon_core.verb.build.BuildVerb object at 0xffffa0666020>>, mixin_verb=('build',))
[1.669s] Level 1:colcon.colcon_core.package_discovery:discover_packages(colcon_meta) check parameters
[1.670s] Level 1:colcon.colcon_core.package_discovery:discover_packages(recursive) check parameters
[1.670s] Level 1:colcon.colcon_core.package_discovery:discover_packages(ignore) check parameters
[1.670s] Level 1:colcon.colcon_core.package_discovery:discover_packages(path) check parameters
[1.670s] Level 1:colcon.colcon_core.package_discovery:discover_packages(colcon_meta) discover
[1.670s] Level 1:colcon.colcon_core.package_discovery:discover_packages(recursive) discover
[1.670s] INFO:colcon.colcon_core.package_discovery:Crawling recursively for packages in '/home/krist/sensor2_ws'
[1.670s] Level 1:colcon.colcon_core.package_identification:_identify(.) by extensions ['ignore', 'ignore_ament_install']
[1.671s] Level 1:colcon.colcon_core.package_identification:_identify(.) by extension 'ignore'
[1.671s] Level 1:colcon.colcon_core.package_identification:_identify(.) by extension 'ignore_ament_install'
[1.671s] Level 1:colcon.colcon_core.package_identification:_identify(.) by extensions ['colcon_pkg']
[1.671s] Level 1:colcon.colcon_core.package_identification:_identify(.) by extension 'colcon_pkg'
[1.671s] Level 1:colcon.colcon_core.package_identification:_identify(.) by extensions ['colcon_meta']
[1.671s] Level 1:colcon.colcon_core.package_identification:_identify(.) by extension 'colcon_meta'
[1.671s] Level 1:colcon.colcon_core.package_identification:_identify(.) by extensions ['ros']
[1.671s] Level 1:colcon.colcon_core.package_identification:_identify(.) by extension 'ros'
[1.711s] Level 1:colcon.colcon_core.package_identification:_identify(.) by extensions ['cmake', 'python']
[1.711s] Level 1:colcon.colcon_core.package_identification:_identify(.) by extension 'cmake'
[1.711s] Level 1:colcon.colcon_core.package_identification:_identify(.) by extension 'python'
[1.711s] Level 1:colcon.colcon_core.package_identification:_identify(.) by extensions ['python_setup_py']
[1.711s] Level 1:colcon.colcon_core.package_identification:_identify(.) by extension 'python_setup_py'
[1.712s] Level 1:colcon.colcon_core.package_identification:_identify(build) by extensions ['ignore', 'ignore_ament_install']
[1.712s] Level 1:colcon.colcon_core.package_identification:_identify(build) by extension 'ignore'
[1.712s] Level 1:colcon.colcon_core.package_identification:_identify(build) ignored
[1.713s] Level 1:colcon.colcon_core.package_identification:_identify(install) by extensions ['ignore', 'ignore_ament_install']
[1.713s] Level 1:colcon.colcon_core.package_identification:_identify(install) by extension 'ignore'
[1.713s] Level 1:colcon.colcon_core.package_identification:_identify(install) ignored
[1.713s] Level 1:colcon.colcon_core.package_identification:_identify(log) by extensions ['ignore', 'ignore_ament_install']
[1.713s] Level 1:colcon.colcon_core.package_identification:_identify(log) by extension 'ignore'
[1.713s] Level 1:colcon.colcon_core.package_identification:_identify(log) ignored
[1.714s] Level 1:colcon.colcon_core.package_identification:_identify(src) by extensions ['ignore', 'ignore_ament_install']
[1.714s] Level 1:colcon.colcon_core.package_identification:_identify(src) by extension 'ignore'
[1.714s] Level 1:colcon.colcon_core.package_identification:_identify(src) by extension 'ignore_ament_install'
[1.714s] Level 1:colcon.colcon_core.package_identification:_identify(src) by extensions ['colcon_pkg']
[1.714s] Level 1:colcon.colcon_core.package_identification:_identify(src) by extension 'colcon_pkg'
[1.714s] Level 1:colcon.colcon_core.package_identification:_identify(src) by extensions ['colcon_meta']
[1.714s] Level 1:colcon.colcon_core.package_identification:_identify(src) by extension 'colcon_meta'
[1.714s] Level 1:colcon.colcon_core.package_identification:_identify(src) by extensions ['ros']
[1.714s] Level 1:colcon.colcon_core.package_identification:_identify(src) by extension 'ros'
[1.715s] Level 1:colcon.colcon_core.package_identification:_identify(src) by extensions ['cmake', 'python']
[1.715s] Level 1:colcon.colcon_core.package_identification:_identify(src) by extension 'cmake'
[1.715s] Level 1:colcon.colcon_core.package_identification:_identify(src) by extension 'python'
[1.715s] Level 1:colcon.colcon_core.package_identification:_identify(src) by extensions ['python_setup_py']
[1.715s] Level 1:colcon.colcon_core.package_identification:_identify(src) by extension 'python_setup_py'
[1.718s] Level 1:colcon.colcon_core.package_identification:_identify(src/camera_driver) by extensions ['ignore', 'ignore_ament_install']
[1.718s] Level 1:colcon.colcon_core.package_identification:_identify(src/camera_driver) by extension 'ignore'
[1.719s] Level 1:colcon.colcon_core.package_identification:_identify(src/camera_driver) by extension 'ignore_ament_install'
[1.719s] Level 1:colcon.colcon_core.package_identification:_identify(src/camera_driver) by extensions ['colcon_pkg']
[1.719s] Level 1:colcon.colcon_core.package_identification:_identify(src/camera_driver) by extension 'colcon_pkg'
[1.719s] Level 1:colcon.colcon_core.package_identification:_identify(src/camera_driver) by extensions ['colcon_meta']
[1.719s] Level 1:colcon.colcon_core.package_identification:_identify(src/camera_driver) by extension 'colcon_meta'
[1.719s] Level 1:colcon.colcon_core.package_identification:_identify(src/camera_driver) by extensions ['ros']
[1.719s] Level 1:colcon.colcon_core.package_identification:_identify(src/camera_driver) by extension 'ros'
[1.728s] DEBUG:colcon.colcon_core.package_identification:Package 'src/camera_driver' with type 'ros.ament_python' and name 'camera_driver'
[1.730s] Level 1:colcon.colcon_core.package_identification:_identify(src/lidar_driver) by extensions ['ignore', 'ignore_ament_install']
[1.730s] Level 1:colcon.colcon_core.package_identification:_identify(src/lidar_driver) by extension 'ignore'
[1.730s] Level 1:colcon.colcon_core.package_identification:_identify(src/lidar_driver) by extension 'ignore_ament_install'
[1.730s] Level 1:colcon.colcon_core.package_identification:_identify(src/lidar_driver) by extensions ['colcon_pkg']
[1.730s] Level 1:colcon.colcon_core.package_identification:_identify(src/lidar_driver) by extension 'colcon_pkg'
[1.730s] Level 1:colcon.colcon_core.package_identification:_identify(src/lidar_driver) by extensions ['colcon_meta']
[1.731s] Level 1:colcon.colcon_core.package_identification:_identify(src/lidar_driver) by extension 'colcon_meta'
[1.731s] Level 1:colcon.colcon_core.package_identification:_identify(src/lidar_driver) by extensions ['ros']
[1.731s] Level 1:colcon.colcon_core.package_identification:_identify(src/lidar_driver) by extension 'ros'
[1.734s] DEBUG:colcon.colcon_core.package_identification:Package 'src/lidar_driver' with type 'ros.ament_python' and name 'lidar_driver'
[1.734s] Level 1:colcon.colcon_core.package_identification:_identify(src/sensor_fusion) by extensions ['ignore', 'ignore_ament_install']
[1.734s] Level 1:colcon.colcon_core.package_identification:_identify(src/sensor_fusion) by extension 'ignore'
[1.734s] Level 1:colcon.colcon_core.package_identification:_identify(src/sensor_fusion) by extension 'ignore_ament_install'
[1.734s] Level 1:colcon.colcon_core.package_identification:_identify(src/sensor_fusion) by extensions ['colcon_pkg']
[1.735s] Level 1:colcon.colcon_core.package_identification:_identify(src/sensor_fusion) by extension 'colcon_pkg'
[1.735s] Level 1:colcon.colcon_core.package_identification:_identify(src/sensor_fusion) by extensions ['colcon_meta']
[1.735s] Level 1:colcon.colcon_core.package_identification:_identify(src/sensor_fusion) by extension 'colcon_meta'
[1.735s] Level 1:colcon.colcon_core.package_identification:_identify(src/sensor_fusion) by extensions ['ros']
[1.735s] Level 1:colcon.colcon_core.package_identification:_identify(src/sensor_fusion) by extension 'ros'
[1.736s] DEBUG:colcon.colcon_core.package_identification:Failed to parse potential ROS package manifest in'src/sensor_fusion': Error(s) in package 'src/sensor_fusion/package.xml':
The manifest contains invalid XML:
no element found: line 1, column 0
[1.736s] Level 1:colcon.colcon_core.package_identification:_identify(src/sensor_fusion) by extensions ['cmake', 'python']
[1.736s] Level 1:colcon.colcon_core.package_identification:_identify(src/sensor_fusion) by extension 'cmake'
[1.736s] Level 1:colcon.colcon_core.package_identification:_identify(src/sensor_fusion) by extension 'python'
[1.736s] DEBUG:colcon.colcon_core.package_identification:Python package in 'src/sensor_fusion' passes arguments to the setup() function which requires a different identification extension than 'python'
[1.736s] Level 1:colcon.colcon_core.package_identification:_identify(src/sensor_fusion) by extensions ['python_setup_py']
[1.736s] Level 1:colcon.colcon_core.package_identification:_identify(src/sensor_fusion) by extension 'python_setup_py'
[2.095s] ERROR:colcon.colcon_core.package_identification:Exception in package identification extension 'python_setup_py' in 'src/sensor_fusion': Command '['/usr/bin/python3', '-c', 'import sys;from contextlib import suppress;exec("with suppress(ImportError):    from setuptools.extern.packaging.specifiers    import SpecifierSet");exec("with suppress(ImportError):    from packaging.specifiers import SpecifierSet");from distutils.core import run_setup;dist = run_setup(    \'setup.py\', script_args=(\'--dry-run\',), stop_after=\'config\');skip_keys = (\'cmdclass\', \'distclass\', \'ext_modules\', \'metadata\');data = {    key: value for key, value in dist.__dict__.items()     if (        not key.startswith(\'_\') and         not callable(value) and         key not in skip_keys and         key not in dist.display_option_names    )};data[\'metadata\'] = {    k: v for k, v in dist.metadata.__dict__.items()     if k not in (\'license_files\', \'provides_extras\')};sys.stdout.buffer.write(repr(data).encode(\'utf-8\'))']' returned non-zero exit status 1.
Traceback (most recent call last):
  File "/usr/lib/python3/dist-packages/colcon_core/package_identification/__init__.py", line 144, in _identify
    retval = extension.identify(_reused_descriptor_instance)
  File "/usr/lib/python3/dist-packages/colcon_python_setup_py/package_identification/python_setup_py.py", line 48, in identify
    config = get_setup_information(setup_py)
  File "/usr/lib/python3/dist-packages/colcon_python_setup_py/package_identification/python_setup_py.py", line 249, in get_setup_information
    _setup_information_cache[hashable_env] = _get_setup_information(
  File "/usr/lib/python3/dist-packages/colcon_python_setup_py/package_identification/python_setup_py.py", line 296, in _get_setup_information
    result = subprocess.run(
  File "/usr/lib/python3.10/subprocess.py", line 526, in run
    raise CalledProcessError(retcode, process.args,
subprocess.CalledProcessError: Command '['/usr/bin/python3', '-c', 'import sys;from contextlib import suppress;exec("with suppress(ImportError):    from setuptools.extern.packaging.specifiers    import SpecifierSet");exec("with suppress(ImportError):    from packaging.specifiers import SpecifierSet");from distutils.core import run_setup;dist = run_setup(    \'setup.py\', script_args=(\'--dry-run\',), stop_after=\'config\');skip_keys = (\'cmdclass\', \'distclass\', \'ext_modules\', \'metadata\');data = {    key: value for key, value in dist.__dict__.items()     if (        not key.startswith(\'_\') and         not callable(value) and         key not in skip_keys and         key not in dist.display_option_names    )};data[\'metadata\'] = {    k: v for k, v in dist.metadata.__dict__.items()     if k not in (\'license_files\', \'provides_extras\')};sys.stdout.buffer.write(repr(data).encode(\'utf-8\'))']' returned non-zero exit status 1.

[2.096s] Level 1:colcon.colcon_core.package_identification:_identify(src/sensor_fusion/launch) by extensions ['ignore', 'ignore_ament_install']
[2.097s] Level 1:colcon.colcon_core.package_identification:_identify(src/sensor_fusion/launch) by extension 'ignore'
[2.097s] Level 1:colcon.colcon_core.package_identification:_identify(src/sensor_fusion/launch) by extension 'ignore_ament_install'
[2.097s] Level 1:colcon.colcon_core.package_identification:_identify(src/sensor_fusion/launch) by extensions ['colcon_pkg']
[2.097s] Level 1:colcon.colcon_core.package_identification:_identify(src/sensor_fusion/launch) by extension 'colcon_pkg'
[2.097s] Level 1:colcon.colcon_core.package_identification:_identify(src/sensor_fusion/launch) by extensions ['colcon_meta']
[2.097s] Level 1:colcon.colcon_core.package_identification:_identify(src/sensor_fusion/launch) by extension 'colcon_meta'
[2.098s] Level 1:colcon.colcon_core.package_identification:_identify(src/sensor_fusion/launch) by extensions ['ros']
[2.098s] Level 1:colcon.colcon_core.package_identification:_identify(src/sensor_fusion/launch) by extension 'ros'
[2.098s] Level 1:colcon.colcon_core.package_identification:_identify(src/sensor_fusion/launch) by extensions ['cmake', 'python']
[2.098s] Level 1:colcon.colcon_core.package_identification:_identify(src/sensor_fusion/launch) by extension 'cmake'
[2.098s] Level 1:colcon.colcon_core.package_identification:_identify(src/sensor_fusion/launch) by extension 'python'
[2.098s] Level 1:colcon.colcon_core.package_identification:_identify(src/sensor_fusion/launch) by extensions ['python_setup_py']
[2.098s] Level 1:colcon.colcon_core.package_identification:_identify(src/sensor_fusion/launch) by extension 'python_setup_py'
[2.099s] Level 1:colcon.colcon_core.package_identification:_identify(src/sensor_fusion/sensor_fusion) by extensions ['ignore', 'ignore_ament_install']
[2.099s] Level 1:colcon.colcon_core.package_identification:_identify(src/sensor_fusion/sensor_fusion) by extension 'ignore'
[2.099s] Level 1:colcon.colcon_core.package_identification:_identify(src/sensor_fusion/sensor_fusion) by extension 'ignore_ament_install'
[2.099s] Level 1:colcon.colcon_core.package_identification:_identify(src/sensor_fusion/sensor_fusion) by extensions ['colcon_pkg']
[2.099s] Level 1:colcon.colcon_core.package_identification:_identify(src/sensor_fusion/sensor_fusion) by extension 'colcon_pkg'
[2.099s] Level 1:colcon.colcon_core.package_identification:_identify(src/sensor_fusion/sensor_fusion) by extensions ['colcon_meta']
[2.099s] Level 1:colcon.colcon_core.package_identification:_identify(src/sensor_fusion/sensor_fusion) by extension 'colcon_meta'
[2.100s] Level 1:colcon.colcon_core.package_identification:_identify(src/sensor_fusion/sensor_fusion) by extensions ['ros']
[2.100s] Level 1:colcon.colcon_core.package_identification:_identify(src/sensor_fusion/sensor_fusion) by extension 'ros'
[2.100s] Level 1:colcon.colcon_core.package_identification:_identify(src/sensor_fusion/sensor_fusion) by extensions ['cmake', 'python']
[2.100s] Level 1:colcon.colcon_core.package_identification:_identify(src/sensor_fusion/sensor_fusion) by extension 'cmake'
[2.100s] Level 1:colcon.colcon_core.package_identification:_identify(src/sensor_fusion/sensor_fusion) by extension 'python'
[2.100s] Level 1:colcon.colcon_core.package_identification:_identify(src/sensor_fusion/sensor_fusion) by extensions ['python_setup_py']
[2.100s] Level 1:colcon.colcon_core.package_identification:_identify(src/sensor_fusion/sensor_fusion) by extension 'python_setup_py'
[2.101s] Level 1:colcon.colcon_core.package_identification:_identify(src/sllidar_ros2) by extensions ['ignore', 'ignore_ament_install']
[2.102s] Level 1:colcon.colcon_core.package_identification:_identify(src/sllidar_ros2) by extension 'ignore'
[2.102s] Level 1:colcon.colcon_core.package_identification:_identify(src/sllidar_ros2) by extension 'ignore_ament_install'
[2.102s] Level 1:colcon.colcon_core.package_identification:_identify(src/sllidar_ros2) by extensions ['colcon_pkg']
[2.102s] Level 1:colcon.colcon_core.package_identification:_identify(src/sllidar_ros2) by extension 'colcon_pkg'
[2.103s] Level 1:colcon.colcon_core.package_identification:_identify(src/sllidar_ros2) by extensions ['colcon_meta']
[2.103s] Level 1:colcon.colcon_core.package_identification:_identify(src/sllidar_ros2) by extension 'colcon_meta'
[2.103s] Level 1:colcon.colcon_core.package_identification:_identify(src/sllidar_ros2) by extensions ['ros']
[2.103s] Level 1:colcon.colcon_core.package_identification:_identify(src/sllidar_ros2) by extension 'ros'
[2.106s] DEBUG:colcon.colcon_core.package_identification:Package 'src/sllidar_ros2' with type 'ros.ament_cmake' and name 'sllidar_ros2'
[2.107s] Level 1:colcon.colcon_core.package_discovery:discover_packages(recursive) using defaults
[2.107s] Level 1:colcon.colcon_core.package_discovery:discover_packages(ignore) discover
[2.107s] Level 1:colcon.colcon_core.package_discovery:discover_packages(ignore) using defaults
[2.107s] Level 1:colcon.colcon_core.package_discovery:discover_packages(path) discover
[2.107s] Level 1:colcon.colcon_core.package_discovery:discover_packages(path) using defaults
[2.108s] WARNING:colcon.colcon_core.package_selection:ignoring unknown package 'sensor_fusion' in --packages-select
[2.232s] INFO:colcon.colcon_core.package_selection:Skipping not selected package 'camera_driver' in 'src/camera_driver'
[2.232s] INFO:colcon.colcon_core.package_selection:Skipping not selected package 'lidar_driver' in 'src/lidar_driver'
[2.232s] INFO:colcon.colcon_core.package_selection:Skipping not selected package 'sllidar_ros2' in 'src/sllidar_ros2'
[2.234s] Level 1:colcon.colcon_core.package_discovery:discover_packages(prefix_path) check parameters
[2.234s] Level 1:colcon.colcon_core.package_discovery:discover_packages(prefix_path) discover
[2.249s] DEBUG:colcon.colcon_installed_package_information.package_discovery:Found 2 installed packages in /home/krist/sensor_ws/install
[2.250s] DEBUG:colcon.colcon_installed_package_information.package_discovery:Found 1 installed packages in /home/krist/camera_ws/install
[2.255s] DEBUG:colcon.colcon_installed_package_information.package_discovery:Found 359 installed packages in /opt/ros/humble
[2.260s] Level 1:colcon.colcon_core.package_discovery:discover_packages(prefix_path) using defaults
[2.398s] INFO:colcon.colcon_core.executor:Executing jobs using 'parallel' executor
[2.401s] DEBUG:colcon.colcon_parallel_executor.executor.parallel:run_until_complete
[2.401s] DEBUG:colcon.colcon_parallel_executor.executor.parallel:closing loop
[2.402s] DEBUG:colcon.colcon_parallel_executor.executor.parallel:loop closed
[2.402s] DEBUG:colcon.colcon_parallel_executor.executor.parallel:run_until_complete finished with '0'
[2.402s] DEBUG:colcon.colcon_core.event_reactor:joining thread
[2.420s] INFO:colcon.colcon_core.plugin_system:Skipping extension 'colcon_notification.desktop_notification.terminal_notifier': Not used on non-Darwin systems
[2.420s] INFO:colcon.colcon_core.plugin_system:Skipping extension 'colcon_notification.desktop_notification.win32': Not used on non-Windows systems
[2.421s] INFO:colcon.colcon_notification.desktop_notification:Sending desktop notification using 'notify2'
[2.484s] DEBUG:colcon.colcon_core.event_reactor:joined thread
[2.500s] INFO:colcon.colcon_core.plugin_system:Skipping extension 'colcon_core.shell.bat': Not used on non-Windows systems
[2.500s] INFO:colcon.colcon_core.shell:Creating prefix script '/home/krist/sensor2_ws/install/local_setup.ps1'
[2.504s] INFO:colcon.colcon_core.shell:Creating prefix util module '/home/krist/sensor2_ws/install/_local_setup_util_ps1.py'
[2.511s] INFO:colcon.colcon_core.shell:Creating prefix chain script '/home/krist/sensor2_ws/install/setup.ps1'
[2.515s] INFO:colcon.colcon_core.shell:Creating prefix script '/home/krist/sensor2_ws/install/local_setup.sh'
[2.518s] INFO:colcon.colcon_core.shell:Creating prefix util module '/home/krist/sensor2_ws/install/_local_setup_util_sh.py'
[2.519s] INFO:colcon.colcon_core.shell:Creating prefix chain script '/home/krist/sensor2_ws/install/setup.sh'
[2.522s] INFO:colcon.colcon_core.shell:Creating prefix script '/home/krist/sensor2_ws/install/local_setup.bash'
[2.526s] INFO:colcon.colcon_core.shell:Creating prefix chain script '/home/krist/sensor2_ws/install/setup.bash'
[2.529s] INFO:colcon.colcon_core.shell:Creating prefix script '/home/krist/sensor2_ws/install/local_setup.zsh'
[2.532s] INFO:colcon.colcon_core.shell:Creating prefix chain script '/home/krist/sensor2_ws/install/setup.zsh'
