[1.678s] Invoking command in '/home/krist/sensor2_ws/src/camera_driver': PYTHONPATH=/home/krist/sensor2_ws/build/camera_driver/prefix_override:/usr/lib/python3/dist-packages/colcon_core/task/python/colcon_distutils_commands:/home/krist/sensor2_ws/install/camera_driver/lib/python3.10/site-packages:${PYTHONPATH} /usr/bin/python3 -W ignore:setup.py install is deprecated -W ignore:easy_install command is deprecated setup.py egg_info --egg-base ../../build/camera_driver build --build-base /home/krist/sensor2_ws/build/camera_driver/build install --record /home/krist/sensor2_ws/build/camera_driver/install.log --install-scripts $base/lib/camera_driver --single-version-externally-managed install_data
[1.977s] /home/krist/.local/lib/python3.10/site-packages/setuptools/dist.py:599: SetuptoolsDeprecationWarning: Invalid dash-separated key 'script-dir' in 'develop' (setup.cfg), please use the underscore name 'script_dir' instead.
[1.977s] !!
[1.977s] 
[1.977s]         ********************************************************************************
[1.977s]         Usage of dash-separated 'script-dir' will not be supported in future
[1.978s]         versions. Please use the underscore name 'script_dir' instead.
[1.978s] 
[1.978s]         This deprecation is overdue, please update your project and remove deprecated
[1.978s]         calls to avoid build errors in the future.
[1.978s] 
[1.978s]         See https://setuptools.pypa.io/en/latest/userguide/declarative_config.html for details.
[1.978s]         ********************************************************************************
[1.978s] 
[1.978s] !!
[1.979s]   opt = self._enforce_underscore(opt, section)
[2.017s] /home/krist/.local/lib/python3.10/site-packages/setuptools/_distutils/dist.py:289: UserWarning: Unknown distribution option: 'tests_require'
[2.017s]   warnings.warn(msg)
[2.091s] /home/krist/.local/lib/python3.10/site-packages/setuptools/dist.py:599: SetuptoolsDeprecationWarning: Invalid dash-separated key 'script-dir' in 'develop' (setup.cfg), please use the underscore name 'script_dir' instead.
[2.091s] !!
[2.092s] 
[2.092s]         ********************************************************************************
[2.092s]         Usage of dash-separated 'script-dir' will not be supported in future
[2.092s]         versions. Please use the underscore name 'script_dir' instead.
[2.092s]         (Affected: camera_driver).
[2.092s] 
[2.092s]         This deprecation is overdue, please update your project and remove deprecated
[2.092s]         calls to avoid build errors in the future.
[2.093s] 
[2.093s]         See https://setuptools.pypa.io/en/latest/userguide/declarative_config.html for details.
[2.093s]         ********************************************************************************
[2.093s] 
[2.093s] !!
[2.093s]   opt = self._enforce_underscore(opt, section)
[2.245s] running egg_info
[2.282s] writing ../../build/camera_driver/camera_driver.egg-info/PKG-INFO
[2.283s] writing dependency_links to ../../build/camera_driver/camera_driver.egg-info/dependency_links.txt
[2.284s] writing entry points to ../../build/camera_driver/camera_driver.egg-info/entry_points.txt
[2.284s] writing requirements to ../../build/camera_driver/camera_driver.egg-info/requires.txt
[2.285s] writing top-level names to ../../build/camera_driver/camera_driver.egg-info/top_level.txt
[2.364s] reading manifest file '../../build/camera_driver/camera_driver.egg-info/SOURCES.txt'
[2.367s] writing manifest file '../../build/camera_driver/camera_driver.egg-info/SOURCES.txt'
[2.367s] running build
[2.367s] running build_py
[2.368s] copying camera_driver/gst_node.py -> /home/krist/sensor2_ws/build/camera_driver/build/lib/camera_driver
[2.368s] copying camera_driver/__init__.py -> /home/krist/sensor2_ws/build/camera_driver/build/lib/camera_driver
[2.369s] running install
[2.378s] running install_lib
[2.418s] running install_data
[2.418s] copying resource/camera_driver -> /home/krist/sensor2_ws/install/camera_driver/share/ament_index/resource_index/packages
[2.419s] copying package.xml -> /home/krist/sensor2_ws/install/camera_driver/share/camera_driver
[2.419s] copying launch/camera_launch.py -> /home/krist/sensor2_ws/install/camera_driver/share/camera_driver/launch
[2.420s] copying weights/rgb_best.pt -> /home/krist/sensor2_ws/install/camera_driver/share/camera_driver/weights
[2.509s] copying weights/thermal_best.pt -> /home/krist/sensor2_ws/install/camera_driver/share/camera_driver/weights
[2.590s] running install_egg_info
[2.631s] removing '/home/krist/sensor2_ws/install/camera_driver/lib/python3.10/site-packages/camera_driver-0.0.0-py3.10.egg-info' (and everything under it)
[2.632s] Copying ../../build/camera_driver/camera_driver.egg-info to /home/krist/sensor2_ws/install/camera_driver/lib/python3.10/site-packages/camera_driver-0.0.0-py3.10.egg-info
[2.634s] running install_scripts
[2.934s] Installing gst_node script to /home/krist/sensor2_ws/install/camera_driver/lib/camera_driver
[2.935s] writing list of installed files to '/home/krist/sensor2_ws/build/camera_driver/install.log'
[3.012s] Invoked command in '/home/krist/sensor2_ws/src/camera_driver' returned '0': PYTHONPATH=/home/krist/sensor2_ws/build/camera_driver/prefix_override:/usr/lib/python3/dist-packages/colcon_core/task/python/colcon_distutils_commands:/home/krist/sensor2_ws/install/camera_driver/lib/python3.10/site-packages:${PYTHONPATH} /usr/bin/python3 -W ignore:setup.py install is deprecated -W ignore:easy_install command is deprecated setup.py egg_info --egg-base ../../build/camera_driver build --build-base /home/krist/sensor2_ws/build/camera_driver/build install --record /home/krist/sensor2_ws/build/camera_driver/install.log --install-scripts $base/lib/camera_driver --single-version-externally-managed install_data
