[1.855s] Invoking command in '/home/krist/sensor_ws/src/camera_driver': PYTHONPATH=/home/krist/sensor_ws/build/camera_driver/prefix_override:/usr/lib/python3/dist-packages/colcon_core/task/python/colcon_distutils_commands:/home/krist/sensor_ws/install/camera_driver/lib/python3.10/site-packages:${PYTHONPATH} /usr/bin/python3 -W ignore:setup.py install is deprecated -W ignore:easy_install command is deprecated setup.py egg_info --egg-base ../../build/camera_driver build --build-base /home/krist/sensor_ws/build/camera_driver/build install --record /home/krist/sensor_ws/build/camera_driver/install.log --install-scripts $base/lib/camera_driver --single-version-externally-managed install_data
[2.223s] /home/krist/.local/lib/python3.10/site-packages/setuptools/dist.py:599: SetuptoolsDeprecationWarning: Invalid dash-separated key 'script-dir' in 'develop' (setup.cfg), please use the underscore name 'script_dir' instead.
[2.223s] !!
[2.223s] 
[2.224s]         ********************************************************************************
[2.224s]         Usage of dash-separated 'script-dir' will not be supported in future
[2.224s]         versions. Please use the underscore name 'script_dir' instead.
[2.224s] 
[2.224s]         This deprecation is overdue, please update your project and remove deprecated
[2.224s]         calls to avoid build errors in the future.
[2.224s] 
[2.225s]         See https://setuptools.pypa.io/en/latest/userguide/declarative_config.html for details.
[2.225s]         ********************************************************************************
[2.225s] 
[2.225s] !!
[2.225s]   opt = self._enforce_underscore(opt, section)
[2.272s] /home/krist/.local/lib/python3.10/site-packages/setuptools/_distutils/dist.py:289: UserWarning: Unknown distribution option: 'tests_require'
[2.272s]   warnings.warn(msg)
[2.359s] /home/krist/.local/lib/python3.10/site-packages/setuptools/dist.py:599: SetuptoolsDeprecationWarning: Invalid dash-separated key 'script-dir' in 'develop' (setup.cfg), please use the underscore name 'script_dir' instead.
[2.359s] !!
[2.359s] 
[2.359s]         ********************************************************************************
[2.359s]         Usage of dash-separated 'script-dir' will not be supported in future
[2.360s]         versions. Please use the underscore name 'script_dir' instead.
[2.360s]         (Affected: camera_driver).
[2.360s] 
[2.360s]         This deprecation is overdue, please update your project and remove deprecated
[2.360s]         calls to avoid build errors in the future.
[2.360s] 
[2.360s]         See https://setuptools.pypa.io/en/latest/userguide/declarative_config.html for details.
[2.360s]         ********************************************************************************
[2.361s] 
[2.361s] !!
[2.361s]   opt = self._enforce_underscore(opt, section)
[2.531s] running egg_info
[2.575s] writing ../../build/camera_driver/camera_driver.egg-info/PKG-INFO
[2.576s] writing dependency_links to ../../build/camera_driver/camera_driver.egg-info/dependency_links.txt
[2.577s] writing entry points to ../../build/camera_driver/camera_driver.egg-info/entry_points.txt
[2.578s] writing requirements to ../../build/camera_driver/camera_driver.egg-info/requires.txt
[2.578s] writing top-level names to ../../build/camera_driver/camera_driver.egg-info/top_level.txt
[2.667s] reading manifest file '../../build/camera_driver/camera_driver.egg-info/SOURCES.txt'
[2.670s] writing manifest file '../../build/camera_driver/camera_driver.egg-info/SOURCES.txt'
[2.671s] running build
[2.671s] running build_py
[2.672s] copying camera_driver/survey_gst_node.py -> /home/krist/sensor_ws/build/camera_driver/build/lib/camera_driver
[2.673s] copying camera_driver/gst_node.py -> /home/krist/sensor_ws/build/camera_driver/build/lib/camera_driver
[2.673s] copying camera_driver/__init__.py -> /home/krist/sensor_ws/build/camera_driver/build/lib/camera_driver
[2.674s] running install
[2.684s] running install_lib
[2.726s] copying /home/krist/sensor_ws/build/camera_driver/build/lib/camera_driver/survey_gst_node.py -> /home/krist/sensor_ws/install/camera_driver/lib/python3.10/site-packages/camera_driver
[2.728s] byte-compiling /home/krist/sensor_ws/install/camera_driver/lib/python3.10/site-packages/camera_driver/survey_gst_node.py to survey_gst_node.cpython-310.pyc
[2.732s] running install_data
[2.732s] copying resource/camera_driver -> /home/krist/sensor_ws/install/camera_driver/share/ament_index/resource_index/packages
[2.733s] copying package.xml -> /home/krist/sensor_ws/install/camera_driver/share/camera_driver
[2.734s] copying launch/camera_launch.py -> /home/krist/sensor_ws/install/camera_driver/share/camera_driver/launch
[2.734s] copying weights/rgb_best.pt -> /home/krist/sensor_ws/install/camera_driver/share/camera_driver/weights
[2.870s] copying weights/thermal_best.pt -> /home/krist/sensor_ws/install/camera_driver/share/camera_driver/weights
[2.984s] running install_egg_info
[3.032s] removing '/home/krist/sensor_ws/install/camera_driver/lib/python3.10/site-packages/camera_driver-0.0.0-py3.10.egg-info' (and everything under it)
[3.033s] Copying ../../build/camera_driver/camera_driver.egg-info to /home/krist/sensor_ws/install/camera_driver/lib/python3.10/site-packages/camera_driver-0.0.0-py3.10.egg-info
[3.035s] running install_scripts
[3.376s] Installing gst_node script to /home/krist/sensor_ws/install/camera_driver/lib/camera_driver
[3.376s] Installing survey_gst_node script to /home/krist/sensor_ws/install/camera_driver/lib/camera_driver
[3.377s] writing list of installed files to '/home/krist/sensor_ws/build/camera_driver/install.log'
[3.506s] Invoked command in '/home/krist/sensor_ws/src/camera_driver' returned '0': PYTHONPATH=/home/krist/sensor_ws/build/camera_driver/prefix_override:/usr/lib/python3/dist-packages/colcon_core/task/python/colcon_distutils_commands:/home/krist/sensor_ws/install/camera_driver/lib/python3.10/site-packages:${PYTHONPATH} /usr/bin/python3 -W ignore:setup.py install is deprecated -W ignore:easy_install command is deprecated setup.py egg_info --egg-base ../../build/camera_driver build --build-base /home/krist/sensor_ws/build/camera_driver/build install --record /home/krist/sensor_ws/build/camera_driver/install.log --install-scripts $base/lib/camera_driver --single-version-externally-managed install_data
