[1.865s] Invoking command in '/home/krist/sensor_ws/src/camera_driver': PYTHONPATH=/home/krist/sensor_ws/build/camera_driver/prefix_override:/usr/lib/python3/dist-packages/colcon_core/task/python/colcon_distutils_commands:/home/krist/sensor_ws/install/camera_driver/lib/python3.10/site-packages:${PYTHONPATH} /usr/bin/python3 -W ignore:setup.py install is deprecated -W ignore:easy_install command is deprecated setup.py egg_info --egg-base ../../build/camera_driver build --build-base /home/krist/sensor_ws/build/camera_driver/build install --record /home/krist/sensor_ws/build/camera_driver/install.log --install-scripts $base/lib/camera_driver --single-version-externally-managed install_data
[2.219s] /home/krist/.local/lib/python3.10/site-packages/setuptools/dist.py:599: SetuptoolsDeprecationWarning: Invalid dash-separated key 'script-dir' in 'develop' (setup.cfg), please use the underscore name 'script_dir' instead.
[2.219s] !!
[2.220s] 
[2.220s]         ********************************************************************************
[2.220s]         Usage of dash-separated 'script-dir' will not be supported in future
[2.220s]         versions. Please use the underscore name 'script_dir' instead.
[2.220s] 
[2.220s]         This deprecation is overdue, please update your project and remove deprecated
[2.220s]         calls to avoid build errors in the future.
[2.221s] 
[2.221s]         See https://setuptools.pypa.io/en/latest/userguide/declarative_config.html for details.
[2.221s]         ********************************************************************************
[2.221s] 
[2.221s] !!
[2.221s]   opt = self._enforce_underscore(opt, section)
[2.263s] /home/krist/.local/lib/python3.10/site-packages/setuptools/_distutils/dist.py:289: UserWarning: Unknown distribution option: 'tests_require'
[2.263s]   warnings.warn(msg)
[2.345s] /home/krist/.local/lib/python3.10/site-packages/setuptools/dist.py:599: SetuptoolsDeprecationWarning: Invalid dash-separated key 'script-dir' in 'develop' (setup.cfg), please use the underscore name 'script_dir' instead.
[2.345s] !!
[2.345s] 
[2.345s]         ********************************************************************************
[2.346s]         Usage of dash-separated 'script-dir' will not be supported in future
[2.346s]         versions. Please use the underscore name 'script_dir' instead.
[2.346s]         (Affected: camera_driver).
[2.347s] 
[2.347s]         This deprecation is overdue, please update your project and remove deprecated
[2.347s]         calls to avoid build errors in the future.
[2.347s] 
[2.347s]         See https://setuptools.pypa.io/en/latest/userguide/declarative_config.html for details.
[2.347s]         ********************************************************************************
[2.348s] 
[2.348s] !!
[2.348s]   opt = self._enforce_underscore(opt, section)
[2.511s] running egg_info
[2.550s] writing ../../build/camera_driver/camera_driver.egg-info/PKG-INFO
[2.551s] writing dependency_links to ../../build/camera_driver/camera_driver.egg-info/dependency_links.txt
[2.553s] writing entry points to ../../build/camera_driver/camera_driver.egg-info/entry_points.txt
[2.553s] writing requirements to ../../build/camera_driver/camera_driver.egg-info/requires.txt
[2.553s] writing top-level names to ../../build/camera_driver/camera_driver.egg-info/top_level.txt
[2.637s] reading manifest file '../../build/camera_driver/camera_driver.egg-info/SOURCES.txt'
[2.640s] writing manifest file '../../build/camera_driver/camera_driver.egg-info/SOURCES.txt'
[2.640s] running build
[2.640s] running build_py
[2.641s] copying camera_driver/survey_gst_node.py -> /home/krist/sensor_ws/build/camera_driver/build/lib/camera_driver
[2.642s] copying camera_driver/gst_node.py -> /home/krist/sensor_ws/build/camera_driver/build/lib/camera_driver
[2.642s] copying camera_driver/__init__.py -> /home/krist/sensor_ws/build/camera_driver/build/lib/camera_driver
[2.643s] running install
[2.653s] running install_lib
[2.696s] byte-compiling /home/krist/sensor_ws/install/camera_driver/lib/python3.10/site-packages/camera_driver/survey_gst_node.py to survey_gst_node.cpython-310.pyc
[2.700s]   File "/home/krist/sensor_ws/install/camera_driver/lib/python3.10/site-packages/camera_driver/survey_gst_node.py", line 170
[2.700s]     "sensor_type": self.camera_type.upper() 
[2.700s]                    
[2.700s] SyntaxError: invalid syntax. Perhaps you forgot a comma?
[2.701s] 
[2.701s] running install_data
[2.701s] copying resource/camera_driver -> /home/krist/sensor_ws/install/camera_driver/share/ament_index/resource_index/packages
[2.701s] copying package.xml -> /home/krist/sensor_ws/install/camera_driver/share/camera_driver
[2.702s] copying launch/camera_launch.py -> /home/krist/sensor_ws/install/camera_driver/share/camera_driver/launch
[2.703s] copying weights/rgb_best.pt -> /home/krist/sensor_ws/install/camera_driver/share/camera_driver/weights
[2.837s] copying weights/thermal_best.pt -> /home/krist/sensor_ws/install/camera_driver/share/camera_driver/weights
[2.952s] running install_egg_info
[2.999s] removing '/home/krist/sensor_ws/install/camera_driver/lib/python3.10/site-packages/camera_driver-0.0.0-py3.10.egg-info' (and everything under it)
[3.000s] Copying ../../build/camera_driver/camera_driver.egg-info to /home/krist/sensor_ws/install/camera_driver/lib/python3.10/site-packages/camera_driver-0.0.0-py3.10.egg-info
[3.002s] running install_scripts
[3.323s] Installing gst_node script to /home/krist/sensor_ws/install/camera_driver/lib/camera_driver
[3.323s] Installing survey_gst_node script to /home/krist/sensor_ws/install/camera_driver/lib/camera_driver
[3.325s] writing list of installed files to '/home/krist/sensor_ws/build/camera_driver/install.log'
[3.446s] Invoked command in '/home/krist/sensor_ws/src/camera_driver' returned '0': PYTHONPATH=/home/krist/sensor_ws/build/camera_driver/prefix_override:/usr/lib/python3/dist-packages/colcon_core/task/python/colcon_distutils_commands:/home/krist/sensor_ws/install/camera_driver/lib/python3.10/site-packages:${PYTHONPATH} /usr/bin/python3 -W ignore:setup.py install is deprecated -W ignore:easy_install command is deprecated setup.py egg_info --egg-base ../../build/camera_driver build --build-base /home/krist/sensor_ws/build/camera_driver/build install --record /home/krist/sensor_ws/build/camera_driver/install.log --install-scripts $base/lib/camera_driver --single-version-externally-managed install_data
