[3.124s] Invoking command in '/home/krist/sensor_ws/src/sensor_fusion': PYTHONPATH=/home/krist/sensor_ws/build/sensor_fusion/prefix_override:/usr/lib/python3/dist-packages/colcon_core/task/python/colcon_distutils_commands:/home/krist/sensor_ws/install/sensor_fusion/lib/python3.10/site-packages:${PYTHONPATH} /usr/bin/python3 -W ignore:setup.py install is deprecated -W ignore:easy_install command is deprecated setup.py egg_info --egg-base ../../build/sensor_fusion build --build-base /home/krist/sensor_ws/build/sensor_fusion/build install --record /home/krist/sensor_ws/build/sensor_fusion/install.log --single-version-externally-managed install_data
[3.736s] running egg_info
[3.737s] creating ../../build/sensor_fusion/sensor_fusion.egg-info
[3.738s] writing ../../build/sensor_fusion/sensor_fusion.egg-info/PKG-INFO
[3.739s] writing dependency_links to ../../build/sensor_fusion/sensor_fusion.egg-info/dependency_links.txt
[3.740s] writing entry points to ../../build/sensor_fusion/sensor_fusion.egg-info/entry_points.txt
[3.740s] writing requirements to ../../build/sensor_fusion/sensor_fusion.egg-info/requires.txt
[3.740s] writing top-level names to ../../build/sensor_fusion/sensor_fusion.egg-info/top_level.txt
[3.741s] writing manifest file '../../build/sensor_fusion/sensor_fusion.egg-info/SOURCES.txt'
[3.746s] reading manifest file '../../build/sensor_fusion/sensor_fusion.egg-info/SOURCES.txt'
[3.747s] writing manifest file '../../build/sensor_fusion/sensor_fusion.egg-info/SOURCES.txt'
[3.748s] running build
[3.748s] running build_py
[3.748s] creating /home/krist/sensor_ws/build/sensor_fusion/build
[3.748s] creating /home/krist/sensor_ws/build/sensor_fusion/build/lib
[3.749s] creating /home/krist/sensor_ws/build/sensor_fusion/build/lib/sensor_fusion
[3.749s] copying sensor_fusion/fusion_visualizer.py -> /home/krist/sensor_ws/build/sensor_fusion/build/lib/sensor_fusion
[3.750s] copying sensor_fusion/__init__.py -> /home/krist/sensor_ws/build/sensor_fusion/build/lib/sensor_fusion
[3.750s] running install
[3.752s] running install_lib
[3.755s] creating /home/krist/sensor_ws/install/sensor_fusion/lib/python3.10/site-packages/sensor_fusion
[3.756s] copying /home/krist/sensor_ws/build/sensor_fusion/build/lib/sensor_fusion/fusion_visualizer.py -> /home/krist/sensor_ws/install/sensor_fusion/lib/python3.10/site-packages/sensor_fusion
[3.757s] copying /home/krist/sensor_ws/build/sensor_fusion/build/lib/sensor_fusion/__init__.py -> /home/krist/sensor_ws/install/sensor_fusion/lib/python3.10/site-packages/sensor_fusion
[3.761s] byte-compiling /home/krist/sensor_ws/install/sensor_fusion/lib/python3.10/site-packages/sensor_fusion/fusion_visualizer.py to fusion_visualizer.cpython-310.pyc
[3.763s] byte-compiling /home/krist/sensor_ws/install/sensor_fusion/lib/python3.10/site-packages/sensor_fusion/__init__.py to __init__.cpython-310.pyc
[3.764s] running install_data
[3.764s] creating /home/krist/sensor_ws/install/sensor_fusion/share/ament_index
[3.764s] creating /home/krist/sensor_ws/install/sensor_fusion/share/ament_index/resource_index
[3.765s] creating /home/krist/sensor_ws/install/sensor_fusion/share/ament_index/resource_index/packages
[3.765s] copying resource/sensor_fusion -> /home/krist/sensor_ws/install/sensor_fusion/share/ament_index/resource_index/packages
[3.765s] copying package.xml -> /home/krist/sensor_ws/install/sensor_fusion/share/sensor_fusion
[3.766s] creating /home/krist/sensor_ws/install/sensor_fusion/share/sensor_fusion/launch
[3.766s] copying launch/sensor_fusion.launch.py -> /home/krist/sensor_ws/install/sensor_fusion/share/sensor_fusion/launch
[3.779s] running install_egg_info
[3.785s] Copying ../../build/sensor_fusion/sensor_fusion.egg-info to /home/krist/sensor_ws/install/sensor_fusion/lib/python3.10/site-packages/sensor_fusion-0.0.0-py3.10.egg-info
[3.833s] running install_scripts
[3.912s] Installing fusion_visualizer script to /home/krist/sensor_ws/install/sensor_fusion/lib/sensor_fusion
[3.913s] writing list of installed files to '/home/krist/sensor_ws/build/sensor_fusion/install.log'
[4.069s] Invoked command in '/home/krist/sensor_ws/src/sensor_fusion' returned '0': PYTHONPATH=/home/krist/sensor_ws/build/sensor_fusion/prefix_override:/usr/lib/python3/dist-packages/colcon_core/task/python/colcon_distutils_commands:/home/krist/sensor_ws/install/sensor_fusion/lib/python3.10/site-packages:${PYTHONPATH} /usr/bin/python3 -W ignore:setup.py install is deprecated -W ignore:easy_install command is deprecated setup.py egg_info --egg-base ../../build/sensor_fusion build --build-base /home/krist/sensor_ws/build/sensor_fusion/build install --record /home/krist/sensor_ws/build/sensor_fusion/install.log --single-version-externally-managed install_data
