[0.247s] DEBUG:colcon:Command line arguments: ['/usr/bin/colcon', 'build', '--packages-select', 'sensor_fusion']
[0.247s] DEBUG:colcon:Parsed command line arguments: Namespace(log_base=None, log_level=None, verb_name='build', build_base='build', install_base='install', merge_install=False, symlink_install=False, test_result_base=None, continue_on_error=False, executor='parallel', parallel_workers=6, event_handlers=None, ignore_user_meta=False, metas=['./colcon.meta'], base_paths=['.'], packages_ignore=None, packages_ignore_regex=None, paths=None, packages_up_to=None, packages_up_to_regex=None, packages_above=None, packages_above_and_dependencies=None, packages_above_depth=None, packages_select_by_dep=None, packages_skip_by_dep=None, packages_skip_up_to=None, packages_select_build_failed=False, packages_skip_build_finished=False, packages_select_test_failures=False, packages_skip_test_passed=False, packages_select=['sensor_fusion'], packages_skip=None, packages_select_regex=None, packages_skip_regex=None, packages_start=None, packages_end=None, allow_overriding=[], cmake_args=None, cmake_target=None, cmake_target_skip_unavailable=False, cmake_clean_cache=False, cmake_clean_first=False, cmake_force_configure=False, ament_cmake_args=None, catkin_cmake_args=None, catkin_skip_building_tests=False, mixin_files=None, mixin=None, verb_parser=<colcon_mixin.mixin.mixin_argument.MixinArgumentDecorator object at 0xffffbc6151e0>, verb_extension=<colcon_core.verb.build.BuildVerb object at 0xffffbc7c2890>, main=<bound method BuildVerb.main of <colcon_core.verb.build.BuildVerb object at 0xffffbc7c2890>>, mixin_verb=('build',))
[0.336s] Level 1:colcon.colcon_core.package_discovery:discover_packages(colcon_meta) check parameters
[0.336s] Level 1:colcon.colcon_core.package_discovery:discover_packages(recursive) check parameters
[0.336s] Level 1:colcon.colcon_core.package_discovery:discover_packages(ignore) check parameters
[0.336s] Level 1:colcon.colcon_core.package_discovery:discover_packages(path) check parameters
[0.336s] Level 1:colcon.colcon_core.package_discovery:discover_packages(colcon_meta) discover
[0.336s] Level 1:colcon.colcon_core.package_discovery:discover_packages(recursive) discover
[0.337s] INFO:colcon.colcon_core.package_discovery:Crawling recursively for packages in '/home/krist/sensor2_ws'
[0.337s] Level 1:colcon.colcon_core.package_identification:_identify(.) by extensions ['ignore', 'ignore_ament_install']
[0.337s] Level 1:colcon.colcon_core.package_identification:_identify(.) by extension 'ignore'
[0.337s] Level 1:colcon.colcon_core.package_identification:_identify(.) by extension 'ignore_ament_install'
[0.337s] Level 1:colcon.colcon_core.package_identification:_identify(.) by extensions ['colcon_pkg']
[0.337s] Level 1:colcon.colcon_core.package_identification:_identify(.) by extension 'colcon_pkg'
[0.337s] Level 1:colcon.colcon_core.package_identification:_identify(.) by extensions ['colcon_meta']
[0.338s] Level 1:colcon.colcon_core.package_identification:_identify(.) by extension 'colcon_meta'
[0.338s] Level 1:colcon.colcon_core.package_identification:_identify(.) by extensions ['ros']
[0.338s] Level 1:colcon.colcon_core.package_identification:_identify(.) by extension 'ros'
[0.367s] Level 1:colcon.colcon_core.package_identification:_identify(.) by extensions ['cmake', 'python']
[0.367s] Level 1:colcon.colcon_core.package_identification:_identify(.) by extension 'cmake'
[0.367s] Level 1:colcon.colcon_core.package_identification:_identify(.) by extension 'python'
[0.367s] Level 1:colcon.colcon_core.package_identification:_identify(.) by extensions ['python_setup_py']
[0.368s] Level 1:colcon.colcon_core.package_identification:_identify(.) by extension 'python_setup_py'
[0.368s] Level 1:colcon.colcon_core.package_identification:_identify(build) by extensions ['ignore', 'ignore_ament_install']
[0.368s] Level 1:colcon.colcon_core.package_identification:_identify(build) by extension 'ignore'
[0.368s] Level 1:colcon.colcon_core.package_identification:_identify(build) ignored
[0.368s] Level 1:colcon.colcon_core.package_identification:_identify(install) by extensions ['ignore', 'ignore_ament_install']
[0.369s] Level 1:colcon.colcon_core.package_identification:_identify(install) by extension 'ignore'
[0.369s] Level 1:colcon.colcon_core.package_identification:_identify(install) ignored
[0.369s] Level 1:colcon.colcon_core.package_identification:_identify(log) by extensions ['ignore', 'ignore_ament_install']
[0.369s] Level 1:colcon.colcon_core.package_identification:_identify(log) by extension 'ignore'
[0.369s] Level 1:colcon.colcon_core.package_identification:_identify(log) ignored
[0.370s] Level 1:colcon.colcon_core.package_identification:_identify(src) by extensions ['ignore', 'ignore_ament_install']
[0.370s] Level 1:colcon.colcon_core.package_identification:_identify(src) by extension 'ignore'
[0.370s] Level 1:colcon.colcon_core.package_identification:_identify(src) by extension 'ignore_ament_install'
[0.370s] Level 1:colcon.colcon_core.package_identification:_identify(src) by extensions ['colcon_pkg']
[0.370s] Level 1:colcon.colcon_core.package_identification:_identify(src) by extension 'colcon_pkg'
[0.370s] Level 1:colcon.colcon_core.package_identification:_identify(src) by extensions ['colcon_meta']
[0.370s] Level 1:colcon.colcon_core.package_identification:_identify(src) by extension 'colcon_meta'
[0.370s] Level 1:colcon.colcon_core.package_identification:_identify(src) by extensions ['ros']
[0.370s] Level 1:colcon.colcon_core.package_identification:_identify(src) by extension 'ros'
[0.371s] Level 1:colcon.colcon_core.package_identification:_identify(src) by extensions ['cmake', 'python']
[0.371s] Level 1:colcon.colcon_core.package_identification:_identify(src) by extension 'cmake'
[0.371s] Level 1:colcon.colcon_core.package_identification:_identify(src) by extension 'python'
[0.371s] Level 1:colcon.colcon_core.package_identification:_identify(src) by extensions ['python_setup_py']
[0.371s] Level 1:colcon.colcon_core.package_identification:_identify(src) by extension 'python_setup_py'
[0.371s] Level 1:colcon.colcon_core.package_identification:_identify(src/camera_driver) by extensions ['ignore', 'ignore_ament_install']
[0.371s] Level 1:colcon.colcon_core.package_identification:_identify(src/camera_driver) by extension 'ignore'
[0.371s] Level 1:colcon.colcon_core.package_identification:_identify(src/camera_driver) by extension 'ignore_ament_install'
[0.371s] Level 1:colcon.colcon_core.package_identification:_identify(src/camera_driver) by extensions ['colcon_pkg']
[0.371s] Level 1:colcon.colcon_core.package_identification:_identify(src/camera_driver) by extension 'colcon_pkg'
[0.372s] Level 1:colcon.colcon_core.package_identification:_identify(src/camera_driver) by extensions ['colcon_meta']
[0.372s] Level 1:colcon.colcon_core.package_identification:_identify(src/camera_driver) by extension 'colcon_meta'
[0.372s] Level 1:colcon.colcon_core.package_identification:_identify(src/camera_driver) by extensions ['ros']
[0.372s] Level 1:colcon.colcon_core.package_identification:_identify(src/camera_driver) by extension 'ros'
[0.377s] DEBUG:colcon.colcon_core.package_identification:Package 'src/camera_driver' with type 'ros.ament_python' and name 'camera_driver'
[0.377s] Level 1:colcon.colcon_core.package_identification:_identify(src/lidar_driver) by extensions ['ignore', 'ignore_ament_install']
[0.377s] Level 1:colcon.colcon_core.package_identification:_identify(src/lidar_driver) by extension 'ignore'
[0.377s] Level 1:colcon.colcon_core.package_identification:_identify(src/lidar_driver) by extension 'ignore_ament_install'
[0.378s] Level 1:colcon.colcon_core.package_identification:_identify(src/lidar_driver) by extensions ['colcon_pkg']
[0.378s] Level 1:colcon.colcon_core.package_identification:_identify(src/lidar_driver) by extension 'colcon_pkg'
[0.378s] Level 1:colcon.colcon_core.package_identification:_identify(src/lidar_driver) by extensions ['colcon_meta']
[0.378s] Level 1:colcon.colcon_core.package_identification:_identify(src/lidar_driver) by extension 'colcon_meta'
[0.378s] Level 1:colcon.colcon_core.package_identification:_identify(src/lidar_driver) by extensions ['ros']
[0.378s] Level 1:colcon.colcon_core.package_identification:_identify(src/lidar_driver) by extension 'ros'
[0.380s] DEBUG:colcon.colcon_core.package_identification:Package 'src/lidar_driver' with type 'ros.ament_python' and name 'lidar_driver'
[0.380s] Level 1:colcon.colcon_core.package_identification:_identify(src/sensor_fusion) by extensions ['ignore', 'ignore_ament_install']
[0.380s] Level 1:colcon.colcon_core.package_identification:_identify(src/sensor_fusion) by extension 'ignore'
[0.380s] Level 1:colcon.colcon_core.package_identification:_identify(src/sensor_fusion) by extension 'ignore_ament_install'
[0.380s] Level 1:colcon.colcon_core.package_identification:_identify(src/sensor_fusion) by extensions ['colcon_pkg']
[0.380s] Level 1:colcon.colcon_core.package_identification:_identify(src/sensor_fusion) by extension 'colcon_pkg'
[0.381s] Level 1:colcon.colcon_core.package_identification:_identify(src/sensor_fusion) by extensions ['colcon_meta']
[0.381s] Level 1:colcon.colcon_core.package_identification:_identify(src/sensor_fusion) by extension 'colcon_meta'
[0.381s] Level 1:colcon.colcon_core.package_identification:_identify(src/sensor_fusion) by extensions ['ros']
[0.381s] Level 1:colcon.colcon_core.package_identification:_identify(src/sensor_fusion) by extension 'ros'
[0.382s] DEBUG:colcon.colcon_core.package_identification:Package 'src/sensor_fusion' with type 'ros.ament_python' and name 'sensor_fusion'
[0.382s] Level 1:colcon.colcon_core.package_identification:_identify(src/sllidar_ros2) by extensions ['ignore', 'ignore_ament_install']
[0.383s] Level 1:colcon.colcon_core.package_identification:_identify(src/sllidar_ros2) by extension 'ignore'
[0.383s] Level 1:colcon.colcon_core.package_identification:_identify(src/sllidar_ros2) by extension 'ignore_ament_install'
[0.383s] Level 1:colcon.colcon_core.package_identification:_identify(src/sllidar_ros2) by extensions ['colcon_pkg']
[0.383s] Level 1:colcon.colcon_core.package_identification:_identify(src/sllidar_ros2) by extension 'colcon_pkg'
[0.383s] Level 1:colcon.colcon_core.package_identification:_identify(src/sllidar_ros2) by extensions ['colcon_meta']
[0.383s] Level 1:colcon.colcon_core.package_identification:_identify(src/sllidar_ros2) by extension 'colcon_meta'
[0.383s] Level 1:colcon.colcon_core.package_identification:_identify(src/sllidar_ros2) by extensions ['ros']
[0.383s] Level 1:colcon.colcon_core.package_identification:_identify(src/sllidar_ros2) by extension 'ros'
[0.384s] DEBUG:colcon.colcon_core.package_identification:Package 'src/sllidar_ros2' with type 'ros.ament_cmake' and name 'sllidar_ros2'
[0.385s] Level 1:colcon.colcon_core.package_discovery:discover_packages(recursive) using defaults
[0.385s] Level 1:colcon.colcon_core.package_discovery:discover_packages(ignore) discover
[0.385s] Level 1:colcon.colcon_core.package_discovery:discover_packages(ignore) using defaults
[0.385s] Level 1:colcon.colcon_core.package_discovery:discover_packages(path) discover
[0.385s] Level 1:colcon.colcon_core.package_discovery:discover_packages(path) using defaults
[0.428s] INFO:colcon.colcon_core.package_selection:Skipping not selected package 'camera_driver' in 'src/camera_driver'
[0.428s] INFO:colcon.colcon_core.package_selection:Skipping not selected package 'lidar_driver' in 'src/lidar_driver'
[0.428s] INFO:colcon.colcon_core.package_selection:Skipping not selected package 'sllidar_ros2' in 'src/sllidar_ros2'
[0.429s] Level 1:colcon.colcon_core.package_discovery:discover_packages(prefix_path) check parameters
[0.429s] Level 1:colcon.colcon_core.package_discovery:discover_packages(prefix_path) discover
[0.433s] DEBUG:colcon.colcon_installed_package_information.package_discovery:Found 4 installed packages in /home/krist/sensor2_ws/install
[0.434s] DEBUG:colcon.colcon_installed_package_information.package_discovery:Found 2 installed packages in /home/krist/sensor_ws/install
[0.435s] DEBUG:colcon.colcon_installed_package_information.package_discovery:Found 1 installed packages in /home/krist/camera_ws/install
[0.438s] DEBUG:colcon.colcon_installed_package_information.package_discovery:Found 359 installed packages in /opt/ros/humble
[0.441s] Level 1:colcon.colcon_core.package_discovery:discover_packages(prefix_path) using defaults
[0.534s] Level 5:colcon.colcon_core.verb:set package 'sensor_fusion' build argument 'cmake_args' from command line to 'None'
[0.534s] Level 5:colcon.colcon_core.verb:set package 'sensor_fusion' build argument 'cmake_target' from command line to 'None'
[0.534s] Level 5:colcon.colcon_core.verb:set package 'sensor_fusion' build argument 'cmake_target_skip_unavailable' from command line to 'False'
[0.534s] Level 5:colcon.colcon_core.verb:set package 'sensor_fusion' build argument 'cmake_clean_cache' from command line to 'False'
[0.534s] Level 5:colcon.colcon_core.verb:set package 'sensor_fusion' build argument 'cmake_clean_first' from command line to 'False'
[0.534s] Level 5:colcon.colcon_core.verb:set package 'sensor_fusion' build argument 'cmake_force_configure' from command line to 'False'
[0.535s] Level 5:colcon.colcon_core.verb:set package 'sensor_fusion' build argument 'ament_cmake_args' from command line to 'None'
[0.535s] Level 5:colcon.colcon_core.verb:set package 'sensor_fusion' build argument 'catkin_cmake_args' from command line to 'None'
[0.535s] Level 5:colcon.colcon_core.verb:set package 'sensor_fusion' build argument 'catkin_skip_building_tests' from command line to 'False'
[0.535s] DEBUG:colcon.colcon_core.verb:Building package 'sensor_fusion' with the following arguments: {'ament_cmake_args': None, 'build_base': '/home/krist/sensor2_ws/build/sensor_fusion', 'catkin_cmake_args': None, 'catkin_skip_building_tests': False, 'cmake_args': None, 'cmake_clean_cache': False, 'cmake_clean_first': False, 'cmake_force_configure': False, 'cmake_target': None, 'cmake_target_skip_unavailable': False, 'install_base': '/home/krist/sensor2_ws/install/sensor_fusion', 'merge_install': False, 'path': '/home/krist/sensor2_ws/src/sensor_fusion', 'symlink_install': False, 'test_result_base': None}
[0.535s] INFO:colcon.colcon_core.executor:Executing jobs using 'parallel' executor
[0.538s] DEBUG:colcon.colcon_parallel_executor.executor.parallel:run_until_complete
[0.538s] INFO:colcon.colcon_ros.task.ament_python.build:Building ROS package in '/home/krist/sensor2_ws/src/sensor_fusion' with build type 'ament_python'
[0.538s] Level 1:colcon.colcon_core.shell:create_environment_hook('sensor_fusion', 'ament_prefix_path')
[0.542s] INFO:colcon.colcon_core.plugin_system:Skipping extension 'colcon_core.shell.bat': Not used on non-Windows systems
[0.543s] INFO:colcon.colcon_core.shell:Creating environment hook '/home/krist/sensor2_ws/install/sensor_fusion/share/sensor_fusion/hook/ament_prefix_path.ps1'
[0.544s] INFO:colcon.colcon_core.shell:Creating environment descriptor '/home/krist/sensor2_ws/install/sensor_fusion/share/sensor_fusion/hook/ament_prefix_path.dsv'
[0.545s] INFO:colcon.colcon_core.shell:Creating environment hook '/home/krist/sensor2_ws/install/sensor_fusion/share/sensor_fusion/hook/ament_prefix_path.sh'
[0.547s] INFO:colcon.colcon_core.shell:Skip shell extension 'powershell' for command environment: Not usable outside of PowerShell
[0.547s] DEBUG:colcon.colcon_core.shell:Skip shell extension 'dsv' for command environment
[1.035s] INFO:colcon.colcon_core.task.python.build:Building Python package in '/home/krist/sensor2_ws/src/sensor_fusion'
[1.035s] INFO:colcon.colcon_core.shell:Skip shell extension 'powershell' for command environment: Not usable outside of PowerShell
[1.035s] DEBUG:colcon.colcon_core.shell:Skip shell extension 'dsv' for command environment
[2.225s] DEBUG:colcon.colcon_core.event_handler.log_command:Invoking command in '/home/krist/sensor2_ws/src/sensor_fusion': PYTHONPATH=/home/krist/sensor2_ws/build/sensor_fusion/prefix_override:/usr/lib/python3/dist-packages/colcon_core/task/python/colcon_distutils_commands:/home/krist/sensor2_ws/install/sensor_fusion/lib/python3.10/site-packages:${PYTHONPATH} /usr/bin/python3 -W ignore:setup.py install is deprecated -W ignore:easy_install command is deprecated setup.py egg_info --egg-base ../../build/sensor_fusion build --build-base /home/krist/sensor2_ws/build/sensor_fusion/build install --record /home/krist/sensor2_ws/build/sensor_fusion/install.log --single-version-externally-managed install_data
[3.427s] DEBUG:colcon.colcon_core.event_handler.log_command:Invoked command in '/home/krist/sensor2_ws/src/sensor_fusion' returned '0': PYTHONPATH=/home/krist/sensor2_ws/build/sensor_fusion/prefix_override:/usr/lib/python3/dist-packages/colcon_core/task/python/colcon_distutils_commands:/home/krist/sensor2_ws/install/sensor_fusion/lib/python3.10/site-packages:${PYTHONPATH} /usr/bin/python3 -W ignore:setup.py install is deprecated -W ignore:easy_install command is deprecated setup.py egg_info --egg-base ../../build/sensor_fusion build --build-base /home/krist/sensor2_ws/build/sensor_fusion/build install --record /home/krist/sensor2_ws/build/sensor_fusion/install.log --single-version-externally-managed install_data
[3.436s] Level 1:colcon.colcon_core.environment:checking '/home/krist/sensor2_ws/install/sensor_fusion' for CMake module files
[3.437s] Level 1:colcon.colcon_core.environment:checking '/home/krist/sensor2_ws/install/sensor_fusion' for CMake config files
[3.440s] Level 1:colcon.colcon_core.environment:checking '/home/krist/sensor2_ws/install/sensor_fusion/lib'
[3.441s] Level 1:colcon.colcon_core.environment:checking '/home/krist/sensor2_ws/install/sensor_fusion/bin'
[3.441s] Level 1:colcon.colcon_core.environment:checking '/home/krist/sensor2_ws/install/sensor_fusion/lib/pkgconfig/sensor_fusion.pc'
[3.442s] Level 1:colcon.colcon_core.environment:checking '/home/krist/sensor2_ws/install/sensor_fusion/lib/python3.10/site-packages'
[3.443s] Level 1:colcon.colcon_core.shell:create_environment_hook('sensor_fusion', 'pythonpath')
[3.443s] INFO:colcon.colcon_core.shell:Creating environment hook '/home/krist/sensor2_ws/install/sensor_fusion/share/sensor_fusion/hook/pythonpath.ps1'
[3.446s] INFO:colcon.colcon_core.shell:Creating environment descriptor '/home/krist/sensor2_ws/install/sensor_fusion/share/sensor_fusion/hook/pythonpath.dsv'
[3.447s] INFO:colcon.colcon_core.shell:Creating environment hook '/home/krist/sensor2_ws/install/sensor_fusion/share/sensor_fusion/hook/pythonpath.sh'
[3.450s] Level 1:colcon.colcon_core.environment:checking '/home/krist/sensor2_ws/install/sensor_fusion/bin'
[3.451s] Level 1:colcon.colcon_core.environment:create_environment_scripts_only(sensor_fusion)
[3.453s] INFO:colcon.colcon_core.shell:Creating package script '/home/krist/sensor2_ws/install/sensor_fusion/share/sensor_fusion/package.ps1'
[3.456s] INFO:colcon.colcon_core.shell:Creating package descriptor '/home/krist/sensor2_ws/install/sensor_fusion/share/sensor_fusion/package.dsv'
[3.459s] INFO:colcon.colcon_core.shell:Creating package script '/home/krist/sensor2_ws/install/sensor_fusion/share/sensor_fusion/package.sh'
[3.462s] INFO:colcon.colcon_core.shell:Creating package script '/home/krist/sensor2_ws/install/sensor_fusion/share/sensor_fusion/package.bash'
[3.464s] INFO:colcon.colcon_core.shell:Creating package script '/home/krist/sensor2_ws/install/sensor_fusion/share/sensor_fusion/package.zsh'
[3.467s] Level 1:colcon.colcon_core.environment:create_file_with_runtime_dependencies(/home/krist/sensor2_ws/install/sensor_fusion/share/colcon-core/packages/sensor_fusion)
[3.470s] DEBUG:colcon.colcon_parallel_executor.executor.parallel:closing loop
[3.471s] DEBUG:colcon.colcon_parallel_executor.executor.parallel:loop closed
[3.471s] DEBUG:colcon.colcon_parallel_executor.executor.parallel:run_until_complete finished with '0'
[3.472s] DEBUG:colcon.colcon_core.event_reactor:joining thread
[3.534s] INFO:colcon.colcon_core.plugin_system:Skipping extension 'colcon_notification.desktop_notification.terminal_notifier': Not used on non-Darwin systems
[3.534s] INFO:colcon.colcon_core.plugin_system:Skipping extension 'colcon_notification.desktop_notification.win32': Not used on non-Windows systems
[3.535s] INFO:colcon.colcon_notification.desktop_notification:Sending desktop notification using 'notify2'
[3.582s] DEBUG:colcon.colcon_core.event_reactor:joined thread
[3.584s] INFO:colcon.colcon_core.shell:Creating prefix script '/home/krist/sensor2_ws/install/local_setup.ps1'
[3.589s] INFO:colcon.colcon_core.shell:Creating prefix util module '/home/krist/sensor2_ws/install/_local_setup_util_ps1.py'
[3.594s] INFO:colcon.colcon_core.shell:Creating prefix chain script '/home/krist/sensor2_ws/install/setup.ps1'
[3.597s] INFO:colcon.colcon_core.shell:Creating prefix script '/home/krist/sensor2_ws/install/local_setup.sh'
[3.599s] INFO:colcon.colcon_core.shell:Creating prefix util module '/home/krist/sensor2_ws/install/_local_setup_util_sh.py'
[3.600s] INFO:colcon.colcon_core.shell:Creating prefix chain script '/home/krist/sensor2_ws/install/setup.sh'
[3.606s] INFO:colcon.colcon_core.shell:Creating prefix script '/home/krist/sensor2_ws/install/local_setup.bash'
[3.608s] INFO:colcon.colcon_core.shell:Creating prefix chain script '/home/krist/sensor2_ws/install/setup.bash'
[3.614s] INFO:colcon.colcon_core.shell:Creating prefix script '/home/krist/sensor2_ws/install/local_setup.zsh'
[3.616s] INFO:colcon.colcon_core.shell:Creating prefix chain script '/home/krist/sensor2_ws/install/setup.zsh'
