[1.549s] Invoking command in '/home/krist/sensor_ws/src/camera_driver': PYTHONPATH=/home/krist/sensor_ws/build/camera_driver/prefix_override:/usr/lib/python3/dist-packages/colcon_core/task/python/colcon_distutils_commands:/home/krist/sensor_ws/install/camera_driver/lib/python3.10/site-packages:${PYTHONPATH} /usr/bin/python3 -W ignore:setup.py install is deprecated -W ignore:easy_install command is deprecated setup.py egg_info --egg-base ../../build/camera_driver build --build-base /home/krist/sensor_ws/build/camera_driver/build install --record /home/krist/sensor_ws/build/camera_driver/install.log --install-scripts $base/lib/camera_driver --single-version-externally-managed install_data
[1.856s] /home/krist/.local/lib/python3.10/site-packages/setuptools/dist.py:599: SetuptoolsDeprecationWarning: Invalid dash-separated key 'script-dir' in 'develop' (setup.cfg), please use the underscore name 'script_dir' instead.
[1.857s] !!
[1.857s] 
[1.857s]         ********************************************************************************
[1.857s]         Usage of dash-separated 'script-dir' will not be supported in future
[1.858s]         versions. Please use the underscore name 'script_dir' instead.
[1.858s] 
[1.858s]         This deprecation is overdue, please update your project and remove deprecated
[1.858s]         calls to avoid build errors in the future.
[1.858s] 
[1.859s]         See https://setuptools.pypa.io/en/latest/userguide/declarative_config.html for details.
[1.859s]         ********************************************************************************
[1.859s] 
[1.859s] !!
[1.859s]   opt = self._enforce_underscore(opt, section)
[1.894s] /home/krist/.local/lib/python3.10/site-packages/setuptools/_distutils/dist.py:289: UserWarning: Unknown distribution option: 'tests_require'
[1.894s]   warnings.warn(msg)
[1.964s] /home/krist/.local/lib/python3.10/site-packages/setuptools/dist.py:599: SetuptoolsDeprecationWarning: Invalid dash-separated key 'script-dir' in 'develop' (setup.cfg), please use the underscore name 'script_dir' instead.
[1.965s] !!
[1.965s] 
[1.965s]         ********************************************************************************
[1.966s]         Usage of dash-separated 'script-dir' will not be supported in future
[1.966s]         versions. Please use the underscore name 'script_dir' instead.
[1.966s]         (Affected: camera_driver).
[1.966s] 
[1.966s]         This deprecation is overdue, please update your project and remove deprecated
[1.967s]         calls to avoid build errors in the future.
[1.967s] 
[1.967s]         See https://setuptools.pypa.io/en/latest/userguide/declarative_config.html for details.
[1.967s]         ********************************************************************************
[1.967s] 
[1.968s] !!
[1.968s]   opt = self._enforce_underscore(opt, section)
[2.110s] running egg_info
[2.145s] writing ../../build/camera_driver/camera_driver.egg-info/PKG-INFO
[2.146s] writing dependency_links to ../../build/camera_driver/camera_driver.egg-info/dependency_links.txt
[2.146s] writing entry points to ../../build/camera_driver/camera_driver.egg-info/entry_points.txt
[2.146s] writing requirements to ../../build/camera_driver/camera_driver.egg-info/requires.txt
[2.147s] writing top-level names to ../../build/camera_driver/camera_driver.egg-info/top_level.txt
[2.220s] reading manifest file '../../build/camera_driver/camera_driver.egg-info/SOURCES.txt'
[2.223s] writing manifest file '../../build/camera_driver/camera_driver.egg-info/SOURCES.txt'
[2.223s] running build
[2.224s] running build_py
[2.224s] copying camera_driver/gst_node.py -> /home/krist/sensor_ws/build/camera_driver/build/lib/camera_driver
[2.224s] copying camera_driver/__init__.py -> /home/krist/sensor_ws/build/camera_driver/build/lib/camera_driver
[2.225s] running install
[2.234s] running install_lib
[2.271s] copying /home/krist/sensor_ws/build/camera_driver/build/lib/camera_driver/gst_node.py -> /home/krist/sensor_ws/install/camera_driver/lib/python3.10/site-packages/camera_driver
[2.272s] byte-compiling /home/krist/sensor_ws/install/camera_driver/lib/python3.10/site-packages/camera_driver/gst_node.py to gst_node.cpython-310.pyc
[2.275s] running install_data
[2.276s] copying resource/camera_driver -> /home/krist/sensor_ws/install/camera_driver/share/ament_index/resource_index/packages
[2.276s] copying package.xml -> /home/krist/sensor_ws/install/camera_driver/share/camera_driver
[2.277s] copying launch/camera_launch.py -> /home/krist/sensor_ws/install/camera_driver/share/camera_driver/launch
[2.278s] copying weights/rgb_best.pt -> /home/krist/sensor_ws/install/camera_driver/share/camera_driver/weights
[2.362s] copying weights/thermal_best.pt -> /home/krist/sensor_ws/install/camera_driver/share/camera_driver/weights
[2.438s] running install_egg_info
[2.478s] removing '/home/krist/sensor_ws/install/camera_driver/lib/python3.10/site-packages/camera_driver-0.0.0-py3.10.egg-info' (and everything under it)
[2.478s] Copying ../../build/camera_driver/camera_driver.egg-info to /home/krist/sensor_ws/install/camera_driver/lib/python3.10/site-packages/camera_driver-0.0.0-py3.10.egg-info
[2.480s] running install_scripts
[2.755s] Installing gst_node script to /home/krist/sensor_ws/install/camera_driver/lib/camera_driver
[2.756s] writing list of installed files to '/home/krist/sensor_ws/build/camera_driver/install.log'
[2.829s] Invoked command in '/home/krist/sensor_ws/src/camera_driver' returned '0': PYTHONPATH=/home/krist/sensor_ws/build/camera_driver/prefix_override:/usr/lib/python3/dist-packages/colcon_core/task/python/colcon_distutils_commands:/home/krist/sensor_ws/install/camera_driver/lib/python3.10/site-packages:${PYTHONPATH} /usr/bin/python3 -W ignore:setup.py install is deprecated -W ignore:easy_install command is deprecated setup.py egg_info --egg-base ../../build/camera_driver build --build-base /home/krist/sensor_ws/build/camera_driver/build install --record /home/krist/sensor_ws/build/camera_driver/install.log --install-scripts $base/lib/camera_driver --single-version-externally-managed install_data
