/home/krist/.local/lib/python3.10/site-packages/setuptools/_distutils/dist.py:289: UserWarning: Unknown distribution option: 'tests_require'
  warnings.warn(msg)
running egg_info
creating ../../build/sensor_fusion/sensor_fusion.egg-info
writing ../../build/sensor_fusion/sensor_fusion.egg-info/PKG-INFO
writing dependency_links to ../../build/sensor_fusion/sensor_fusion.egg-info/dependency_links.txt
writing entry points to ../../build/sensor_fusion/sensor_fusion.egg-info/entry_points.txt
writing requirements to ../../build/sensor_fusion/sensor_fusion.egg-info/requires.txt
writing top-level names to ../../build/sensor_fusion/sensor_fusion.egg-info/top_level.txt
writing manifest file '../../build/sensor_fusion/sensor_fusion.egg-info/SOURCES.txt'
reading manifest file '../../build/sensor_fusion/sensor_fusion.egg-info/SOURCES.txt'
writing manifest file '../../build/sensor_fusion/sensor_fusion.egg-info/SOURCES.txt'
running build
running build_py
creating /home/krist/sensor2_ws/build/sensor_fusion/build/lib/sensor_fusion
copying sensor_fusion/fusion_visualizer.py -> /home/krist/sensor2_ws/build/sensor_fusion/build/lib/sensor_fusion
copying sensor_fusion/__init__.py -> /home/krist/sensor2_ws/build/sensor_fusion/build/lib/sensor_fusion
running install
running install_lib
creating /home/krist/sensor2_ws/install/sensor_fusion/lib/python3.10/site-packages/sensor_fusion
copying /home/krist/sensor2_ws/build/sensor_fusion/build/lib/sensor_fusion/fusion_visualizer.py -> /home/krist/sensor2_ws/install/sensor_fusion/lib/python3.10/site-packages/sensor_fusion
copying /home/krist/sensor2_ws/build/sensor_fusion/build/lib/sensor_fusion/__init__.py -> /home/krist/sensor2_ws/install/sensor_fusion/lib/python3.10/site-packages/sensor_fusion
byte-compiling /home/krist/sensor2_ws/install/sensor_fusion/lib/python3.10/site-packages/sensor_fusion/fusion_visualizer.py to fusion_visualizer.cpython-310.pyc
byte-compiling /home/krist/sensor2_ws/install/sensor_fusion/lib/python3.10/site-packages/sensor_fusion/__init__.py to __init__.cpython-310.pyc
running install_data
creating /home/krist/sensor2_ws/install/sensor_fusion/share/ament_index/resource_index/packages
error: can't copy 'resource/sensor_fusion': doesn't exist or not a regular file
