[2.370s] Invoking command in '/home/krist/sensor2_ws/src/sensor_fusion': PYTHONPATH=/home/krist/sensor2_ws/build/sensor_fusion/prefix_override:/usr/lib/python3/dist-packages/colcon_core/task/python/colcon_distutils_commands:/home/krist/sensor2_ws/install/sensor_fusion/lib/python3.10/site-packages:${PYTHONPATH} /usr/bin/python3 -W ignore:setup.py install is deprecated -W ignore:easy_install command is deprecated setup.py egg_info --egg-base ../../build/sensor_fusion build --build-base /home/krist/sensor2_ws/build/sensor_fusion/build install --record /home/krist/sensor2_ws/build/sensor_fusion/install.log --single-version-externally-managed install_data
[2.727s] /home/krist/.local/lib/python3.10/site-packages/setuptools/_distutils/dist.py:289: UserWarning: Unknown distribution option: 'tests_require'
[2.727s]   warnings.warn(msg)
[2.961s] running egg_info
[2.999s] creating ../../build/sensor_fusion/sensor_fusion.egg-info
[3.000s] writing ../../build/sensor_fusion/sensor_fusion.egg-info/PKG-INFO
[3.001s] writing dependency_links to ../../build/sensor_fusion/sensor_fusion.egg-info/dependency_links.txt
[3.002s] writing entry points to ../../build/sensor_fusion/sensor_fusion.egg-info/entry_points.txt
[3.002s] writing requirements to ../../build/sensor_fusion/sensor_fusion.egg-info/requires.txt
[3.002s] writing top-level names to ../../build/sensor_fusion/sensor_fusion.egg-info/top_level.txt
[3.002s] writing manifest file '../../build/sensor_fusion/sensor_fusion.egg-info/SOURCES.txt'
[3.083s] reading manifest file '../../build/sensor_fusion/sensor_fusion.egg-info/SOURCES.txt'
[3.085s] writing manifest file '../../build/sensor_fusion/sensor_fusion.egg-info/SOURCES.txt'
[3.085s] running build
[3.086s] running build_py
[3.086s] creating /home/krist/sensor2_ws/build/sensor_fusion/build/lib/sensor_fusion
[3.087s] copying sensor_fusion/fusion_visualizer.py -> /home/krist/sensor2_ws/build/sensor_fusion/build/lib/sensor_fusion
[3.087s] copying sensor_fusion/__init__.py -> /home/krist/sensor2_ws/build/sensor_fusion/build/lib/sensor_fusion
[3.087s] running install
[3.096s] running install_lib
[3.136s] creating /home/krist/sensor2_ws/install/sensor_fusion/lib/python3.10/site-packages/sensor_fusion
[3.136s] copying /home/krist/sensor2_ws/build/sensor_fusion/build/lib/sensor_fusion/fusion_visualizer.py -> /home/krist/sensor2_ws/install/sensor_fusion/lib/python3.10/site-packages/sensor_fusion
[3.137s] copying /home/krist/sensor2_ws/build/sensor_fusion/build/lib/sensor_fusion/__init__.py -> /home/krist/sensor2_ws/install/sensor_fusion/lib/python3.10/site-packages/sensor_fusion
[3.138s] byte-compiling /home/krist/sensor2_ws/install/sensor_fusion/lib/python3.10/site-packages/sensor_fusion/fusion_visualizer.py to fusion_visualizer.cpython-310.pyc
[3.139s] byte-compiling /home/krist/sensor2_ws/install/sensor_fusion/lib/python3.10/site-packages/sensor_fusion/__init__.py to __init__.cpython-310.pyc
[3.140s] running install_data
[3.140s] creating /home/krist/sensor2_ws/install/sensor_fusion/share/ament_index/resource_index/packages
[3.141s] error: can't copy 'resource/sensor_fusion': doesn't exist or not a regular file
[3.201s] Invoked command in '/home/krist/sensor2_ws/src/sensor_fusion' returned '1': PYTHONPATH=/home/krist/sensor2_ws/build/sensor_fusion/prefix_override:/usr/lib/python3/dist-packages/colcon_core/task/python/colcon_distutils_commands:/home/krist/sensor2_ws/install/sensor_fusion/lib/python3.10/site-packages:${PYTHONPATH} /usr/bin/python3 -W ignore:setup.py install is deprecated -W ignore:easy_install command is deprecated setup.py egg_info --egg-base ../../build/sensor_fusion build --build-base /home/krist/sensor2_ws/build/sensor_fusion/build install --record /home/krist/sensor2_ws/build/sensor_fusion/install.log --single-version-externally-managed install_data
